This file contains any messages produced by compilers while
running configure, to aid debugging if configure makes a mistake.

It was created by configure, which was
generated by GNU Autoconf 2.57.  Invocation command line was

  $ ./configure 

## --------- ##
## Platform. ##
## --------- ##

hostname = solo-Linux
uname -m = i686
uname -r = 2.6.15-26-686
uname -s = Linux
uname -v = #1 SMP PREEMPT Fri Jul 7 19:48:22 UTC 2006

/usr/bin/uname -p = unknown
/bin/uname -X     = unknown

/bin/arch              = i686
/usr/bin/arch -k       = unknown
/usr/convex/getsysinfo = unknown
hostinfo               = unknown
/bin/machine           = unknown
/usr/bin/oslevel       = unknown
/bin/universe          = unknown

PATH: /opt/mvl/tools/arm-linux-gnu/bin
PATH: /opt/mvl/tools/arm-linux-gnu/lib
PATH: /usr/local/sbin
PATH: /usr/local/bin
PATH: /usr/sbin
PATH: /usr/bin
PATH: /sbin
PATH: /bin
PATH: /usr/bin/X11
PATH: /usr/games


## ----------- ##
## Core tests. ##
## ----------- ##

configure:1330: checking for a BSD-compatible install
configure:1384: result: /usr/bin/install -c
configure:1395: checking whether build environment is sane
configure:1438: result: yes
configure:1471: checking for gawk
configure:1500: result: no
configure:1471: checking for mawk
configure:1487: found /usr/bin/mawk
configure:1497: result: mawk
configure:1507: checking whether make sets $(MAKE)
configure:1527: result: yes
configure:1685: checking build system type
configure:1703: result: i686-pc-linux-gnu
configure:1711: checking host system type
configure:1725: result: i686-pc-linux-gnu
configure:1792: checking for gcc
configure:1808: found /usr/bin/gcc
configure:1818: result: gcc
configure:2062: checking for C compiler version
configure:2065: gcc --version </dev/null >&5
gcc (GCC) 4.0.3 (Ubuntu 4.0.3-1ubuntu5)
Copyright (C) 2006 Free Software Foundation, Inc.
This is free software; see the source for copying conditions.  There is NO
warranty; not even for MERCHANTABILITY or FITNESS FOR A PARTICULAR PURPOSE.

configure:2068: $? = 0
configure:2070: gcc -v </dev/null >&5
Using built-in specs.
Target: i486-linux-gnu
Configured with: ../src/configure -v --enable-languages=c,c++,java,f95,objc,ada,treelang --prefix=/usr --enable-shared --with-system-zlib --libexecdir=/usr/lib --without-included-gettext --enable-threads=posix --enable-nls --program-suffix=-4.0 --enable-__cxa_atexit --enable-clocale=gnu --enable-libstdcxx-debug --enable-java-awt=gtk-default --enable-gtk-cairo --with-java-home=/usr/lib/jvm/java-1.4.2-gcj-4.0-1.4.2.0/jre --enable-mpfr --disable-werror --with-tune=pentium4 --enable-checking=release i486-linux-gnu
Thread model: posix
gcc version 4.0.3 (Ubuntu 4.0.3-1ubuntu5)
configure:2073: $? = 0
configure:2075: gcc -V </dev/null >&5
gcc: '-V' option must have argument
configure:2078: $? = 1
configure:2102: checking for C compiler default output
configure:2105: gcc    conftest.c  >&5
configure:2108: $? = 0
configure:2154: result: a.out
configure:2159: checking whether the C compiler works
configure:2165: ./a.out
configure:2168: $? = 0
configure:2185: result: yes
configure:2192: checking whether we are cross compiling
configure:2194: result: no
configure:2197: checking for suffix of executables
configure:2199: gcc -o conftest    conftest.c  >&5
configure:2202: $? = 0
configure:2227: result: 
configure:2233: checking for suffix of object files
configure:2255: gcc -c   conftest.c >&5
configure:2258: $? = 0
configure:2280: result: o
configure:2284: checking whether we are using the GNU C compiler
configure:2309: gcc -c   conftest.c >&5
configure:2312: $? = 0
configure:2315: test -s conftest.o
configure:2318: $? = 0
configure:2331: result: yes
configure:2337: checking whether gcc accepts -g
configure:2359: gcc -c -g  conftest.c >&5
configure:2362: $? = 0
configure:2365: test -s conftest.o
configure:2368: $? = 0
configure:2379: result: yes
configure:2396: checking for gcc option to accept ANSI C
configure:2457: gcc  -c -g -O2  conftest.c >&5
configure:2460: $? = 0
configure:2463: test -s conftest.o
configure:2466: $? = 0
configure:2484: result: none needed
configure:2502: gcc -c -g -O2  conftest.c >&5
conftest.c:2: error: syntax error before 'me'
configure:2505: $? = 1
configure: failed program was:
| #ifndef __cplusplus
|   choke me
| #endif
configure:2633: checking for style of include used by make
configure:2661: result: GNU
configure:2689: checking dependency style of gcc
configure:2751: result: gcc3
configure:2766: checking how to run the C preprocessor
configure:2802: gcc -E  conftest.c
configure:2808: $? = 0
configure:2840: gcc -E  conftest.c
configure:2841:28: error: ac_nonexistent.h: No such file or directory
configure:2846: $? = 1
configure: failed program was:
| #line 2831 "configure"
| /* confdefs.h.  */
| 
| #define PACKAGE_NAME ""
| #define PACKAGE_TARNAME ""
| #define PACKAGE_VERSION ""
| #define PACKAGE_STRING ""
| #define PACKAGE_BUGREPORT ""
| #define PACKAGE "zebra"
| #define VERSION "0.94"
| /* end confdefs.h.  */
| #include <ac_nonexistent.h>
configure:2884: result: gcc -E
configure:2909: gcc -E  conftest.c
configure:2915: $? = 0
configure:2947: gcc -E  conftest.c
configure:2948:28: error: ac_nonexistent.h: No such file or directory
configure:2953: $? = 1
configure: failed program was:
| #line 2938 "configure"
| /* confdefs.h.  */
| 
| #define PACKAGE_NAME ""
| #define PACKAGE_TARNAME ""
| #define PACKAGE_VERSION ""
| #define PACKAGE_STRING ""
| #define PACKAGE_BUGREPORT ""
| #define PACKAGE "zebra"
| #define VERSION "0.94"
| /* end confdefs.h.  */
| #include <ac_nonexistent.h>
configure:3007: checking for a BSD-compatible install
configure:3061: result: /usr/bin/install -c
configure:3072: checking whether make sets $(MAKE)
configure:3092: result: yes
configure:3142: checking for ar
configure:3158: found /usr/bin/ar
configure:3168: result: ar
configure:3221: checking for ranlib
configure:3237: found /usr/bin/ranlib
configure:3248: result: ranlib
configure:3263: checking for egrep
configure:3273: result: grep -E
configure:3279: checking for AIX
configure:3302: result: no
configure:3472: checking for ANSI C header files
configure:3498: gcc -c -g -O2 -Wall  conftest.c >&5
configure:3501: $? = 0
configure:3504: test -s conftest.o
configure:3507: $? = 0
configure:3599: gcc -o conftest -g -O2 -Wall   conftest.c  >&5
configure: In function 'main':
configure:3594: warning: implicit declaration of function 'exit'
configure:3594: warning: incompatible implicit declaration of built-in function 'exit'
configure:3602: $? = 0
configure:3604: ./conftest
configure:3607: $? = 0
configure:3622: result: yes
configure:3646: checking for sys/types.h
configure:3663: gcc -c -g -O2 -Wall  conftest.c >&5
configure:3666: $? = 0
configure:3669: test -s conftest.o
configure:3672: $? = 0
configure:3683: result: yes
configure:3646: checking for sys/stat.h
configure:3663: gcc -c -g -O2 -Wall  conftest.c >&5
configure:3666: $? = 0
configure:3669: test -s conftest.o
configure:3672: $? = 0
configure:3683: result: yes
configure:3646: checking for stdlib.h
configure:3663: gcc -c -g -O2 -Wall  conftest.c >&5
configure:3666: $? = 0
configure:3669: test -s conftest.o
configure:3672: $? = 0
configure:3683: result: yes
configure:3646: checking for string.h
configure:3663: gcc -c -g -O2 -Wall  conftest.c >&5
configure:3666: $? = 0
configure:3669: test -s conftest.o
configure:3672: $? = 0
configure:3683: result: yes
configure:3646: checking for memory.h
configure:3663: gcc -c -g -O2 -Wall  conftest.c >&5
configure:3666: $? = 0
configure:3669: test -s conftest.o
configure:3672: $? = 0
configure:3683: result: yes
configure:3646: checking for strings.h
configure:3663: gcc -c -g -O2 -Wall  conftest.c >&5
configure:3666: $? = 0
configure:3669: test -s conftest.o
configure:3672: $? = 0
configure:3683: result: yes
configure:3646: checking for inttypes.h
configure:3663: gcc -c -g -O2 -Wall  conftest.c >&5
configure:3666: $? = 0
configure:3669: test -s conftest.o
configure:3672: $? = 0
configure:3683: result: yes
configure:3646: checking for stdint.h
configure:3663: gcc -c -g -O2 -Wall  conftest.c >&5
configure:3666: $? = 0
configure:3669: test -s conftest.o
configure:3672: $? = 0
configure:3683: result: yes
configure:3646: checking for unistd.h
configure:3663: gcc -c -g -O2 -Wall  conftest.c >&5
configure:3666: $? = 0
configure:3669: test -s conftest.o
configure:3672: $? = 0
configure:3683: result: yes
configure:3724: checking for string.h
configure:3729: result: yes
configure:3733: checking stropts.h usability
configure:3746: gcc -c -g -O2 -Wall  conftest.c >&5
configure:3749: $? = 0
configure:3752: test -s conftest.o
configure:3755: $? = 0
configure:3765: result: yes
configure:3769: checking stropts.h presence
configure:3780: gcc -E  conftest.c
configure:3786: $? = 0
configure:3805: result: yes
configure:3841: checking for stropts.h
configure:3848: result: yes
configure:3733: checking sys/conf.h usability
configure:3746: gcc -c -g -O2 -Wall  conftest.c >&5
configure:3791:22: error: sys/conf.h: No such file or directory
configure:3749: $? = 1
configure: failed program was:
| #line 3735 "configure"
| /* confdefs.h.  */
| 
| #define PACKAGE_NAME ""
| #define PACKAGE_TARNAME ""
| #define PACKAGE_VERSION ""
| #define PACKAGE_STRING ""
| #define PACKAGE_BUGREPORT ""
| #define PACKAGE "zebra"
| #define VERSION "0.94"
| #define STDC_HEADERS 1
| #define HAVE_SYS_TYPES_H 1
| #define HAVE_SYS_STAT_H 1
| #define HAVE_STDLIB_H 1
| #define HAVE_STRING_H 1
| #define HAVE_MEMORY_H 1
| #define HAVE_STRINGS_H 1
| #define HAVE_INTTYPES_H 1
| #define HAVE_STDINT_H 1
| #define HAVE_UNISTD_H 1
| #define HAVE_STRING_H 1
| #define HAVE_STROPTS_H 1
| /* end confdefs.h.  */
| #include <stdio.h>
| #if HAVE_SYS_TYPES_H
| # include <sys/types.h>
| #endif
| #if HAVE_SYS_STAT_H
| # include <sys/stat.h>
| #endif
| #if STDC_HEADERS
| # include <stdlib.h>
| # include <stddef.h>
| #else
| # if HAVE_STDLIB_H
| #  include <stdlib.h>
| # endif
| #endif
| #if HAVE_STRING_H
| # if !STDC_HEADERS && HAVE_MEMORY_H
| #  include <memory.h>
| # endif
| # include <string.h>
| #endif
| #if HAVE_STRINGS_H
| # include <strings.h>
| #endif
| #if HAVE_INTTYPES_H
| # include <inttypes.h>
| #else
| # if HAVE_STDINT_H
| #  include <stdint.h>
| # endif
| #endif
| #if HAVE_UNISTD_H
| # include <unistd.h>
| #endif
| #include <sys/conf.h>
configure:3765: result: no
configure:3769: checking sys/conf.h presence
configure:3780: gcc -E  conftest.c
configure:3793:22: error: sys/conf.h: No such file or directory
configure:3786: $? = 1
configure: failed program was:
| #line 3771 "configure"
| /* confdefs.h.  */
| 
| #define PACKAGE_NAME ""
| #define PACKAGE_TARNAME ""
| #define PACKAGE_VERSION ""
| #define PACKAGE_STRING ""
| #define PACKAGE_BUGREPORT ""
| #define PACKAGE "zebra"
| #define VERSION "0.94"
| #define STDC_HEADERS 1
| #define HAVE_SYS_TYPES_H 1
| #define HAVE_SYS_STAT_H 1
| #define HAVE_STDLIB_H 1
| #define HAVE_STRING_H 1
| #define HAVE_MEMORY_H 1
| #define HAVE_STRINGS_H 1
| #define HAVE_INTTYPES_H 1
| #define HAVE_STDINT_H 1
| #define HAVE_UNISTD_H 1
| #define HAVE_STRING_H 1
| #define HAVE_STROPTS_H 1
| /* end confdefs.h.  */
| #include <sys/conf.h>
configure:3805: result: no
configure:3841: checking for sys/conf.h
configure:3848: result: no
configure:3733: checking sys/ksym.h usability
configure:3746: gcc -c -g -O2 -Wall  conftest.c >&5
configure:3791:22: error: sys/ksym.h: No such file or directory
configure:3749: $? = 1
configure: failed program was:
| #line 3735 "configure"
| /* confdefs.h.  */
| 
| #define PACKAGE_NAME ""
| #define PACKAGE_TARNAME ""
| #define PACKAGE_VERSION ""
| #define PACKAGE_STRING ""
| #define PACKAGE_BUGREPORT ""
| #define PACKAGE "zebra"
| #define VERSION "0.94"
| #define STDC_HEADERS 1
| #define HAVE_SYS_TYPES_H 1
| #define HAVE_SYS_STAT_H 1
| #define HAVE_STDLIB_H 1
| #define HAVE_STRING_H 1
| #define HAVE_MEMORY_H 1
| #define HAVE_STRINGS_H 1
| #define HAVE_INTTYPES_H 1
| #define HAVE_STDINT_H 1
| #define HAVE_UNISTD_H 1
| #define HAVE_STRING_H 1
| #define HAVE_STROPTS_H 1
| /* end confdefs.h.  */
| #include <stdio.h>
| #if HAVE_SYS_TYPES_H
| # include <sys/types.h>
| #endif
| #if HAVE_SYS_STAT_H
| # include <sys/stat.h>
| #endif
| #if STDC_HEADERS
| # include <stdlib.h>
| # include <stddef.h>
| #else
| # if HAVE_STDLIB_H
| #  include <stdlib.h>
| # endif
| #endif
| #if HAVE_STRING_H
| # if !STDC_HEADERS && HAVE_MEMORY_H
| #  include <memory.h>
| # endif
| # include <string.h>
| #endif
| #if HAVE_STRINGS_H
| # include <strings.h>
| #endif
| #if HAVE_INTTYPES_H
| # include <inttypes.h>
| #else
| # if HAVE_STDINT_H
| #  include <stdint.h>
| # endif
| #endif
| #if HAVE_UNISTD_H
| # include <unistd.h>
| #endif
| #include <sys/ksym.h>
configure:3765: result: no
configure:3769: checking sys/ksym.h presence
configure:3780: gcc -E  conftest.c
configure:3793:22: error: sys/ksym.h: No such file or directory
configure:3786: $? = 1
configure: failed program was:
| #line 3771 "configure"
| /* confdefs.h.  */
| 
| #define PACKAGE_NAME ""
| #define PACKAGE_TARNAME ""
| #define PACKAGE_VERSION ""
| #define PACKAGE_STRING ""
| #define PACKAGE_BUGREPORT ""
| #define PACKAGE "zebra"
| #define VERSION "0.94"
| #define STDC_HEADERS 1
| #define HAVE_SYS_TYPES_H 1
| #define HAVE_SYS_STAT_H 1
| #define HAVE_STDLIB_H 1
| #define HAVE_STRING_H 1
| #define HAVE_MEMORY_H 1
| #define HAVE_STRINGS_H 1
| #define HAVE_INTTYPES_H 1
| #define HAVE_STDINT_H 1
| #define HAVE_UNISTD_H 1
| #define HAVE_STRING_H 1
| #define HAVE_STROPTS_H 1
| /* end confdefs.h.  */
| #include <sys/ksym.h>
configure:3805: result: no
configure:3841: checking for sys/ksym.h
configure:3848: result: no
configure:3733: checking sys/time.h usability
configure:3746: gcc -c -g -O2 -Wall  conftest.c >&5
configure:3749: $? = 0
configure:3752: test -s conftest.o
configure:3755: $? = 0
configure:3765: result: yes
configure:3769: checking sys/time.h presence
configure:3780: gcc -E  conftest.c
configure:3786: $? = 0
configure:3805: result: yes
configure:3841: checking for sys/time.h
configure:3848: result: yes
configure:3733: checking sys/times.h usability
configure:3746: gcc -c -g -O2 -Wall  conftest.c >&5
configure:3749: $? = 0
configure:3752: test -s conftest.o
configure:3755: $? = 0
configure:3765: result: yes
configure:3769: checking sys/times.h presence
configure:3780: gcc -E  conftest.c
configure:3786: $? = 0
configure:3805: result: yes
configure:3841: checking for sys/times.h
configure:3848: result: yes
configure:3733: checking sys/select.h usability
configure:3746: gcc -c -g -O2 -Wall  conftest.c >&5
configure:3749: $? = 0
configure:3752: test -s conftest.o
configure:3755: $? = 0
configure:3765: result: yes
configure:3769: checking sys/select.h presence
configure:3780: gcc -E  conftest.c
configure:3786: $? = 0
configure:3805: result: yes
configure:3841: checking for sys/select.h
configure:3848: result: yes
configure:3733: checking sys/sysctl.h usability
configure:3746: gcc -c -g -O2 -Wall  conftest.c >&5
configure:3749: $? = 0
configure:3752: test -s conftest.o
configure:3755: $? = 0
configure:3765: result: yes
configure:3769: checking sys/sysctl.h presence
configure:3780: gcc -E  conftest.c
configure:3786: $? = 0
configure:3805: result: yes
configure:3841: checking for sys/sysctl.h
configure:3848: result: yes
configure:3733: checking sys/sockio.h usability
configure:3746: gcc -c -g -O2 -Wall  conftest.c >&5
configure:3795:24: error: sys/sockio.h: No such file or directory
configure:3749: $? = 1
configure: failed program was:
| #line 3735 "configure"
| /* confdefs.h.  */
| 
| #define PACKAGE_NAME ""
| #define PACKAGE_TARNAME ""
| #define PACKAGE_VERSION ""
| #define PACKAGE_STRING ""
| #define PACKAGE_BUGREPORT ""
| #define PACKAGE "zebra"
| #define VERSION "0.94"
| #define STDC_HEADERS 1
| #define HAVE_SYS_TYPES_H 1
| #define HAVE_SYS_STAT_H 1
| #define HAVE_STDLIB_H 1
| #define HAVE_STRING_H 1
| #define HAVE_MEMORY_H 1
| #define HAVE_STRINGS_H 1
| #define HAVE_INTTYPES_H 1
| #define HAVE_STDINT_H 1
| #define HAVE_UNISTD_H 1
| #define HAVE_STRING_H 1
| #define HAVE_STROPTS_H 1
| #define HAVE_SYS_TIME_H 1
| #define HAVE_SYS_TIMES_H 1
| #define HAVE_SYS_SELECT_H 1
| #define HAVE_SYS_SYSCTL_H 1
| /* end confdefs.h.  */
| #include <stdio.h>
| #if HAVE_SYS_TYPES_H
| # include <sys/types.h>
| #endif
| #if HAVE_SYS_STAT_H
| # include <sys/stat.h>
| #endif
| #if STDC_HEADERS
| # include <stdlib.h>
| # include <stddef.h>
| #else
| # if HAVE_STDLIB_H
| #  include <stdlib.h>
| # endif
| #endif
| #if HAVE_STRING_H
| # if !STDC_HEADERS && HAVE_MEMORY_H
| #  include <memory.h>
| # endif
| # include <string.h>
| #endif
| #if HAVE_STRINGS_H
| # include <strings.h>
| #endif
| #if HAVE_INTTYPES_H
| # include <inttypes.h>
| #else
| # if HAVE_STDINT_H
| #  include <stdint.h>
| # endif
| #endif
| #if HAVE_UNISTD_H
| # include <unistd.h>
| #endif
| #include <sys/sockio.h>
configure:3765: result: no
configure:3769: checking sys/sockio.h presence
configure:3780: gcc -E  conftest.c
configure:3797:24: error: sys/sockio.h: No such file or directory
configure:3786: $? = 1
configure: failed program was:
| #line 3771 "configure"
| /* confdefs.h.  */
| 
| #define PACKAGE_NAME ""
| #define PACKAGE_TARNAME ""
| #define PACKAGE_VERSION ""
| #define PACKAGE_STRING ""
| #define PACKAGE_BUGREPORT ""
| #define PACKAGE "zebra"
| #define VERSION "0.94"
| #define STDC_HEADERS 1
| #define HAVE_SYS_TYPES_H 1
| #define HAVE_SYS_STAT_H 1
| #define HAVE_STDLIB_H 1
| #define HAVE_STRING_H 1
| #define HAVE_MEMORY_H 1
| #define HAVE_STRINGS_H 1
| #define HAVE_INTTYPES_H 1
| #define HAVE_STDINT_H 1
| #define HAVE_UNISTD_H 1
| #define HAVE_STRING_H 1
| #define HAVE_STROPTS_H 1
| #define HAVE_SYS_TIME_H 1
| #define HAVE_SYS_TIMES_H 1
| #define HAVE_SYS_SELECT_H 1
| #define HAVE_SYS_SYSCTL_H 1
| /* end confdefs.h.  */
| #include <sys/sockio.h>
configure:3805: result: no
configure:3841: checking for sys/sockio.h
configure:3848: result: no
configure:3724: checking for sys/types.h
configure:3729: result: yes
configure:3733: checking net/if_dl.h usability
configure:3746: gcc -c -g -O2 -Wall  conftest.c >&5
configure:3796:23: error: net/if_dl.h: No such file or directory
configure:3749: $? = 1
configure: failed program was:
| #line 3735 "configure"
| /* confdefs.h.  */
| 
| #define PACKAGE_NAME ""
| #define PACKAGE_TARNAME ""
| #define PACKAGE_VERSION ""
| #define PACKAGE_STRING ""
| #define PACKAGE_BUGREPORT ""
| #define PACKAGE "zebra"
| #define VERSION "0.94"
| #define STDC_HEADERS 1
| #define HAVE_SYS_TYPES_H 1
| #define HAVE_SYS_STAT_H 1
| #define HAVE_STDLIB_H 1
| #define HAVE_STRING_H 1
| #define HAVE_MEMORY_H 1
| #define HAVE_STRINGS_H 1
| #define HAVE_INTTYPES_H 1
| #define HAVE_STDINT_H 1
| #define HAVE_UNISTD_H 1
| #define HAVE_STRING_H 1
| #define HAVE_STROPTS_H 1
| #define HAVE_SYS_TIME_H 1
| #define HAVE_SYS_TIMES_H 1
| #define HAVE_SYS_SELECT_H 1
| #define HAVE_SYS_SYSCTL_H 1
| #define HAVE_SYS_TYPES_H 1
| /* end confdefs.h.  */
| #include <stdio.h>
| #if HAVE_SYS_TYPES_H
| # include <sys/types.h>
| #endif
| #if HAVE_SYS_STAT_H
| # include <sys/stat.h>
| #endif
| #if STDC_HEADERS
| # include <stdlib.h>
| # include <stddef.h>
| #else
| # if HAVE_STDLIB_H
| #  include <stdlib.h>
| # endif
| #endif
| #if HAVE_STRING_H
| # if !STDC_HEADERS && HAVE_MEMORY_H
| #  include <memory.h>
| # endif
| # include <string.h>
| #endif
| #if HAVE_STRINGS_H
| # include <strings.h>
| #endif
| #if HAVE_INTTYPES_H
| # include <inttypes.h>
| #else
| # if HAVE_STDINT_H
| #  include <stdint.h>
| # endif
| #endif
| #if HAVE_UNISTD_H
| # include <unistd.h>
| #endif
| #include <net/if_dl.h>
configure:3765: result: no
configure:3769: checking net/if_dl.h presence
configure:3780: gcc -E  conftest.c
configure:3798:23: error: net/if_dl.h: No such file or directory
configure:3786: $? = 1
configure: failed program was:
| #line 3771 "configure"
| /* confdefs.h.  */
| 
| #define PACKAGE_NAME ""
| #define PACKAGE_TARNAME ""
| #define PACKAGE_VERSION ""
| #define PACKAGE_STRING ""
| #define PACKAGE_BUGREPORT ""
| #define PACKAGE "zebra"
| #define VERSION "0.94"
| #define STDC_HEADERS 1
| #define HAVE_SYS_TYPES_H 1
| #define HAVE_SYS_STAT_H 1
| #define HAVE_STDLIB_H 1
| #define HAVE_STRING_H 1
| #define HAVE_MEMORY_H 1
| #define HAVE_STRINGS_H 1
| #define HAVE_INTTYPES_H 1
| #define HAVE_STDINT_H 1
| #define HAVE_UNISTD_H 1
| #define HAVE_STRING_H 1
| #define HAVE_STROPTS_H 1
| #define HAVE_SYS_TIME_H 1
| #define HAVE_SYS_TIMES_H 1
| #define HAVE_SYS_SELECT_H 1
| #define HAVE_SYS_SYSCTL_H 1
| #define HAVE_SYS_TYPES_H 1
| /* end confdefs.h.  */
| #include <net/if_dl.h>
configure:3805: result: no
configure:3841: checking for net/if_dl.h
configure:3848: result: no
configure:3733: checking net/if_var.h usability
configure:3746: gcc -c -g -O2 -Wall  conftest.c >&5
configure:3796:24: error: net/if_var.h: No such file or directory
configure:3749: $? = 1
configure: failed program was:
| #line 3735 "configure"
| /* confdefs.h.  */
| 
| #define PACKAGE_NAME ""
| #define PACKAGE_TARNAME ""
| #define PACKAGE_VERSION ""
| #define PACKAGE_STRING ""
| #define PACKAGE_BUGREPORT ""
| #define PACKAGE "zebra"
| #define VERSION "0.94"
| #define STDC_HEADERS 1
| #define HAVE_SYS_TYPES_H 1
| #define HAVE_SYS_STAT_H 1
| #define HAVE_STDLIB_H 1
| #define HAVE_STRING_H 1
| #define HAVE_MEMORY_H 1
| #define HAVE_STRINGS_H 1
| #define HAVE_INTTYPES_H 1
| #define HAVE_STDINT_H 1
| #define HAVE_UNISTD_H 1
| #define HAVE_STRING_H 1
| #define HAVE_STROPTS_H 1
| #define HAVE_SYS_TIME_H 1
| #define HAVE_SYS_TIMES_H 1
| #define HAVE_SYS_SELECT_H 1
| #define HAVE_SYS_SYSCTL_H 1
| #define HAVE_SYS_TYPES_H 1
| /* end confdefs.h.  */
| #include <stdio.h>
| #if HAVE_SYS_TYPES_H
| # include <sys/types.h>
| #endif
| #if HAVE_SYS_STAT_H
| # include <sys/stat.h>
| #endif
| #if STDC_HEADERS
| # include <stdlib.h>
| # include <stddef.h>
| #else
| # if HAVE_STDLIB_H
| #  include <stdlib.h>
| # endif
| #endif
| #if HAVE_STRING_H
| # if !STDC_HEADERS && HAVE_MEMORY_H
| #  include <memory.h>
| # endif
| # include <string.h>
| #endif
| #if HAVE_STRINGS_H
| # include <strings.h>
| #endif
| #if HAVE_INTTYPES_H
| # include <inttypes.h>
| #else
| # if HAVE_STDINT_H
| #  include <stdint.h>
| # endif
| #endif
| #if HAVE_UNISTD_H
| # include <unistd.h>
| #endif
| #include <net/if_var.h>
configure:3765: result: no
configure:3769: checking net/if_var.h presence
configure:3780: gcc -E  conftest.c
configure:3798:24: error: net/if_var.h: No such file or directory
configure:3786: $? = 1
configure: failed program was:
| #line 3771 "configure"
| /* confdefs.h.  */
| 
| #define PACKAGE_NAME ""
| #define PACKAGE_TARNAME ""
| #define PACKAGE_VERSION ""
| #define PACKAGE_STRING ""
| #define PACKAGE_BUGREPORT ""
| #define PACKAGE "zebra"
| #define VERSION "0.94"
| #define STDC_HEADERS 1
| #define HAVE_SYS_TYPES_H 1
| #define HAVE_SYS_STAT_H 1
| #define HAVE_STDLIB_H 1
| #define HAVE_STRING_H 1
| #define HAVE_MEMORY_H 1
| #define HAVE_STRINGS_H 1
| #define HAVE_INTTYPES_H 1
| #define HAVE_STDINT_H 1
| #define HAVE_UNISTD_H 1
| #define HAVE_STRING_H 1
| #define HAVE_STROPTS_H 1
| #define HAVE_SYS_TIME_H 1
| #define HAVE_SYS_TIMES_H 1
| #define HAVE_SYS_SELECT_H 1
| #define HAVE_SYS_SYSCTL_H 1
| #define HAVE_SYS_TYPES_H 1
| /* end confdefs.h.  */
| #include <net/if_var.h>
configure:3805: result: no
configure:3841: checking for net/if_var.h
configure:3848: result: no
configure:3733: checking linux/version.h usability
configure:3746: gcc -c -g -O2 -Wall  conftest.c >&5
configure:3749: $? = 0
configure:3752: test -s conftest.o
configure:3755: $? = 0
configure:3765: result: yes
configure:3769: checking linux/version.h presence
configure:3780: gcc -E  conftest.c
configure:3786: $? = 0
configure:3805: result: yes
configure:3841: checking for linux/version.h
configure:3848: result: yes
configure:3733: checking kvm.h usability
configure:3746: gcc -c -g -O2 -Wall  conftest.c >&5
configure:3797:17: error: kvm.h: No such file or directory
configure:3749: $? = 1
configure: failed program was:
| #line 3735 "configure"
| /* confdefs.h.  */
| 
| #define PACKAGE_NAME ""
| #define PACKAGE_TARNAME ""
| #define PACKAGE_VERSION ""
| #define PACKAGE_STRING ""
| #define PACKAGE_BUGREPORT ""
| #define PACKAGE "zebra"
| #define VERSION "0.94"
| #define STDC_HEADERS 1
| #define HAVE_SYS_TYPES_H 1
| #define HAVE_SYS_STAT_H 1
| #define HAVE_STDLIB_H 1
| #define HAVE_STRING_H 1
| #define HAVE_MEMORY_H 1
| #define HAVE_STRINGS_H 1
| #define HAVE_INTTYPES_H 1
| #define HAVE_STDINT_H 1
| #define HAVE_UNISTD_H 1
| #define HAVE_STRING_H 1
| #define HAVE_STROPTS_H 1
| #define HAVE_SYS_TIME_H 1
| #define HAVE_SYS_TIMES_H 1
| #define HAVE_SYS_SELECT_H 1
| #define HAVE_SYS_SYSCTL_H 1
| #define HAVE_SYS_TYPES_H 1
| #define HAVE_LINUX_VERSION_H 1
| /* end confdefs.h.  */
| #include <stdio.h>
| #if HAVE_SYS_TYPES_H
| # include <sys/types.h>
| #endif
| #if HAVE_SYS_STAT_H
| # include <sys/stat.h>
| #endif
| #if STDC_HEADERS
| # include <stdlib.h>
| # include <stddef.h>
| #else
| # if HAVE_STDLIB_H
| #  include <stdlib.h>
| # endif
| #endif
| #if HAVE_STRING_H
| # if !STDC_HEADERS && HAVE_MEMORY_H
| #  include <memory.h>
| # endif
| # include <string.h>
| #endif
| #if HAVE_STRINGS_H
| # include <strings.h>
| #endif
| #if HAVE_INTTYPES_H
| # include <inttypes.h>
| #else
| # if HAVE_STDINT_H
| #  include <stdint.h>
| # endif
| #endif
| #if HAVE_UNISTD_H
| # include <unistd.h>
| #endif
| #include <kvm.h>
configure:3765: result: no
configure:3769: checking kvm.h presence
configure:3780: gcc -E  conftest.c
configure:3799:17: error: kvm.h: No such file or directory
configure:3786: $? = 1
configure: failed program was:
| #line 3771 "configure"
| /* confdefs.h.  */
| 
| #define PACKAGE_NAME ""
| #define PACKAGE_TARNAME ""
| #define PACKAGE_VERSION ""
| #define PACKAGE_STRING ""
| #define PACKAGE_BUGREPORT ""
| #define PACKAGE "zebra"
| #define VERSION "0.94"
| #define STDC_HEADERS 1
| #define HAVE_SYS_TYPES_H 1
| #define HAVE_SYS_STAT_H 1
| #define HAVE_STDLIB_H 1
| #define HAVE_STRING_H 1
| #define HAVE_MEMORY_H 1
| #define HAVE_STRINGS_H 1
| #define HAVE_INTTYPES_H 1
| #define HAVE_STDINT_H 1
| #define HAVE_UNISTD_H 1
| #define HAVE_STRING_H 1
| #define HAVE_STROPTS_H 1
| #define HAVE_SYS_TIME_H 1
| #define HAVE_SYS_TIMES_H 1
| #define HAVE_SYS_SELECT_H 1
| #define HAVE_SYS_SYSCTL_H 1
| #define HAVE_SYS_TYPES_H 1
| #define HAVE_LINUX_VERSION_H 1
| /* end confdefs.h.  */
| #include <kvm.h>
configure:3805: result: no
configure:3841: checking for kvm.h
configure:3848: result: no
configure:3733: checking netdb.h usability
configure:3746: gcc -c -g -O2 -Wall  conftest.c >&5
configure:3749: $? = 0
configure:3752: test -s conftest.o
configure:3755: $? = 0
configure:3765: result: yes
configure:3769: checking netdb.h presence
configure:3780: gcc -E  conftest.c
configure:3786: $? = 0
configure:3805: result: yes
configure:3841: checking for netdb.h
configure:3848: result: yes
configure:3733: checking netinet/in.h usability
configure:3746: gcc -c -g -O2 -Wall  conftest.c >&5
configure:3749: $? = 0
configure:3752: test -s conftest.o
configure:3755: $? = 0
configure:3765: result: yes
configure:3769: checking netinet/in.h presence
configure:3780: gcc -E  conftest.c
configure:3786: $? = 0
configure:3805: result: yes
configure:3841: checking for netinet/in.h
configure:3848: result: yes
configure:3733: checking net/netopt.h usability
configure:3746: gcc -c -g -O2 -Wall  conftest.c >&5
configure:3799:24: error: net/netopt.h: No such file or directory
configure:3749: $? = 1
configure: failed program was:
| #line 3735 "configure"
| /* confdefs.h.  */
| 
| #define PACKAGE_NAME ""
| #define PACKAGE_TARNAME ""
| #define PACKAGE_VERSION ""
| #define PACKAGE_STRING ""
| #define PACKAGE_BUGREPORT ""
| #define PACKAGE "zebra"
| #define VERSION "0.94"
| #define STDC_HEADERS 1
| #define HAVE_SYS_TYPES_H 1
| #define HAVE_SYS_STAT_H 1
| #define HAVE_STDLIB_H 1
| #define HAVE_STRING_H 1
| #define HAVE_MEMORY_H 1
| #define HAVE_STRINGS_H 1
| #define HAVE_INTTYPES_H 1
| #define HAVE_STDINT_H 1
| #define HAVE_UNISTD_H 1
| #define HAVE_STRING_H 1
| #define HAVE_STROPTS_H 1
| #define HAVE_SYS_TIME_H 1
| #define HAVE_SYS_TIMES_H 1
| #define HAVE_SYS_SELECT_H 1
| #define HAVE_SYS_SYSCTL_H 1
| #define HAVE_SYS_TYPES_H 1
| #define HAVE_LINUX_VERSION_H 1
| #define HAVE_NETDB_H 1
| #define HAVE_NETINET_IN_H 1
| /* end confdefs.h.  */
| #include <stdio.h>
| #if HAVE_SYS_TYPES_H
| # include <sys/types.h>
| #endif
| #if HAVE_SYS_STAT_H
| # include <sys/stat.h>
| #endif
| #if STDC_HEADERS
| # include <stdlib.h>
| # include <stddef.h>
| #else
| # if HAVE_STDLIB_H
| #  include <stdlib.h>
| # endif
| #endif
| #if HAVE_STRING_H
| # if !STDC_HEADERS && HAVE_MEMORY_H
| #  include <memory.h>
| # endif
| # include <string.h>
| #endif
| #if HAVE_STRINGS_H
| # include <strings.h>
| #endif
| #if HAVE_INTTYPES_H
| # include <inttypes.h>
| #else
| # if HAVE_STDINT_H
| #  include <stdint.h>
| # endif
| #endif
| #if HAVE_UNISTD_H
| # include <unistd.h>
| #endif
| #include <net/netopt.h>
configure:3765: result: no
configure:3769: checking net/netopt.h presence
configure:3780: gcc -E  conftest.c
configure:3801:24: error: net/netopt.h: No such file or directory
configure:3786: $? = 1
configure: failed program was:
| #line 3771 "configure"
| /* confdefs.h.  */
| 
| #define PACKAGE_NAME ""
| #define PACKAGE_TARNAME ""
| #define PACKAGE_VERSION ""
| #define PACKAGE_STRING ""
| #define PACKAGE_BUGREPORT ""
| #define PACKAGE "zebra"
| #define VERSION "0.94"
| #define STDC_HEADERS 1
| #define HAVE_SYS_TYPES_H 1
| #define HAVE_SYS_STAT_H 1
| #define HAVE_STDLIB_H 1
| #define HAVE_STRING_H 1
| #define HAVE_MEMORY_H 1
| #define HAVE_STRINGS_H 1
| #define HAVE_INTTYPES_H 1
| #define HAVE_STDINT_H 1
| #define HAVE_UNISTD_H 1
| #define HAVE_STRING_H 1
| #define HAVE_STROPTS_H 1
| #define HAVE_SYS_TIME_H 1
| #define HAVE_SYS_TIMES_H 1
| #define HAVE_SYS_SELECT_H 1
| #define HAVE_SYS_SYSCTL_H 1
| #define HAVE_SYS_TYPES_H 1
| #define HAVE_LINUX_VERSION_H 1
| #define HAVE_NETDB_H 1
| #define HAVE_NETINET_IN_H 1
| /* end confdefs.h.  */
| #include <net/netopt.h>
configure:3805: result: no
configure:3841: checking for net/netopt.h
configure:3848: result: no
configure:3733: checking netinet/in_var.h usability
configure:3746: gcc -c -g -O2 -Wall  conftest.c >&5
configure:3799:28: error: netinet/in_var.h: No such file or directory
configure:3749: $? = 1
configure: failed program was:
| #line 3735 "configure"
| /* confdefs.h.  */
| 
| #define PACKAGE_NAME ""
| #define PACKAGE_TARNAME ""
| #define PACKAGE_VERSION ""
| #define PACKAGE_STRING ""
| #define PACKAGE_BUGREPORT ""
| #define PACKAGE "zebra"
| #define VERSION "0.94"
| #define STDC_HEADERS 1
| #define HAVE_SYS_TYPES_H 1
| #define HAVE_SYS_STAT_H 1
| #define HAVE_STDLIB_H 1
| #define HAVE_STRING_H 1
| #define HAVE_MEMORY_H 1
| #define HAVE_STRINGS_H 1
| #define HAVE_INTTYPES_H 1
| #define HAVE_STDINT_H 1
| #define HAVE_UNISTD_H 1
| #define HAVE_STRING_H 1
| #define HAVE_STROPTS_H 1
| #define HAVE_SYS_TIME_H 1
| #define HAVE_SYS_TIMES_H 1
| #define HAVE_SYS_SELECT_H 1
| #define HAVE_SYS_SYSCTL_H 1
| #define HAVE_SYS_TYPES_H 1
| #define HAVE_LINUX_VERSION_H 1
| #define HAVE_NETDB_H 1
| #define HAVE_NETINET_IN_H 1
| /* end confdefs.h.  */
| #include <stdio.h>
| #if HAVE_SYS_TYPES_H
| # include <sys/types.h>
| #endif
| #if HAVE_SYS_STAT_H
| # include <sys/stat.h>
| #endif
| #if STDC_HEADERS
| # include <stdlib.h>
| # include <stddef.h>
| #else
| # if HAVE_STDLIB_H
| #  include <stdlib.h>
| # endif
| #endif
| #if HAVE_STRING_H
| # if !STDC_HEADERS && HAVE_MEMORY_H
| #  include <memory.h>
| # endif
| # include <string.h>
| #endif
| #if HAVE_STRINGS_H
| # include <strings.h>
| #endif
| #if HAVE_INTTYPES_H
| # include <inttypes.h>
| #else
| # if HAVE_STDINT_H
| #  include <stdint.h>
| # endif
| #endif
| #if HAVE_UNISTD_H
| # include <unistd.h>
| #endif
| #include <netinet/in_var.h>
configure:3765: result: no
configure:3769: checking netinet/in_var.h presence
configure:3780: gcc -E  conftest.c
configure:3801:28: error: netinet/in_var.h: No such file or directory
configure:3786: $? = 1
configure: failed program was:
| #line 3771 "configure"
| /* confdefs.h.  */
| 
| #define PACKAGE_NAME ""
| #define PACKAGE_TARNAME ""
| #define PACKAGE_VERSION ""
| #define PACKAGE_STRING ""
| #define PACKAGE_BUGREPORT ""
| #define PACKAGE "zebra"
| #define VERSION "0.94"
| #define STDC_HEADERS 1
| #define HAVE_SYS_TYPES_H 1
| #define HAVE_SYS_STAT_H 1
| #define HAVE_STDLIB_H 1
| #define HAVE_STRING_H 1
| #define HAVE_MEMORY_H 1
| #define HAVE_STRINGS_H 1
| #define HAVE_INTTYPES_H 1
| #define HAVE_STDINT_H 1
| #define HAVE_UNISTD_H 1
| #define HAVE_STRING_H 1
| #define HAVE_STROPTS_H 1
| #define HAVE_SYS_TIME_H 1
| #define HAVE_SYS_TIMES_H 1
| #define HAVE_SYS_SELECT_H 1
| #define HAVE_SYS_SYSCTL_H 1
| #define HAVE_SYS_TYPES_H 1
| #define HAVE_LINUX_VERSION_H 1
| #define HAVE_NETDB_H 1
| #define HAVE_NETINET_IN_H 1
| /* end confdefs.h.  */
| #include <netinet/in_var.h>
configure:3805: result: no
configure:3841: checking for netinet/in_var.h
configure:3848: result: no
configure:3733: checking netinet/in6_var.h usability
configure:3746: gcc -c -g -O2 -Wall  conftest.c >&5
configure:3799:29: error: netinet/in6_var.h: No such file or directory
configure:3749: $? = 1
configure: failed program was:
| #line 3735 "configure"
| /* confdefs.h.  */
| 
| #define PACKAGE_NAME ""
| #define PACKAGE_TARNAME ""
| #define PACKAGE_VERSION ""
| #define PACKAGE_STRING ""
| #define PACKAGE_BUGREPORT ""
| #define PACKAGE "zebra"
| #define VERSION "0.94"
| #define STDC_HEADERS 1
| #define HAVE_SYS_TYPES_H 1
| #define HAVE_SYS_STAT_H 1
| #define HAVE_STDLIB_H 1
| #define HAVE_STRING_H 1
| #define HAVE_MEMORY_H 1
| #define HAVE_STRINGS_H 1
| #define HAVE_INTTYPES_H 1
| #define HAVE_STDINT_H 1
| #define HAVE_UNISTD_H 1
| #define HAVE_STRING_H 1
| #define HAVE_STROPTS_H 1
| #define HAVE_SYS_TIME_H 1
| #define HAVE_SYS_TIMES_H 1
| #define HAVE_SYS_SELECT_H 1
| #define HAVE_SYS_SYSCTL_H 1
| #define HAVE_SYS_TYPES_H 1
| #define HAVE_LINUX_VERSION_H 1
| #define HAVE_NETDB_H 1
| #define HAVE_NETINET_IN_H 1
| /* end confdefs.h.  */
| #include <stdio.h>
| #if HAVE_SYS_TYPES_H
| # include <sys/types.h>
| #endif
| #if HAVE_SYS_STAT_H
| # include <sys/stat.h>
| #endif
| #if STDC_HEADERS
| # include <stdlib.h>
| # include <stddef.h>
| #else
| # if HAVE_STDLIB_H
| #  include <stdlib.h>
| # endif
| #endif
| #if HAVE_STRING_H
| # if !STDC_HEADERS && HAVE_MEMORY_H
| #  include <memory.h>
| # endif
| # include <string.h>
| #endif
| #if HAVE_STRINGS_H
| # include <strings.h>
| #endif
| #if HAVE_INTTYPES_H
| # include <inttypes.h>
| #else
| # if HAVE_STDINT_H
| #  include <stdint.h>
| # endif
| #endif
| #if HAVE_UNISTD_H
| # include <unistd.h>
| #endif
| #include <netinet/in6_var.h>
configure:3765: result: no
configure:3769: checking netinet/in6_var.h presence
configure:3780: gcc -E  conftest.c
configure:3801:29: error: netinet/in6_var.h: No such file or directory
configure:3786: $? = 1
configure: failed program was:
| #line 3771 "configure"
| /* confdefs.h.  */
| 
| #define PACKAGE_NAME ""
| #define PACKAGE_TARNAME ""
| #define PACKAGE_VERSION ""
| #define PACKAGE_STRING ""
| #define PACKAGE_BUGREPORT ""
| #define PACKAGE "zebra"
| #define VERSION "0.94"
| #define STDC_HEADERS 1
| #define HAVE_SYS_TYPES_H 1
| #define HAVE_SYS_STAT_H 1
| #define HAVE_STDLIB_H 1
| #define HAVE_STRING_H 1
| #define HAVE_MEMORY_H 1
| #define HAVE_STRINGS_H 1
| #define HAVE_INTTYPES_H 1
| #define HAVE_STDINT_H 1
| #define HAVE_UNISTD_H 1
| #define HAVE_STRING_H 1
| #define HAVE_STROPTS_H 1
| #define HAVE_SYS_TIME_H 1
| #define HAVE_SYS_TIMES_H 1
| #define HAVE_SYS_SELECT_H 1
| #define HAVE_SYS_SYSCTL_H 1
| #define HAVE_SYS_TYPES_H 1
| #define HAVE_LINUX_VERSION_H 1
| #define HAVE_NETDB_H 1
| #define HAVE_NETINET_IN_H 1
| /* end confdefs.h.  */
| #include <netinet/in6_var.h>
configure:3805: result: no
configure:3841: checking for netinet/in6_var.h
configure:3848: result: no
configure:3733: checking netinet/in6.h usability
configure:3746: gcc -c -g -O2 -Wall  conftest.c >&5
configure:3799:25: error: netinet/in6.h: No such file or directory
configure:3749: $? = 1
configure: failed program was:
| #line 3735 "configure"
| /* confdefs.h.  */
| 
| #define PACKAGE_NAME ""
| #define PACKAGE_TARNAME ""
| #define PACKAGE_VERSION ""
| #define PACKAGE_STRING ""
| #define PACKAGE_BUGREPORT ""
| #define PACKAGE "zebra"
| #define VERSION "0.94"
| #define STDC_HEADERS 1
| #define HAVE_SYS_TYPES_H 1
| #define HAVE_SYS_STAT_H 1
| #define HAVE_STDLIB_H 1
| #define HAVE_STRING_H 1
| #define HAVE_MEMORY_H 1
| #define HAVE_STRINGS_H 1
| #define HAVE_INTTYPES_H 1
| #define HAVE_STDINT_H 1
| #define HAVE_UNISTD_H 1
| #define HAVE_STRING_H 1
| #define HAVE_STROPTS_H 1
| #define HAVE_SYS_TIME_H 1
| #define HAVE_SYS_TIMES_H 1
| #define HAVE_SYS_SELECT_H 1
| #define HAVE_SYS_SYSCTL_H 1
| #define HAVE_SYS_TYPES_H 1
| #define HAVE_LINUX_VERSION_H 1
| #define HAVE_NETDB_H 1
| #define HAVE_NETINET_IN_H 1
| /* end confdefs.h.  */
| #include <stdio.h>
| #if HAVE_SYS_TYPES_H
| # include <sys/types.h>
| #endif
| #if HAVE_SYS_STAT_H
| # include <sys/stat.h>
| #endif
| #if STDC_HEADERS
| # include <stdlib.h>
| # include <stddef.h>
| #else
| # if HAVE_STDLIB_H
| #  include <stdlib.h>
| # endif
| #endif
| #if HAVE_STRING_H
| # if !STDC_HEADERS && HAVE_MEMORY_H
| #  include <memory.h>
| # endif
| # include <string.h>
| #endif
| #if HAVE_STRINGS_H
| # include <strings.h>
| #endif
| #if HAVE_INTTYPES_H
| # include <inttypes.h>
| #else
| # if HAVE_STDINT_H
| #  include <stdint.h>
| # endif
| #endif
| #if HAVE_UNISTD_H
| # include <unistd.h>
| #endif
| #include <netinet/in6.h>
configure:3765: result: no
configure:3769: checking netinet/in6.h presence
configure:3780: gcc -E  conftest.c
configure:3801:25: error: netinet/in6.h: No such file or directory
configure:3786: $? = 1
configure: failed program was:
| #line 3771 "configure"
| /* confdefs.h.  */
| 
| #define PACKAGE_NAME ""
| #define PACKAGE_TARNAME ""
| #define PACKAGE_VERSION ""
| #define PACKAGE_STRING ""
| #define PACKAGE_BUGREPORT ""
| #define PACKAGE "zebra"
| #define VERSION "0.94"
| #define STDC_HEADERS 1
| #define HAVE_SYS_TYPES_H 1
| #define HAVE_SYS_STAT_H 1
| #define HAVE_STDLIB_H 1
| #define HAVE_STRING_H 1
| #define HAVE_MEMORY_H 1
| #define HAVE_STRINGS_H 1
| #define HAVE_INTTYPES_H 1
| #define HAVE_STDINT_H 1
| #define HAVE_UNISTD_H 1
| #define HAVE_STRING_H 1
| #define HAVE_STROPTS_H 1
| #define HAVE_SYS_TIME_H 1
| #define HAVE_SYS_TIMES_H 1
| #define HAVE_SYS_SELECT_H 1
| #define HAVE_SYS_SYSCTL_H 1
| #define HAVE_SYS_TYPES_H 1
| #define HAVE_LINUX_VERSION_H 1
| #define HAVE_NETDB_H 1
| #define HAVE_NETINET_IN_H 1
| /* end confdefs.h.  */
| #include <netinet/in6.h>
configure:3805: result: no
configure:3841: checking for netinet/in6.h
configure:3848: result: no
configure:3733: checking inet/nd.h usability
configure:3746: gcc -c -g -O2 -Wall  conftest.c >&5
configure:3799:21: error: inet/nd.h: No such file or directory
configure:3749: $? = 1
configure: failed program was:
| #line 3735 "configure"
| /* confdefs.h.  */
| 
| #define PACKAGE_NAME ""
| #define PACKAGE_TARNAME ""
| #define PACKAGE_VERSION ""
| #define PACKAGE_STRING ""
| #define PACKAGE_BUGREPORT ""
| #define PACKAGE "zebra"
| #define VERSION "0.94"
| #define STDC_HEADERS 1
| #define HAVE_SYS_TYPES_H 1
| #define HAVE_SYS_STAT_H 1
| #define HAVE_STDLIB_H 1
| #define HAVE_STRING_H 1
| #define HAVE_MEMORY_H 1
| #define HAVE_STRINGS_H 1
| #define HAVE_INTTYPES_H 1
| #define HAVE_STDINT_H 1
| #define HAVE_UNISTD_H 1
| #define HAVE_STRING_H 1
| #define HAVE_STROPTS_H 1
| #define HAVE_SYS_TIME_H 1
| #define HAVE_SYS_TIMES_H 1
| #define HAVE_SYS_SELECT_H 1
| #define HAVE_SYS_SYSCTL_H 1
| #define HAVE_SYS_TYPES_H 1
| #define HAVE_LINUX_VERSION_H 1
| #define HAVE_NETDB_H 1
| #define HAVE_NETINET_IN_H 1
| /* end confdefs.h.  */
| #include <stdio.h>
| #if HAVE_SYS_TYPES_H
| # include <sys/types.h>
| #endif
| #if HAVE_SYS_STAT_H
| # include <sys/stat.h>
| #endif
| #if STDC_HEADERS
| # include <stdlib.h>
| # include <stddef.h>
| #else
| # if HAVE_STDLIB_H
| #  include <stdlib.h>
| # endif
| #endif
| #if HAVE_STRING_H
| # if !STDC_HEADERS && HAVE_MEMORY_H
| #  include <memory.h>
| # endif
| # include <string.h>
| #endif
| #if HAVE_STRINGS_H
| # include <strings.h>
| #endif
| #if HAVE_INTTYPES_H
| # include <inttypes.h>
| #else
| # if HAVE_STDINT_H
| #  include <stdint.h>
| # endif
| #endif
| #if HAVE_UNISTD_H
| # include <unistd.h>
| #endif
| #include <inet/nd.h>
configure:3765: result: no
configure:3769: checking inet/nd.h presence
configure:3780: gcc -E  conftest.c
configure:3801:21: error: inet/nd.h: No such file or directory
configure:3786: $? = 1
configure: failed program was:
| #line 3771 "configure"
| /* confdefs.h.  */
| 
| #define PACKAGE_NAME ""
| #define PACKAGE_TARNAME ""
| #define PACKAGE_VERSION ""
| #define PACKAGE_STRING ""
| #define PACKAGE_BUGREPORT ""
| #define PACKAGE "zebra"
| #define VERSION "0.94"
| #define STDC_HEADERS 1
| #define HAVE_SYS_TYPES_H 1
| #define HAVE_SYS_STAT_H 1
| #define HAVE_STDLIB_H 1
| #define HAVE_STRING_H 1
| #define HAVE_MEMORY_H 1
| #define HAVE_STRINGS_H 1
| #define HAVE_INTTYPES_H 1
| #define HAVE_STDINT_H 1
| #define HAVE_UNISTD_H 1
| #define HAVE_STRING_H 1
| #define HAVE_STROPTS_H 1
| #define HAVE_SYS_TIME_H 1
| #define HAVE_SYS_TIMES_H 1
| #define HAVE_SYS_SELECT_H 1
| #define HAVE_SYS_SYSCTL_H 1
| #define HAVE_SYS_TYPES_H 1
| #define HAVE_LINUX_VERSION_H 1
| #define HAVE_NETDB_H 1
| #define HAVE_NETINET_IN_H 1
| /* end confdefs.h.  */
| #include <inet/nd.h>
configure:3805: result: no
configure:3841: checking for inet/nd.h
configure:3848: result: no
configure:3733: checking asm/types.h usability
configure:3746: gcc -c -g -O2 -Wall  conftest.c >&5
configure:3749: $? = 0
configure:3752: test -s conftest.o
configure:3755: $? = 0
configure:3765: result: yes
configure:3769: checking asm/types.h presence
configure:3780: gcc -E  conftest.c
configure:3786: $? = 0
configure:3805: result: yes
configure:3841: checking for asm/types.h
configure:3848: result: yes
configure:3733: checking netinet/icmp6.h usability
configure:3746: gcc -c -g -O2 -Wall  conftest.c >&5
configure:3749: $? = 0
configure:3752: test -s conftest.o
configure:3755: $? = 0
configure:3765: result: yes
configure:3769: checking netinet/icmp6.h presence
configure:3780: gcc -E  conftest.c
configure:3786: $? = 0
configure:3805: result: yes
configure:3841: checking for netinet/icmp6.h
configure:3848: result: yes
configure:3733: checking netinet6/nd6.h usability
configure:3746: gcc -c -g -O2 -Wall  conftest.c >&5
configure:3801:26: error: netinet6/nd6.h: No such file or directory
configure:3749: $? = 1
configure: failed program was:
| #line 3735 "configure"
| /* confdefs.h.  */
| 
| #define PACKAGE_NAME ""
| #define PACKAGE_TARNAME ""
| #define PACKAGE_VERSION ""
| #define PACKAGE_STRING ""
| #define PACKAGE_BUGREPORT ""
| #define PACKAGE "zebra"
| #define VERSION "0.94"
| #define STDC_HEADERS 1
| #define HAVE_SYS_TYPES_H 1
| #define HAVE_SYS_STAT_H 1
| #define HAVE_STDLIB_H 1
| #define HAVE_STRING_H 1
| #define HAVE_MEMORY_H 1
| #define HAVE_STRINGS_H 1
| #define HAVE_INTTYPES_H 1
| #define HAVE_STDINT_H 1
| #define HAVE_UNISTD_H 1
| #define HAVE_STRING_H 1
| #define HAVE_STROPTS_H 1
| #define HAVE_SYS_TIME_H 1
| #define HAVE_SYS_TIMES_H 1
| #define HAVE_SYS_SELECT_H 1
| #define HAVE_SYS_SYSCTL_H 1
| #define HAVE_SYS_TYPES_H 1
| #define HAVE_LINUX_VERSION_H 1
| #define HAVE_NETDB_H 1
| #define HAVE_NETINET_IN_H 1
| #define HAVE_ASM_TYPES_H 1
| #define HAVE_NETINET_ICMP6_H 1
| /* end confdefs.h.  */
| #include <stdio.h>
| #if HAVE_SYS_TYPES_H
| # include <sys/types.h>
| #endif
| #if HAVE_SYS_STAT_H
| # include <sys/stat.h>
| #endif
| #if STDC_HEADERS
| # include <stdlib.h>
| # include <stddef.h>
| #else
| # if HAVE_STDLIB_H
| #  include <stdlib.h>
| # endif
| #endif
| #if HAVE_STRING_H
| # if !STDC_HEADERS && HAVE_MEMORY_H
| #  include <memory.h>
| # endif
| # include <string.h>
| #endif
| #if HAVE_STRINGS_H
| # include <strings.h>
| #endif
| #if HAVE_INTTYPES_H
| # include <inttypes.h>
| #else
| # if HAVE_STDINT_H
| #  include <stdint.h>
| # endif
| #endif
| #if HAVE_UNISTD_H
| # include <unistd.h>
| #endif
| #include <netinet6/nd6.h>
configure:3765: result: no
configure:3769: checking netinet6/nd6.h presence
configure:3780: gcc -E  conftest.c
configure:3803:26: error: netinet6/nd6.h: No such file or directory
configure:3786: $? = 1
configure: failed program was:
| #line 3771 "configure"
| /* confdefs.h.  */
| 
| #define PACKAGE_NAME ""
| #define PACKAGE_TARNAME ""
| #define PACKAGE_VERSION ""
| #define PACKAGE_STRING ""
| #define PACKAGE_BUGREPORT ""
| #define PACKAGE "zebra"
| #define VERSION "0.94"
| #define STDC_HEADERS 1
| #define HAVE_SYS_TYPES_H 1
| #define HAVE_SYS_STAT_H 1
| #define HAVE_STDLIB_H 1
| #define HAVE_STRING_H 1
| #define HAVE_MEMORY_H 1
| #define HAVE_STRINGS_H 1
| #define HAVE_INTTYPES_H 1
| #define HAVE_STDINT_H 1
| #define HAVE_UNISTD_H 1
| #define HAVE_STRING_H 1
| #define HAVE_STROPTS_H 1
| #define HAVE_SYS_TIME_H 1
| #define HAVE_SYS_TIMES_H 1
| #define HAVE_SYS_SELECT_H 1
| #define HAVE_SYS_SYSCTL_H 1
| #define HAVE_SYS_TYPES_H 1
| #define HAVE_LINUX_VERSION_H 1
| #define HAVE_NETDB_H 1
| #define HAVE_NETINET_IN_H 1
| #define HAVE_ASM_TYPES_H 1
| #define HAVE_NETINET_ICMP6_H 1
| /* end confdefs.h.  */
| #include <netinet6/nd6.h>
configure:3805: result: no
configure:3841: checking for netinet6/nd6.h
configure:3848: result: no
configure:3733: checking libutil.h usability
configure:3746: gcc -c -g -O2 -Wall  conftest.c >&5
configure:3801:21: error: libutil.h: No such file or directory
configure:3749: $? = 1
configure: failed program was:
| #line 3735 "configure"
| /* confdefs.h.  */
| 
| #define PACKAGE_NAME ""
| #define PACKAGE_TARNAME ""
| #define PACKAGE_VERSION ""
| #define PACKAGE_STRING ""
| #define PACKAGE_BUGREPORT ""
| #define PACKAGE "zebra"
| #define VERSION "0.94"
| #define STDC_HEADERS 1
| #define HAVE_SYS_TYPES_H 1
| #define HAVE_SYS_STAT_H 1
| #define HAVE_STDLIB_H 1
| #define HAVE_STRING_H 1
| #define HAVE_MEMORY_H 1
| #define HAVE_STRINGS_H 1
| #define HAVE_INTTYPES_H 1
| #define HAVE_STDINT_H 1
| #define HAVE_UNISTD_H 1
| #define HAVE_STRING_H 1
| #define HAVE_STROPTS_H 1
| #define HAVE_SYS_TIME_H 1
| #define HAVE_SYS_TIMES_H 1
| #define HAVE_SYS_SELECT_H 1
| #define HAVE_SYS_SYSCTL_H 1
| #define HAVE_SYS_TYPES_H 1
| #define HAVE_LINUX_VERSION_H 1
| #define HAVE_NETDB_H 1
| #define HAVE_NETINET_IN_H 1
| #define HAVE_ASM_TYPES_H 1
| #define HAVE_NETINET_ICMP6_H 1
| /* end confdefs.h.  */
| #include <stdio.h>
| #if HAVE_SYS_TYPES_H
| # include <sys/types.h>
| #endif
| #if HAVE_SYS_STAT_H
| # include <sys/stat.h>
| #endif
| #if STDC_HEADERS
| # include <stdlib.h>
| # include <stddef.h>
| #else
| # if HAVE_STDLIB_H
| #  include <stdlib.h>
| # endif
| #endif
| #if HAVE_STRING_H
| # if !STDC_HEADERS && HAVE_MEMORY_H
| #  include <memory.h>
| # endif
| # include <string.h>
| #endif
| #if HAVE_STRINGS_H
| # include <strings.h>
| #endif
| #if HAVE_INTTYPES_H
| # include <inttypes.h>
| #else
| # if HAVE_STDINT_H
| #  include <stdint.h>
| # endif
| #endif
| #if HAVE_UNISTD_H
| # include <unistd.h>
| #endif
| #include <libutil.h>
configure:3765: result: no
configure:3769: checking libutil.h presence
configure:3780: gcc -E  conftest.c
configure:3803:21: error: libutil.h: No such file or directory
configure:3786: $? = 1
configure: failed program was:
| #line 3771 "configure"
| /* confdefs.h.  */
| 
| #define PACKAGE_NAME ""
| #define PACKAGE_TARNAME ""
| #define PACKAGE_VERSION ""
| #define PACKAGE_STRING ""
| #define PACKAGE_BUGREPORT ""
| #define PACKAGE "zebra"
| #define VERSION "0.94"
| #define STDC_HEADERS 1
| #define HAVE_SYS_TYPES_H 1
| #define HAVE_SYS_STAT_H 1
| #define HAVE_STDLIB_H 1
| #define HAVE_STRING_H 1
| #define HAVE_MEMORY_H 1
| #define HAVE_STRINGS_H 1
| #define HAVE_INTTYPES_H 1
| #define HAVE_STDINT_H 1
| #define HAVE_UNISTD_H 1
| #define HAVE_STRING_H 1
| #define HAVE_STROPTS_H 1
| #define HAVE_SYS_TIME_H 1
| #define HAVE_SYS_TIMES_H 1
| #define HAVE_SYS_SELECT_H 1
| #define HAVE_SYS_SYSCTL_H 1
| #define HAVE_SYS_TYPES_H 1
| #define HAVE_LINUX_VERSION_H 1
| #define HAVE_NETDB_H 1
| #define HAVE_NETINET_IN_H 1
| #define HAVE_ASM_TYPES_H 1
| #define HAVE_NETINET_ICMP6_H 1
| /* end confdefs.h.  */
| #include <libutil.h>
configure:3805: result: no
configure:3841: checking for libutil.h
configure:3848: result: no
configure:3862: checking for an ANSI C-conforming const
configure:3930: gcc -c -g -O2 -Wall  conftest.c >&5
configure: In function 'main':
configure:3926: warning: unused variable 's'
configure:3946: warning: unused variable 'foo'
configure:3913: warning: unused variable 'zero'
configure:3907: warning: unused variable 'x'
configure:3928: warning: 't' is used uninitialized in this function
configure:3943: warning: 'b' is used uninitialized in this function
configure:3933: $? = 0
configure:3936: test -s conftest.o
configure:3939: $? = 0
configure:3950: result: yes
configure:3960: checking return type of signal handlers
configure:3992: gcc -c -g -O2 -Wall  conftest.c >&5
configure: In function 'main':
configure:4011: warning: unused variable 'i'
configure:3995: $? = 0
configure:3998: test -s conftest.o
configure:4001: $? = 0
configure:4012: result: void
configure:5036: checking whether byte ordering is bigendian
configure:5064: gcc -c -g -O2 -Wall  conftest.c >&5
configure:5067: $? = 0
configure:5070: test -s conftest.o
configure:5073: $? = 0
configure:5098: gcc -c -g -O2 -Wall  conftest.c >&5
configure: In function 'main':
configure:5117: error: 'not' undeclared (first use in this function)
configure:5117: error: (Each undeclared identifier is reported only once
configure:5117: error: for each function it appears in.)
configure:5117: error: syntax error before 'big'
configure:5101: $? = 1
configure: failed program was:
| #line 5076 "configure"
| /* confdefs.h.  */
| 
| #define PACKAGE_NAME ""
| #define PACKAGE_TARNAME ""
| #define PACKAGE_VERSION ""
| #define PACKAGE_STRING ""
| #define PACKAGE_BUGREPORT ""
| #define PACKAGE "zebra"
| #define VERSION "0.94"
| #define STDC_HEADERS 1
| #define HAVE_SYS_TYPES_H 1
| #define HAVE_SYS_STAT_H 1
| #define HAVE_STDLIB_H 1
| #define HAVE_STRING_H 1
| #define HAVE_MEMORY_H 1
| #define HAVE_STRINGS_H 1
| #define HAVE_INTTYPES_H 1
| #define HAVE_STDINT_H 1
| #define HAVE_UNISTD_H 1
| #define HAVE_STRING_H 1
| #define HAVE_STROPTS_H 1
| #define HAVE_SYS_TIME_H 1
| #define HAVE_SYS_TIMES_H 1
| #define HAVE_SYS_SELECT_H 1
| #define HAVE_SYS_SYSCTL_H 1
| #define HAVE_SYS_TYPES_H 1
| #define HAVE_LINUX_VERSION_H 1
| #define HAVE_NETDB_H 1
| #define HAVE_NETINET_IN_H 1
| #define HAVE_ASM_TYPES_H 1
| #define HAVE_NETINET_ICMP6_H 1
| #define RETSIGTYPE void
| #define GNU_LINUX
| /* end confdefs.h.  */
| #include <sys/types.h>
| #include <sys/param.h>
| 
| int
| main ()
| {
| #if BYTE_ORDER != BIG_ENDIAN
|  not big endian
| #endif
| 
|   ;
|   return 0;
| }
configure:5221: result: no
configure:5257: checking for bcopy
configure:5307: gcc -o conftest -g -O2 -Wall   conftest.c  >&5
configure:5312: warning: conflicting types for built-in function 'bcopy'
configure:5310: $? = 0
configure:5313: test -s conftest
configure:5316: $? = 0
configure:5327: result: yes
configure:5257: checking for bzero
configure:5307: gcc -o conftest -g -O2 -Wall   conftest.c  >&5
configure:5313: warning: conflicting types for built-in function 'bzero'
configure:5310: $? = 0
configure:5313: test -s conftest
configure:5316: $? = 0
configure:5327: result: yes
configure:5257: checking for strerror
configure:5307: gcc -o conftest -g -O2 -Wall   conftest.c  >&5
configure:5310: $? = 0
configure:5313: test -s conftest
configure:5316: $? = 0
configure:5327: result: yes
configure:5257: checking for inet_aton
configure:5307: gcc -o conftest -g -O2 -Wall   conftest.c  >&5
configure:5310: $? = 0
configure:5313: test -s conftest
configure:5316: $? = 0
configure:5327: result: yes
configure:5257: checking for daemon
configure:5307: gcc -o conftest -g -O2 -Wall   conftest.c  >&5
configure:5310: $? = 0
configure:5313: test -s conftest
configure:5316: $? = 0
configure:5327: result: yes
configure:5257: checking for snprintf
configure:5307: gcc -o conftest -g -O2 -Wall   conftest.c  >&5
configure:5317: warning: conflicting types for built-in function 'snprintf'
configure:5310: $? = 0
configure:5313: test -s conftest
configure:5316: $? = 0
configure:5327: result: yes
configure:5257: checking for vsnprintf
configure:5307: gcc -o conftest -g -O2 -Wall   conftest.c  >&5
configure:5318: warning: conflicting types for built-in function 'vsnprintf'
configure:5310: $? = 0
configure:5313: test -s conftest
configure:5316: $? = 0
configure:5327: result: yes
configure:5257: checking for strlcat
configure:5307: gcc -o conftest -g -O2 -Wall   conftest.c  >&5
/tmp/cckqkvUh.o: In function `main':/home/MVL/apps/zebra/configure:5334: undefined reference to `strlcat'
/tmp/cckqkvUh.o:(.data+0x0): undefined reference to `strlcat'
collect2: ld returned 1 exit status
configure:5310: $? = 1
configure: failed program was:
| #line 5262 "configure"
| /* confdefs.h.  */
| 
| #define PACKAGE_NAME ""
| #define PACKAGE_TARNAME ""
| #define PACKAGE_VERSION ""
| #define PACKAGE_STRING ""
| #define PACKAGE_BUGREPORT ""
| #define PACKAGE "zebra"
| #define VERSION "0.94"
| #define STDC_HEADERS 1
| #define HAVE_SYS_TYPES_H 1
| #define HAVE_SYS_STAT_H 1
| #define HAVE_STDLIB_H 1
| #define HAVE_STRING_H 1
| #define HAVE_MEMORY_H 1
| #define HAVE_STRINGS_H 1
| #define HAVE_INTTYPES_H 1
| #define HAVE_STDINT_H 1
| #define HAVE_UNISTD_H 1
| #define HAVE_STRING_H 1
| #define HAVE_STROPTS_H 1
| #define HAVE_SYS_TIME_H 1
| #define HAVE_SYS_TIMES_H 1
| #define HAVE_SYS_SELECT_H 1
| #define HAVE_SYS_SYSCTL_H 1
| #define HAVE_SYS_TYPES_H 1
| #define HAVE_LINUX_VERSION_H 1
| #define HAVE_NETDB_H 1
| #define HAVE_NETINET_IN_H 1
| #define HAVE_ASM_TYPES_H 1
| #define HAVE_NETINET_ICMP6_H 1
| #define RETSIGTYPE void
| #define GNU_LINUX
| #define HAVE_BCOPY 1
| #define HAVE_BZERO 1
| #define HAVE_STRERROR 1
| #define HAVE_INET_ATON 1
| #define HAVE_DAEMON 1
| #define HAVE_SNPRINTF 1
| #define HAVE_VSNPRINTF 1
| /* end confdefs.h.  */
| /* System header to define __stub macros and hopefully few prototypes,
|     which can conflict with char strlcat (); below.
|     Prefer <limits.h> to <assert.h> if __STDC__ is defined, since
|     <limits.h> exists even on freestanding compilers.  */
| #ifdef __STDC__
| # include <limits.h>
| #else
| # include <assert.h>
| #endif
| /* Override any gcc2 internal prototype to avoid an error.  */
| #ifdef __cplusplus
| extern "C"
| {
| #endif
| /* We use char because int might match the return type of a gcc2
|    builtin and then its argument prototype would still apply.  */
| char strlcat ();
| /* The GNU C library defines this for functions which it implements
|     to always fail with ENOSYS.  Some functions are actually named
|     something starting with __ and the normal name is an alias.  */
| #if defined (__stub_strlcat) || defined (__stub___strlcat)
| choke me
| #else
| char (*f) () = strlcat;
| #endif
| #ifdef __cplusplus
| }
| #endif
| 
| int
| main ()
| {
| return f != strlcat;
|   ;
|   return 0;
| }
configure:5327: result: no
configure:5257: checking for strlcpy
configure:5307: gcc -o conftest -g -O2 -Wall   conftest.c  >&5
/tmp/ccGJE81q.o: In function `main':/home/MVL/apps/zebra/configure:5334: undefined reference to `strlcpy'
/tmp/ccGJE81q.o:(.data+0x0): undefined reference to `strlcpy'
collect2: ld returned 1 exit status
configure:5310: $? = 1
configure: failed program was:
| #line 5262 "configure"
| /* confdefs.h.  */
| 
| #define PACKAGE_NAME ""
| #define PACKAGE_TARNAME ""
| #define PACKAGE_VERSION ""
| #define PACKAGE_STRING ""
| #define PACKAGE_BUGREPORT ""
| #define PACKAGE "zebra"
| #define VERSION "0.94"
| #define STDC_HEADERS 1
| #define HAVE_SYS_TYPES_H 1
| #define HAVE_SYS_STAT_H 1
| #define HAVE_STDLIB_H 1
| #define HAVE_STRING_H 1
| #define HAVE_MEMORY_H 1
| #define HAVE_STRINGS_H 1
| #define HAVE_INTTYPES_H 1
| #define HAVE_STDINT_H 1
| #define HAVE_UNISTD_H 1
| #define HAVE_STRING_H 1
| #define HAVE_STROPTS_H 1
| #define HAVE_SYS_TIME_H 1
| #define HAVE_SYS_TIMES_H 1
| #define HAVE_SYS_SELECT_H 1
| #define HAVE_SYS_SYSCTL_H 1
| #define HAVE_SYS_TYPES_H 1
| #define HAVE_LINUX_VERSION_H 1
| #define HAVE_NETDB_H 1
| #define HAVE_NETINET_IN_H 1
| #define HAVE_ASM_TYPES_H 1
| #define HAVE_NETINET_ICMP6_H 1
| #define RETSIGTYPE void
| #define GNU_LINUX
| #define HAVE_BCOPY 1
| #define HAVE_BZERO 1
| #define HAVE_STRERROR 1
| #define HAVE_INET_ATON 1
| #define HAVE_DAEMON 1
| #define HAVE_SNPRINTF 1
| #define HAVE_VSNPRINTF 1
| /* end confdefs.h.  */
| /* System header to define __stub macros and hopefully few prototypes,
|     which can conflict with char strlcpy (); below.
|     Prefer <limits.h> to <assert.h> if __STDC__ is defined, since
|     <limits.h> exists even on freestanding compilers.  */
| #ifdef __STDC__
| # include <limits.h>
| #else
| # include <assert.h>
| #endif
| /* Override any gcc2 internal prototype to avoid an error.  */
| #ifdef __cplusplus
| extern "C"
| {
| #endif
| /* We use char because int might match the return type of a gcc2
|    builtin and then its argument prototype would still apply.  */
| char strlcpy ();
| /* The GNU C library defines this for functions which it implements
|     to always fail with ENOSYS.  Some functions are actually named
|     something starting with __ and the normal name is an alias.  */
| #if defined (__stub_strlcpy) || defined (__stub___strlcpy)
| choke me
| #else
| char (*f) () = strlcpy;
| #endif
| #ifdef __cplusplus
| }
| #endif
| 
| int
| main ()
| {
| return f != strlcpy;
|   ;
|   return 0;
| }
configure:5327: result: no
configure:5257: checking for if_nametoindex
configure:5307: gcc -o conftest -g -O2 -Wall   conftest.c  >&5
configure:5310: $? = 0
configure:5313: test -s conftest
configure:5316: $? = 0
configure:5327: result: yes
configure:5257: checking for if_indextoname
configure:5307: gcc -o conftest -g -O2 -Wall   conftest.c  >&5
configure:5310: $? = 0
configure:5313: test -s conftest
configure:5316: $? = 0
configure:5327: result: yes
configure:5257: checking for getifaddrs
configure:5307: gcc -o conftest -g -O2 -Wall   conftest.c  >&5
configure:5310: $? = 0
configure:5313: test -s conftest
configure:5316: $? = 0
configure:5327: result: yes
configure:5341: checking for setproctitle
configure:5391: gcc -o conftest -g -O2 -Wall   conftest.c  >&5
/tmp/ccIo4CQ3.o: In function `main':/home/MVL/apps/zebra/configure:5421: undefined reference to `setproctitle'
/tmp/ccIo4CQ3.o:(.data+0x0): undefined reference to `setproctitle'
collect2: ld returned 1 exit status
configure:5394: $? = 1
configure: failed program was:
| #line 5346 "configure"
| /* confdefs.h.  */
| 
| #define PACKAGE_NAME ""
| #define PACKAGE_TARNAME ""
| #define PACKAGE_VERSION ""
| #define PACKAGE_STRING ""
| #define PACKAGE_BUGREPORT ""
| #define PACKAGE "zebra"
| #define VERSION "0.94"
| #define STDC_HEADERS 1
| #define HAVE_SYS_TYPES_H 1
| #define HAVE_SYS_STAT_H 1
| #define HAVE_STDLIB_H 1
| #define HAVE_STRING_H 1
| #define HAVE_MEMORY_H 1
| #define HAVE_STRINGS_H 1
| #define HAVE_INTTYPES_H 1
| #define HAVE_STDINT_H 1
| #define HAVE_UNISTD_H 1
| #define HAVE_STRING_H 1
| #define HAVE_STROPTS_H 1
| #define HAVE_SYS_TIME_H 1
| #define HAVE_SYS_TIMES_H 1
| #define HAVE_SYS_SELECT_H 1
| #define HAVE_SYS_SYSCTL_H 1
| #define HAVE_SYS_TYPES_H 1
| #define HAVE_LINUX_VERSION_H 1
| #define HAVE_NETDB_H 1
| #define HAVE_NETINET_IN_H 1
| #define HAVE_ASM_TYPES_H 1
| #define HAVE_NETINET_ICMP6_H 1
| #define RETSIGTYPE void
| #define GNU_LINUX
| #define HAVE_BCOPY 1
| #define HAVE_BZERO 1
| #define HAVE_STRERROR 1
| #define HAVE_INET_ATON 1
| #define HAVE_DAEMON 1
| #define HAVE_SNPRINTF 1
| #define HAVE_VSNPRINTF 1
| #define HAVE_IF_NAMETOINDEX 1
| #define HAVE_IF_INDEXTONAME 1
| #define HAVE_GETIFADDRS 1
| /* end confdefs.h.  */
| /* System header to define __stub macros and hopefully few prototypes,
|     which can conflict with char setproctitle (); below.
|     Prefer <limits.h> to <assert.h> if __STDC__ is defined, since
|     <limits.h> exists even on freestanding compilers.  */
| #ifdef __STDC__
| # include <limits.h>
| #else
| # include <assert.h>
| #endif
| /* Override any gcc2 internal prototype to avoid an error.  */
| #ifdef __cplusplus
| extern "C"
| {
| #endif
| /* We use char because int might match the return type of a gcc2
|    builtin and then its argument prototype would still apply.  */
| char setproctitle ();
| /* The GNU C library defines this for functions which it implements
|     to always fail with ENOSYS.  Some functions are actually named
|     something starting with __ and the normal name is an alias.  */
| #if defined (__stub_setproctitle) || defined (__stub___setproctitle)
| choke me
| #else
| char (*f) () = setproctitle;
| #endif
| #ifdef __cplusplus
| }
| #endif
| 
| int
| main ()
| {
| return f != setproctitle;
|   ;
|   return 0;
| }
configure:5411: result: no
configure:5419: checking for setproctitle in -lutil
configure:5450: gcc -o conftest -g -O2 -Wall   conftest.c -lutil   >&5
/tmp/ccCUEodc.o: In function `main':/home/MVL/apps/zebra/configure:5481: undefined reference to `setproctitle'
collect2: ld returned 1 exit status
configure:5453: $? = 1
configure: failed program was:
| #line 5426 "configure"
| /* confdefs.h.  */
| 
| #define PACKAGE_NAME ""
| #define PACKAGE_TARNAME ""
| #define PACKAGE_VERSION ""
| #define PACKAGE_STRING ""
| #define PACKAGE_BUGREPORT ""
| #define PACKAGE "zebra"
| #define VERSION "0.94"
| #define STDC_HEADERS 1
| #define HAVE_SYS_TYPES_H 1
| #define HAVE_SYS_STAT_H 1
| #define HAVE_STDLIB_H 1
| #define HAVE_STRING_H 1
| #define HAVE_MEMORY_H 1
| #define HAVE_STRINGS_H 1
| #define HAVE_INTTYPES_H 1
| #define HAVE_STDINT_H 1
| #define HAVE_UNISTD_H 1
| #define HAVE_STRING_H 1
| #define HAVE_STROPTS_H 1
| #define HAVE_SYS_TIME_H 1
| #define HAVE_SYS_TIMES_H 1
| #define HAVE_SYS_SELECT_H 1
| #define HAVE_SYS_SYSCTL_H 1
| #define HAVE_SYS_TYPES_H 1
| #define HAVE_LINUX_VERSION_H 1
| #define HAVE_NETDB_H 1
| #define HAVE_NETINET_IN_H 1
| #define HAVE_ASM_TYPES_H 1
| #define HAVE_NETINET_ICMP6_H 1
| #define RETSIGTYPE void
| #define GNU_LINUX
| #define HAVE_BCOPY 1
| #define HAVE_BZERO 1
| #define HAVE_STRERROR 1
| #define HAVE_INET_ATON 1
| #define HAVE_DAEMON 1
| #define HAVE_SNPRINTF 1
| #define HAVE_VSNPRINTF 1
| #define HAVE_IF_NAMETOINDEX 1
| #define HAVE_IF_INDEXTONAME 1
| #define HAVE_GETIFADDRS 1
| /* end confdefs.h.  */
| 
| /* Override any gcc2 internal prototype to avoid an error.  */
| #ifdef __cplusplus
| extern "C"
| #endif
| /* We use char because int might match the return type of a gcc2
|    builtin and then its argument prototype would still apply.  */
| char setproctitle ();
| int
| main ()
| {
| setproctitle ();
|   ;
|   return 0;
| }
configure:5471: result: no
configure:5484: checking zebra between kernel interface method
configure:5503: result: netlink
configure:5580: checking route read method check
configure:5603: result: netlink
configure:5607: checking interface looking up method
configure:5610: result: netlink
configure:5658: checking ipforward method check
configure:5683: result: proc
configure:5691: checking for getaddrinfo
configure:5741: gcc -o conftest -g -O2 -Wall   conftest.c  >&5
configure:5744: $? = 0
configure:5747: test -s conftest
configure:5750: $? = 0
configure:5761: result: yes
configure:5774: checking whether does this OS have IPv6 stack
configure:5873: result: Linux IPv6
configure:5883: checking for GNU libc 2.1
configure:5900: result: yes
configure:5985: checking for inet_ntop in -lc
configure:6016: gcc -o conftest -g -O2 -Wall   conftest.c -lc    >&5
configure:6019: $? = 0
configure:6022: test -s conftest
configure:6025: $? = 0
configure:6037: result: yes
configure:6047: checking for inet_pton in -lc
configure:6078: gcc -o conftest -g -O2 -Wall   conftest.c -lc    >&5
configure:6081: $? = 0
configure:6084: test -s conftest
configure:6087: $? = 0
configure:6099: result: yes
configure:6110: checking for crypt in -lcrypt
configure:6141: gcc -o conftest -g -O2 -Wall   conftest.c -lcrypt    >&5
configure:6144: $? = 0
configure:6147: test -s conftest
configure:6150: $? = 0
configure:6162: result: yes
configure:6174: checking for res_init in -lresolv
configure:6205: gcc -o conftest -g -O2 -Wall   conftest.c -lresolv  -lcrypt   >&5
/tmp/cc4uDIZH.o: In function `main':/home/MVL/apps/zebra/configure:6245: undefined reference to `res_init'
collect2: ld returned 1 exit status
configure:6208: $? = 1
configure: failed program was:
| #line 6181 "configure"
| /* confdefs.h.  */
| 
| #define PACKAGE_NAME ""
| #define PACKAGE_TARNAME ""
| #define PACKAGE_VERSION ""
| #define PACKAGE_STRING ""
| #define PACKAGE_BUGREPORT ""
| #define PACKAGE "zebra"
| #define VERSION "0.94"
| #define STDC_HEADERS 1
| #define HAVE_SYS_TYPES_H 1
| #define HAVE_SYS_STAT_H 1
| #define HAVE_STDLIB_H 1
| #define HAVE_STRING_H 1
| #define HAVE_MEMORY_H 1
| #define HAVE_STRINGS_H 1
| #define HAVE_INTTYPES_H 1
| #define HAVE_STDINT_H 1
| #define HAVE_UNISTD_H 1
| #define HAVE_STRING_H 1
| #define HAVE_STROPTS_H 1
| #define HAVE_SYS_TIME_H 1
| #define HAVE_SYS_TIMES_H 1
| #define HAVE_SYS_SELECT_H 1
| #define HAVE_SYS_SYSCTL_H 1
| #define HAVE_SYS_TYPES_H 1
| #define HAVE_LINUX_VERSION_H 1
| #define HAVE_NETDB_H 1
| #define HAVE_NETINET_IN_H 1
| #define HAVE_ASM_TYPES_H 1
| #define HAVE_NETINET_ICMP6_H 1
| #define RETSIGTYPE void
| #define GNU_LINUX
| #define HAVE_BCOPY 1
| #define HAVE_BZERO 1
| #define HAVE_STRERROR 1
| #define HAVE_INET_ATON 1
| #define HAVE_DAEMON 1
| #define HAVE_SNPRINTF 1
| #define HAVE_VSNPRINTF 1
| #define HAVE_IF_NAMETOINDEX 1
| #define HAVE_IF_INDEXTONAME 1
| #define HAVE_GETIFADDRS 1
| #define HAVE_NETLINK
| #define HAVE_PROC_NET_DEV
| #define HAVE_PROC_NET_IF_INET6
| #define HAVE_GETADDRINFO 1
| #define HAVE_IPV6 1
| #define LINUX_IPV6
| #define HAVE_INET_NTOP
| #define HAVE_INET_PTON
| #define HAVE_LIBCRYPT 1
| /* end confdefs.h.  */
| 
| /* Override any gcc2 internal prototype to avoid an error.  */
| #ifdef __cplusplus
| extern "C"
| #endif
| /* We use char because int might match the return type of a gcc2
|    builtin and then its argument prototype would still apply.  */
| char res_init ();
| int
| main ()
| {
| res_init ();
|   ;
|   return 0;
| }
configure:6226: result: no
configure:6238: checking for main in -lm
configure:6263: gcc -o conftest -g -O2 -Wall   conftest.c -lm  -lcrypt   >&5
configure:6266: $? = 0
configure:6269: test -s conftest
configure:6272: $? = 0
configure:6284: result: yes
configure:6296: checking for __inet_ntop
configure:6346: gcc -o conftest -g -O2 -Wall   conftest.c -lm -lcrypt   >&5
/tmp/cc6aRasY.o: In function `main':/home/MVL/apps/zebra/configure:6386: undefined reference to `__inet_ntop'
/tmp/cc6aRasY.o:(.data+0x0): undefined reference to `__inet_ntop'
collect2: ld returned 1 exit status
configure:6349: $? = 1
configure: failed program was:
| #line 6301 "configure"
| /* confdefs.h.  */
| 
| #define PACKAGE_NAME ""
| #define PACKAGE_TARNAME ""
| #define PACKAGE_VERSION ""
| #define PACKAGE_STRING ""
| #define PACKAGE_BUGREPORT ""
| #define PACKAGE "zebra"
| #define VERSION "0.94"
| #define STDC_HEADERS 1
| #define HAVE_SYS_TYPES_H 1
| #define HAVE_SYS_STAT_H 1
| #define HAVE_STDLIB_H 1
| #define HAVE_STRING_H 1
| #define HAVE_MEMORY_H 1
| #define HAVE_STRINGS_H 1
| #define HAVE_INTTYPES_H 1
| #define HAVE_STDINT_H 1
| #define HAVE_UNISTD_H 1
| #define HAVE_STRING_H 1
| #define HAVE_STROPTS_H 1
| #define HAVE_SYS_TIME_H 1
| #define HAVE_SYS_TIMES_H 1
| #define HAVE_SYS_SELECT_H 1
| #define HAVE_SYS_SYSCTL_H 1
| #define HAVE_SYS_TYPES_H 1
| #define HAVE_LINUX_VERSION_H 1
| #define HAVE_NETDB_H 1
| #define HAVE_NETINET_IN_H 1
| #define HAVE_ASM_TYPES_H 1
| #define HAVE_NETINET_ICMP6_H 1
| #define RETSIGTYPE void
| #define GNU_LINUX
| #define HAVE_BCOPY 1
| #define HAVE_BZERO 1
| #define HAVE_STRERROR 1
| #define HAVE_INET_ATON 1
| #define HAVE_DAEMON 1
| #define HAVE_SNPRINTF 1
| #define HAVE_VSNPRINTF 1
| #define HAVE_IF_NAMETOINDEX 1
| #define HAVE_IF_INDEXTONAME 1
| #define HAVE_GETIFADDRS 1
| #define HAVE_NETLINK
| #define HAVE_PROC_NET_DEV
| #define HAVE_PROC_NET_IF_INET6
| #define HAVE_GETADDRINFO 1
| #define HAVE_IPV6 1
| #define LINUX_IPV6
| #define HAVE_INET_NTOP
| #define HAVE_INET_PTON
| #define HAVE_LIBCRYPT 1
| #define HAVE_LIBM 1
| /* end confdefs.h.  */
| /* System header to define __stub macros and hopefully few prototypes,
|     which can conflict with char __inet_ntop (); below.
|     Prefer <limits.h> to <assert.h> if __STDC__ is defined, since
|     <limits.h> exists even on freestanding compilers.  */
| #ifdef __STDC__
| # include <limits.h>
| #else
| # include <assert.h>
| #endif
| /* Override any gcc2 internal prototype to avoid an error.  */
| #ifdef __cplusplus
| extern "C"
| {
| #endif
| /* We use char because int might match the return type of a gcc2
|    builtin and then its argument prototype would still apply.  */
| char __inet_ntop ();
| /* The GNU C library defines this for functions which it implements
|     to always fail with ENOSYS.  Some functions are actually named
|     something starting with __ and the normal name is an alias.  */
| #if defined (__stub___inet_ntop) || defined (__stub_____inet_ntop)
| choke me
| #else
| char (*f) () = __inet_ntop;
| #endif
| #ifdef __cplusplus
| }
| #endif
| 
| int
| main ()
| {
| return f != __inet_ntop;
|   ;
|   return 0;
| }
configure:6366: result: no
configure:6375: checking for __inet_pton
configure:6425: gcc -o conftest -g -O2 -Wall   conftest.c -lm -lcrypt   >&5
/tmp/cc4b7kh9.o: In function `main':/home/MVL/apps/zebra/configure:6465: undefined reference to `__inet_pton'
/tmp/cc4b7kh9.o:(.data+0x0): undefined reference to `__inet_pton'
collect2: ld returned 1 exit status
configure:6428: $? = 1
configure: failed program was:
| #line 6380 "configure"
| /* confdefs.h.  */
| 
| #define PACKAGE_NAME ""
| #define PACKAGE_TARNAME ""
| #define PACKAGE_VERSION ""
| #define PACKAGE_STRING ""
| #define PACKAGE_BUGREPORT ""
| #define PACKAGE "zebra"
| #define VERSION "0.94"
| #define STDC_HEADERS 1
| #define HAVE_SYS_TYPES_H 1
| #define HAVE_SYS_STAT_H 1
| #define HAVE_STDLIB_H 1
| #define HAVE_STRING_H 1
| #define HAVE_MEMORY_H 1
| #define HAVE_STRINGS_H 1
| #define HAVE_INTTYPES_H 1
| #define HAVE_STDINT_H 1
| #define HAVE_UNISTD_H 1
| #define HAVE_STRING_H 1
| #define HAVE_STROPTS_H 1
| #define HAVE_SYS_TIME_H 1
| #define HAVE_SYS_TIMES_H 1
| #define HAVE_SYS_SELECT_H 1
| #define HAVE_SYS_SYSCTL_H 1
| #define HAVE_SYS_TYPES_H 1
| #define HAVE_LINUX_VERSION_H 1
| #define HAVE_NETDB_H 1
| #define HAVE_NETINET_IN_H 1
| #define HAVE_ASM_TYPES_H 1
| #define HAVE_NETINET_ICMP6_H 1
| #define RETSIGTYPE void
| #define GNU_LINUX
| #define HAVE_BCOPY 1
| #define HAVE_BZERO 1
| #define HAVE_STRERROR 1
| #define HAVE_INET_ATON 1
| #define HAVE_DAEMON 1
| #define HAVE_SNPRINTF 1
| #define HAVE_VSNPRINTF 1
| #define HAVE_IF_NAMETOINDEX 1
| #define HAVE_IF_INDEXTONAME 1
| #define HAVE_GETIFADDRS 1
| #define HAVE_NETLINK
| #define HAVE_PROC_NET_DEV
| #define HAVE_PROC_NET_IF_INET6
| #define HAVE_GETADDRINFO 1
| #define HAVE_IPV6 1
| #define LINUX_IPV6
| #define HAVE_INET_NTOP
| #define HAVE_INET_PTON
| #define HAVE_LIBCRYPT 1
| #define HAVE_LIBM 1
| /* end confdefs.h.  */
| /* System header to define __stub macros and hopefully few prototypes,
|     which can conflict with char __inet_pton (); below.
|     Prefer <limits.h> to <assert.h> if __STDC__ is defined, since
|     <limits.h> exists even on freestanding compilers.  */
| #ifdef __STDC__
| # include <limits.h>
| #else
| # include <assert.h>
| #endif
| /* Override any gcc2 internal prototype to avoid an error.  */
| #ifdef __cplusplus
| extern "C"
| {
| #endif
| /* We use char because int might match the return type of a gcc2
|    builtin and then its argument prototype would still apply.  */
| char __inet_pton ();
| /* The GNU C library defines this for functions which it implements
|     to always fail with ENOSYS.  Some functions are actually named
|     something starting with __ and the normal name is an alias.  */
| #if defined (__stub___inet_pton) || defined (__stub_____inet_pton)
| choke me
| #else
| char (*f) () = __inet_pton;
| #endif
| #ifdef __cplusplus
| }
| #endif
| 
| int
| main ()
| {
| return f != __inet_pton;
|   ;
|   return 0;
| }
configure:6445: result: no
configure:6454: checking for __inet_aton
configure:6504: gcc -o conftest -g -O2 -Wall   conftest.c -lm -lcrypt   >&5
/tmp/cc6cQEkk.o: In function `main':/home/MVL/apps/zebra/configure:6544: undefined reference to `__inet_aton'
/tmp/cc6cQEkk.o:(.data+0x0): undefined reference to `__inet_aton'
collect2: ld returned 1 exit status
configure:6507: $? = 1
configure: failed program was:
| #line 6459 "configure"
| /* confdefs.h.  */
| 
| #define PACKAGE_NAME ""
| #define PACKAGE_TARNAME ""
| #define PACKAGE_VERSION ""
| #define PACKAGE_STRING ""
| #define PACKAGE_BUGREPORT ""
| #define PACKAGE "zebra"
| #define VERSION "0.94"
| #define STDC_HEADERS 1
| #define HAVE_SYS_TYPES_H 1
| #define HAVE_SYS_STAT_H 1
| #define HAVE_STDLIB_H 1
| #define HAVE_STRING_H 1
| #define HAVE_MEMORY_H 1
| #define HAVE_STRINGS_H 1
| #define HAVE_INTTYPES_H 1
| #define HAVE_STDINT_H 1
| #define HAVE_UNISTD_H 1
| #define HAVE_STRING_H 1
| #define HAVE_STROPTS_H 1
| #define HAVE_SYS_TIME_H 1
| #define HAVE_SYS_TIMES_H 1
| #define HAVE_SYS_SELECT_H 1
| #define HAVE_SYS_SYSCTL_H 1
| #define HAVE_SYS_TYPES_H 1
| #define HAVE_LINUX_VERSION_H 1
| #define HAVE_NETDB_H 1
| #define HAVE_NETINET_IN_H 1
| #define HAVE_ASM_TYPES_H 1
| #define HAVE_NETINET_ICMP6_H 1
| #define RETSIGTYPE void
| #define GNU_LINUX
| #define HAVE_BCOPY 1
| #define HAVE_BZERO 1
| #define HAVE_STRERROR 1
| #define HAVE_INET_ATON 1
| #define HAVE_DAEMON 1
| #define HAVE_SNPRINTF 1
| #define HAVE_VSNPRINTF 1
| #define HAVE_IF_NAMETOINDEX 1
| #define HAVE_IF_INDEXTONAME 1
| #define HAVE_GETIFADDRS 1
| #define HAVE_NETLINK
| #define HAVE_PROC_NET_DEV
| #define HAVE_PROC_NET_IF_INET6
| #define HAVE_GETADDRINFO 1
| #define HAVE_IPV6 1
| #define LINUX_IPV6
| #define HAVE_INET_NTOP
| #define HAVE_INET_PTON
| #define HAVE_LIBCRYPT 1
| #define HAVE_LIBM 1
| /* end confdefs.h.  */
| /* System header to define __stub macros and hopefully few prototypes,
|     which can conflict with char __inet_aton (); below.
|     Prefer <limits.h> to <assert.h> if __STDC__ is defined, since
|     <limits.h> exists even on freestanding compilers.  */
| #ifdef __STDC__
| # include <limits.h>
| #else
| # include <assert.h>
| #endif
| /* Override any gcc2 internal prototype to avoid an error.  */
| #ifdef __cplusplus
| extern "C"
| {
| #endif
| /* We use char because int might match the return type of a gcc2
|    builtin and then its argument prototype would still apply.  */
| char __inet_aton ();
| /* The GNU C library defines this for functions which it implements
|     to always fail with ENOSYS.  Some functions are actually named
|     something starting with __ and the normal name is an alias.  */
| #if defined (__stub___inet_aton) || defined (__stub_____inet_aton)
| choke me
| #else
| char (*f) () = __inet_aton;
| #endif
| #ifdef __cplusplus
| }
| #endif
| 
| int
| main ()
| {
| return f != __inet_aton;
|   ;
|   return 0;
| }
configure:6524: result: no
configure:6534: checking for regexec in -lc
configure:6565: gcc -o conftest -g -O2 -Wall   conftest.c -lc  -lm -lcrypt   >&5
configure:6568: $? = 0
configure:6571: test -s conftest
configure:6574: $? = 0
configure:6586: result: yes
configure:6933: checking whether struct sockaddr has a sa_len field
configure:6954: gcc -c -g -O2 -Wall  conftest.c >&5
configure: In function 'main':
configure:6996: error: 'struct sockaddr' has no member named 'sa_len'
configure:6996: warning: unused variable 'ac_j'
configure:6957: $? = 1
configure: failed program was:
| #line 6935 "configure"
| /* confdefs.h.  */
| 
| #define PACKAGE_NAME ""
| #define PACKAGE_TARNAME ""
| #define PACKAGE_VERSION ""
| #define PACKAGE_STRING ""
| #define PACKAGE_BUGREPORT ""
| #define PACKAGE "zebra"
| #define VERSION "0.94"
| #define STDC_HEADERS 1
| #define HAVE_SYS_TYPES_H 1
| #define HAVE_SYS_STAT_H 1
| #define HAVE_STDLIB_H 1
| #define HAVE_STRING_H 1
| #define HAVE_MEMORY_H 1
| #define HAVE_STRINGS_H 1
| #define HAVE_INTTYPES_H 1
| #define HAVE_STDINT_H 1
| #define HAVE_UNISTD_H 1
| #define HAVE_STRING_H 1
| #define HAVE_STROPTS_H 1
| #define HAVE_SYS_TIME_H 1
| #define HAVE_SYS_TIMES_H 1
| #define HAVE_SYS_SELECT_H 1
| #define HAVE_SYS_SYSCTL_H 1
| #define HAVE_SYS_TYPES_H 1
| #define HAVE_LINUX_VERSION_H 1
| #define HAVE_NETDB_H 1
| #define HAVE_NETINET_IN_H 1
| #define HAVE_ASM_TYPES_H 1
| #define HAVE_NETINET_ICMP6_H 1
| #define RETSIGTYPE void
| #define GNU_LINUX
| #define HAVE_BCOPY 1
| #define HAVE_BZERO 1
| #define HAVE_STRERROR 1
| #define HAVE_INET_ATON 1
| #define HAVE_DAEMON 1
| #define HAVE_SNPRINTF 1
| #define HAVE_VSNPRINTF 1
| #define HAVE_IF_NAMETOINDEX 1
| #define HAVE_IF_INDEXTONAME 1
| #define HAVE_GETIFADDRS 1
| #define HAVE_NETLINK
| #define HAVE_PROC_NET_DEV
| #define HAVE_PROC_NET_IF_INET6
| #define HAVE_GETADDRINFO 1
| #define HAVE_IPV6 1
| #define LINUX_IPV6
| #define HAVE_INET_NTOP
| #define HAVE_INET_PTON
| #define HAVE_LIBCRYPT 1
| #define HAVE_LIBM 1
| #define HAVE_GNU_REGEX
| /* end confdefs.h.  */
| #include <sys/types.h>
| #include <sys/socket.h>
| 
| int
| main ()
| {
| static struct sockaddr ac_i;int ac_j = sizeof (ac_i.sa_len);
|   ;
|   return 0;
| }
configure:6976: result: no
configure:6981: checking whether struct sockaddr_in has a sin_len field
configure:7002: gcc -c -g -O2 -Wall  conftest.c >&5
configure: In function 'main':
configure:7044: error: 'struct sockaddr_in' has no member named 'sin_len'
configure:7044: warning: unused variable 'ac_j'
configure:7005: $? = 1
configure: failed program was:
| #line 6983 "configure"
| /* confdefs.h.  */
| 
| #define PACKAGE_NAME ""
| #define PACKAGE_TARNAME ""
| #define PACKAGE_VERSION ""
| #define PACKAGE_STRING ""
| #define PACKAGE_BUGREPORT ""
| #define PACKAGE "zebra"
| #define VERSION "0.94"
| #define STDC_HEADERS 1
| #define HAVE_SYS_TYPES_H 1
| #define HAVE_SYS_STAT_H 1
| #define HAVE_STDLIB_H 1
| #define HAVE_STRING_H 1
| #define HAVE_MEMORY_H 1
| #define HAVE_STRINGS_H 1
| #define HAVE_INTTYPES_H 1
| #define HAVE_STDINT_H 1
| #define HAVE_UNISTD_H 1
| #define HAVE_STRING_H 1
| #define HAVE_STROPTS_H 1
| #define HAVE_SYS_TIME_H 1
| #define HAVE_SYS_TIMES_H 1
| #define HAVE_SYS_SELECT_H 1
| #define HAVE_SYS_SYSCTL_H 1
| #define HAVE_SYS_TYPES_H 1
| #define HAVE_LINUX_VERSION_H 1
| #define HAVE_NETDB_H 1
| #define HAVE_NETINET_IN_H 1
| #define HAVE_ASM_TYPES_H 1
| #define HAVE_NETINET_ICMP6_H 1
| #define RETSIGTYPE void
| #define GNU_LINUX
| #define HAVE_BCOPY 1
| #define HAVE_BZERO 1
| #define HAVE_STRERROR 1
| #define HAVE_INET_ATON 1
| #define HAVE_DAEMON 1
| #define HAVE_SNPRINTF 1
| #define HAVE_VSNPRINTF 1
| #define HAVE_IF_NAMETOINDEX 1
| #define HAVE_IF_INDEXTONAME 1
| #define HAVE_GETIFADDRS 1
| #define HAVE_NETLINK
| #define HAVE_PROC_NET_DEV
| #define HAVE_PROC_NET_IF_INET6
| #define HAVE_GETADDRINFO 1
| #define HAVE_IPV6 1
| #define LINUX_IPV6
| #define HAVE_INET_NTOP
| #define HAVE_INET_PTON
| #define HAVE_LIBCRYPT 1
| #define HAVE_LIBM 1
| #define HAVE_GNU_REGEX
| /* end confdefs.h.  */
| #include <sys/types.h>
| #include <netinet/in.h>
| 
| int
| main ()
| {
| static struct sockaddr_in ac_i;int ac_j = sizeof (ac_i.sin_len);
|   ;
|   return 0;
| }
configure:7024: result: no
configure:7029: checking whether struct sockaddr_un has a sun_len field
configure:7050: gcc -c -g -O2 -Wall  conftest.c >&5
configure: In function 'main':
configure:7092: error: 'struct sockaddr_un' has no member named 'sun_len'
configure:7092: warning: unused variable 'ac_j'
configure:7053: $? = 1
configure: failed program was:
| #line 7031 "configure"
| /* confdefs.h.  */
| 
| #define PACKAGE_NAME ""
| #define PACKAGE_TARNAME ""
| #define PACKAGE_VERSION ""
| #define PACKAGE_STRING ""
| #define PACKAGE_BUGREPORT ""
| #define PACKAGE "zebra"
| #define VERSION "0.94"
| #define STDC_HEADERS 1
| #define HAVE_SYS_TYPES_H 1
| #define HAVE_SYS_STAT_H 1
| #define HAVE_STDLIB_H 1
| #define HAVE_STRING_H 1
| #define HAVE_MEMORY_H 1
| #define HAVE_STRINGS_H 1
| #define HAVE_INTTYPES_H 1
| #define HAVE_STDINT_H 1
| #define HAVE_UNISTD_H 1
| #define HAVE_STRING_H 1
| #define HAVE_STROPTS_H 1
| #define HAVE_SYS_TIME_H 1
| #define HAVE_SYS_TIMES_H 1
| #define HAVE_SYS_SELECT_H 1
| #define HAVE_SYS_SYSCTL_H 1
| #define HAVE_SYS_TYPES_H 1
| #define HAVE_LINUX_VERSION_H 1
| #define HAVE_NETDB_H 1
| #define HAVE_NETINET_IN_H 1
| #define HAVE_ASM_TYPES_H 1
| #define HAVE_NETINET_ICMP6_H 1
| #define RETSIGTYPE void
| #define GNU_LINUX
| #define HAVE_BCOPY 1
| #define HAVE_BZERO 1
| #define HAVE_STRERROR 1
| #define HAVE_INET_ATON 1
| #define HAVE_DAEMON 1
| #define HAVE_SNPRINTF 1
| #define HAVE_VSNPRINTF 1
| #define HAVE_IF_NAMETOINDEX 1
| #define HAVE_IF_INDEXTONAME 1
| #define HAVE_GETIFADDRS 1
| #define HAVE_NETLINK
| #define HAVE_PROC_NET_DEV
| #define HAVE_PROC_NET_IF_INET6
| #define HAVE_GETADDRINFO 1
| #define HAVE_IPV6 1
| #define LINUX_IPV6
| #define HAVE_INET_NTOP
| #define HAVE_INET_PTON
| #define HAVE_LIBCRYPT 1
| #define HAVE_LIBM 1
| #define HAVE_GNU_REGEX
| /* end confdefs.h.  */
| #include <sys/types.h>
| #include <sys/un.h>
| 
| int
| main ()
| {
| static struct sockaddr_un ac_i;int ac_j = sizeof (ac_i.sun_len);
|   ;
|   return 0;
| }
configure:7072: result: no
configure:7078: checking whether struct sockaddr_in6 has a sin6_scope_id field
configure:7099: gcc -c -g -O2 -Wall  conftest.c >&5
configure: In function 'main':
configure:7141: warning: unused variable 'ac_j'
configure:7102: $? = 0
configure:7105: test -s conftest.o
configure:7108: $? = 0
configure:7110: result: yes
configure:7127: checking whther socklen_t is defined
configure:7149: gcc -c -g -O2 -Wall  conftest.c >&5
configure: In function 'main':
configure:7192: warning: unused variable 'ac_x'
configure:7152: $? = 0
configure:7155: test -s conftest.o
configure:7158: $? = 0
configure:7160: result: yes
configure:7176: checking whether struct sockaddr_dl exist
configure:7235:23: error: net/if_dl.h: No such file or directory
configure:7198: result: no
configure:7204: checking whether struct ifaliasreq exist
configure:7226: result: no
configure:7232: checking whether struct if6_aliasreq exist
configure:7291:30: error: netinet6/in6_var.h: No such file or directory
configure:7254: result: no
configure:7260: checking whether struct rt_addrinfo exist
configure:7282: result: no
configure:7288: checking whether struct in_pktinfo exist
configure:7308: gcc -c -g -O2 -Wall  conftest.c >&5
configure: In function 'main':
configure:7352: warning: unused variable 'ac_x'
configure:7311: $? = 0
configure:7314: test -s conftest.o
configure:7317: $? = 0
configure:7319: result: yes
configure:7335: checking whether getrusage is available
configure:7355: gcc -c -g -O2 -Wall  conftest.c >&5
configure:7358: $? = 0
configure:7361: test -s conftest.o
configure:7364: $? = 0
configure:7366: result: yes
configure:7386: checking pid file directory
configure:7400: result: /var/run
configure:7434: checking for working htonl
configure:7465: gcc -o conftest -g -O2 -Wall   conftest.c -lm -lcrypt   >&5
configure:7468: $? = 0
configure:7471: test -s conftest
configure:7474: $? = 0
configure:7486: result: yes
configure:7592: creating ./config.status

## ---------------------- ##
## Running config.status. ##
## ---------------------- ##

This file was extended by config.status, which was
generated by GNU Autoconf 2.57.  Invocation command line was

  CONFIG_FILES    = 
  CONFIG_HEADERS  = 
  CONFIG_LINKS    = 
  CONFIG_COMMANDS = 
  $ ./config.status 

on solo-Linux

config.status:689: creating Makefile
config.status:689: creating lib/Makefile
config.status:689: creating zebra/Makefile
config.status:689: creating ripd/Makefile
config.status:689: creating ripngd/Makefile
config.status:689: creating bgpd/Makefile
config.status:689: creating ospfd/Makefile
config.status:689: creating ospf6d/Makefile
config.status:689: creating vtysh/Makefile
config.status:689: creating doc/Makefile
config.status:793: creating config.h
config.status:1112: executing depfiles commands

## ---------------- ##
## Cache variables. ##
## ---------------- ##

ac_cv_build=i686-pc-linux-gnu
ac_cv_build_alias=i686-pc-linux-gnu
ac_cv_c_bigendian=no
ac_cv_c_compiler_gnu=yes
ac_cv_c_const=yes
ac_cv_env_CC_set=
ac_cv_env_CC_value=
ac_cv_env_CFLAGS_set=
ac_cv_env_CFLAGS_value=
ac_cv_env_CPPFLAGS_set=
ac_cv_env_CPPFLAGS_value=
ac_cv_env_CPP_set=
ac_cv_env_CPP_value=
ac_cv_env_LDFLAGS_set=
ac_cv_env_LDFLAGS_value=
ac_cv_env_build_alias_set=
ac_cv_env_build_alias_value=
ac_cv_env_host_alias_set=
ac_cv_env_host_alias_value=
ac_cv_env_target_alias_set=
ac_cv_env_target_alias_value=
ac_cv_exeext=
ac_cv_func___inet_aton=no
ac_cv_func___inet_ntop=no
ac_cv_func___inet_pton=no
ac_cv_func_bcopy=yes
ac_cv_func_bzero=yes
ac_cv_func_daemon=yes
ac_cv_func_getaddrinfo=yes
ac_cv_func_getifaddrs=yes
ac_cv_func_if_indextoname=yes
ac_cv_func_if_nametoindex=yes
ac_cv_func_inet_aton=yes
ac_cv_func_setproctitle=no
ac_cv_func_snprintf=yes
ac_cv_func_strerror=yes
ac_cv_func_strlcat=no
ac_cv_func_strlcpy=no
ac_cv_func_vsnprintf=yes
ac_cv_header_asm_types_h=yes
ac_cv_header_inet_nd_h=no
ac_cv_header_inttypes_h=yes
ac_cv_header_kvm_h=no
ac_cv_header_libutil_h=no
ac_cv_header_linux_version_h=yes
ac_cv_header_memory_h=yes
ac_cv_header_net_if_dl_h=no
ac_cv_header_net_if_var_h=no
ac_cv_header_net_netopt_h=no
ac_cv_header_netdb_h=yes
ac_cv_header_netinet6_nd6_h=no
ac_cv_header_netinet_icmp6_h=yes
ac_cv_header_netinet_in6_h=no
ac_cv_header_netinet_in6_var_h=no
ac_cv_header_netinet_in_h=yes
ac_cv_header_netinet_in_var_h=no
ac_cv_header_stdc=yes
ac_cv_header_stdint_h=yes
ac_cv_header_stdlib_h=yes
ac_cv_header_string_h=yes
ac_cv_header_strings_h=yes
ac_cv_header_stropts_h=yes
ac_cv_header_sys_conf_h=no
ac_cv_header_sys_ksym_h=no
ac_cv_header_sys_select_h=yes
ac_cv_header_sys_sockio_h=no
ac_cv_header_sys_stat_h=yes
ac_cv_header_sys_sysctl_h=yes
ac_cv_header_sys_time_h=yes
ac_cv_header_sys_times_h=yes
ac_cv_header_sys_types_h=yes
ac_cv_header_unistd_h=yes
ac_cv_host=i686-pc-linux-gnu
ac_cv_host_alias=i686-pc-linux-gnu
ac_cv_htonl_works=yes
ac_cv_lib_c_inet_ntop=yes
ac_cv_lib_c_inet_pton=yes
ac_cv_lib_c_regexec=yes
ac_cv_lib_crypt_crypt=yes
ac_cv_lib_m_main=yes
ac_cv_lib_resolv_res_init=no
ac_cv_lib_util_setproctitle=no
ac_cv_objext=o
ac_cv_path_install='/usr/bin/install -c'
ac_cv_prog_AWK=mawk
ac_cv_prog_CPP='gcc -E'
ac_cv_prog_ac_ct_AR=ar
ac_cv_prog_ac_ct_CC=gcc
ac_cv_prog_ac_ct_RANLIB=ranlib
ac_cv_prog_cc_g=yes
ac_cv_prog_cc_stdc=
ac_cv_prog_egrep='grep -E'
ac_cv_prog_make_make_set=yes
ac_cv_type_signal=void
am_cv_CC_dependencies_compiler_type=gcc3
zebra_cv_ipv6=yes
zebra_cv_linux_ipv6=yes

## ----------------- ##
## Output variables. ##
## ----------------- ##

ACLOCAL='${SHELL} /home/MVL/apps/zebra/missing --run aclocal-1.6'
AMDEPBACKSLASH='\'
AMDEP_FALSE='#'
AMDEP_TRUE=''
AMTAR='${SHELL} /home/MVL/apps/zebra/missing --run tar'
AR='ar'
AUTOCONF='${SHELL} /home/MVL/apps/zebra/missing --run autoconf'
AUTOHEADER='${SHELL} /home/MVL/apps/zebra/missing --run autoheader'
AUTOMAKE='${SHELL} /home/MVL/apps/zebra/missing --run automake-1.6'
AWK='mawk'
BGPD='bgpd'
CC='gcc'
CCDEPMODE='depmode=gcc3'
CFLAGS='-g -O2 -Wall'
CPP='gcc -E'
CPPFLAGS=''
CURSES=''
DEFS='-DHAVE_CONFIG_H'
DEPDIR='.deps'
ECHO_C=''
ECHO_N='-n'
ECHO_T=''
EGREP='grep -E'
EXEEXT=''
IF_METHOD='if_netlink.o'
IF_PROC='if_proc.o'
INCLUDES=''
INSTALL_DATA='${INSTALL} -m 644'
INSTALL_PROGRAM='${INSTALL}'
INSTALL_SCRIPT='${INSTALL}'
INSTALL_STRIP_PROGRAM='${SHELL} $(install_sh) -c -s'
IPFORWARD='ipforward_proc.o'
KERNEL_METHOD=''
LDFLAGS=''
LIBOBJS=''
LIBPAM=''
LIBS='-lm -lcrypt  '
LIB_IPV6=''
LIB_REGEX=''
LTLIBOBJS=''
MAKEINFO='${SHELL} /home/MVL/apps/zebra/missing --run makeinfo'
MULTIPATH_NUM='1'
OBJEXT='o'
OSPF6D='ospf6d'
OSPFD='ospfd'
OTHER_METHOD=''
PACKAGE='zebra'
PACKAGE_BUGREPORT=''
PACKAGE_NAME=''
PACKAGE_STRING=''
PACKAGE_TARNAME=''
PACKAGE_VERSION=''
PATH_SEPARATOR=':'
RANLIB='ranlib'
RIPD='ripd'
RIPNGD='ripngd'
RTREAD_METHOD='rtread_netlink.o'
RT_METHOD='rt_netlink.o'
SET_MAKE=''
SHELL='/bin/sh'
STRIP=''
VERSION='0.94'
VTYSH=''
ZEBRA='zebra'
ac_ct_AR='ar'
ac_ct_CC='gcc'
ac_ct_RANLIB='ranlib'
ac_ct_STRIP=''
am__include='include'
am__quote=''
bindir='${exec_prefix}/bin'
build='i686-pc-linux-gnu'
build_alias=''
build_cpu='i686'
build_os='linux-gnu'
build_vendor='pc'
datadir='${prefix}/share'
exec_prefix='${prefix}'
host='i686-pc-linux-gnu'
host_alias=''
host_cpu='i686'
host_os='linux-gnu'
host_vendor='pc'
includedir='${prefix}/include'
infodir='${prefix}/info'
install_sh='/home/MVL/apps/zebra/install-sh'
libdir='${exec_prefix}/lib'
libexecdir='${exec_prefix}/libexec'
localstatedir='${prefix}/var'
mandir='${prefix}/man'
oldincludedir='/usr/include'
prefix='/usr/local'
program_transform_name='s,x,x,'
sbindir='${exec_prefix}/sbin'
sharedstatedir='${prefix}/com'
sysconfdir='${prefix}/etc'
target_alias=''

## ----------- ##
## confdefs.h. ##
## ----------- ##

#define GNU_LINUX
#define HAVE_ASM_TYPES_H 1
#define HAVE_BCOPY 1
#define HAVE_BZERO 1
#define HAVE_DAEMON 1
#define HAVE_GETADDRINFO 1
#define HAVE_GETIFADDRS 1
#define HAVE_GNU_REGEX
#define HAVE_IF_INDEXTONAME 1
#define HAVE_IF_NAMETOINDEX 1
#define HAVE_INET_ATON 1
#define HAVE_INET_NTOP
#define HAVE_INET_PTON
#define HAVE_INPKTINFO
#define HAVE_INTTYPES_H 1
#define HAVE_IPV6 1
#define HAVE_LIBCRYPT 1
#define HAVE_LIBM 1
#define HAVE_LINUX_VERSION_H 1
#define HAVE_MEMORY_H 1
#define HAVE_NETDB_H 1
#define HAVE_NETINET_ICMP6_H 1
#define HAVE_NETINET_IN_H 1
#define HAVE_NETLINK
#define HAVE_PROC_NET_DEV
#define HAVE_PROC_NET_IF_INET6
#define HAVE_RUSAGE
#define HAVE_SIN6_SCOPE_ID
#define HAVE_SNPRINTF 1
#define HAVE_SOCKLEN_T
#define HAVE_STDINT_H 1
#define HAVE_STDLIB_H 1
#define HAVE_STRERROR 1
#define HAVE_STRINGS_H 1
#define HAVE_STRING_H 1
#define HAVE_STRING_H 1
#define HAVE_STROPTS_H 1
#define HAVE_SYS_SELECT_H 1
#define HAVE_SYS_STAT_H 1
#define HAVE_SYS_SYSCTL_H 1
#define HAVE_SYS_TIMES_H 1
#define HAVE_SYS_TIME_H 1
#define HAVE_SYS_TYPES_H 1
#define HAVE_SYS_TYPES_H 1
#define HAVE_UNISTD_H 1
#define HAVE_VSNPRINTF 1
#define LINUX_IPV6
#define PACKAGE "zebra"
#define PACKAGE_BUGREPORT ""
#define PACKAGE_NAME ""
#define PACKAGE_STRING ""
#define PACKAGE_TARNAME ""
#define PACKAGE_VERSION ""
#define PATH_BGPD_PID "/var/run/bgpd.pid"
#define PATH_OSPF6D_PID "/var/run/ospf6d.pid"
#define PATH_OSPFD_PID "/var/run/ospfd.pid"
#define PATH_RIPD_PID "/var/run/ripd.pid"
#define PATH_RIPNGD_PID "/var/run/ripngd.pid"
#define PATH_ZEBRA_PID "/var/run/zebra.pid"
#define RETSIGTYPE void
#define STDC_HEADERS 1
#define VERSION "0.94"

configure: exit 0

## ---------------------- ##
## Running config.status. ##
## ---------------------- ##

This file was extended by config.status, which was
generated by GNU Autoconf 2.57.  Invocation command line was

  CONFIG_FILES    = 
  CONFIG_HEADERS  = 
  CONFIG_LINKS    = 
  CONFIG_COMMANDS = 
  $ ./config.status config.h

on solo-Linux

config.status:793: creating config.h
config.status:1006: config.h is unchanged
