This file contains any messages produced by compilers while
running configure, to aid debugging if configure makes a mistake.

It was created by configure, which was
generated by GNU Autoconf 2.61.  Invocation command line was

  $ ./configure 

## --------- ##
## Platform. ##
## --------- ##

hostname = localhost.localdomain
uname -m = i686
uname -r = 2.6.9-1.667
uname -s = Linux
uname -v = #1 Tue Nov 2 14:41:25 EST 2004

/usr/bin/uname -p = unknown
/bin/uname -X     = unknown

/bin/arch              = i686
/usr/bin/arch -k       = unknown
/usr/convex/getsysinfo = unknown
/usr/bin/hostinfo      = unknown
/bin/machine           = unknown
/usr/bin/oslevel       = unknown
/bin/universe          = unknown

PATH: /usr/kerberos/sbin
PATH: /usr/kerberos/bin
PATH: /usr/local/sbin
PATH: /usr/local/bin
PATH: /sbin
PATH: /bin
PATH: /usr/sbin
PATH: /usr/bin
PATH: /usr/X11R6/bin
PATH: /root/bin


## ----------- ##
## Core tests. ##
## ----------- ##

configure:1774: checking for a BSD-compatible install
configure:1830: result: /usr/bin/install -c
configure:1841: checking whether build environment is sane
configure:1884: result: yes
configure:1949: checking for gawk
configure:1965: found /bin/gawk
configure:1976: result: gawk
configure:1987: checking whether make sets $(MAKE)
configure:2008: result: yes
configure:2223: checking command line for syslog facility name
configure:2237: result: default LOG_DAEMON
configure:2247: checking command line for bcrelay build
configure:2276: result: default no
configure:2329: checking for gcc
configure:2345: found /usr/bin/gcc
configure:2356: result: gcc
configure:2594: checking for C compiler version
configure:2601: gcc --version >&5
gcc (GCC) 3.4.2 20041017 (Red Hat 3.4.2-6.fc3)
Copyright (C) 2004 Free Software Foundation, Inc.
This is free software; see the source for copying conditions.  There is NO
warranty; not even for MERCHANTABILITY or FITNESS FOR A PARTICULAR PURPOSE.

configure:2604: $? = 0
configure:2611: gcc -v >&5
Reading specs from /usr/lib/gcc/i386-redhat-linux/3.4.2/specs
Configured with: ../configure --prefix=/usr --mandir=/usr/share/man --infodir=/usr/share/info --enable-shared --enable-threads=posix --disable-checking --with-system-zlib --enable-__cxa_atexit --disable-libunwind-exceptions --enable-java-awt=gtk --host=i386-redhat-linux
Thread model: posix
gcc version 3.4.2 20041017 (Red Hat 3.4.2-6.fc3)
configure:2614: $? = 0
configure:2621: gcc -V >&5
gcc: `-V' option must have argument
configure:2624: $? = 1
configure:2647: checking for C compiler default output file name
configure:2674: gcc    conftest.c  >&5
conftest.c:14:1: warning: "PPTP_FACILITY" redefined
conftest.c:11:1: warning: this is the location of the previous definition
configure:2677: $? = 0
configure:2715: result: a.out
configure:2732: checking whether the C compiler works
configure:2742: ./a.out
configure:2745: $? = 0
configure:2762: result: yes
configure:2769: checking whether we are cross compiling
configure:2771: result: no
configure:2774: checking for suffix of executables
configure:2781: gcc -o conftest    conftest.c  >&5
conftest.c:14:1: warning: "PPTP_FACILITY" redefined
conftest.c:11:1: warning: this is the location of the previous definition
configure:2784: $? = 0
configure:2808: result: 
configure:2814: checking for suffix of object files
configure:2840: gcc -c   conftest.c >&5
conftest.c:14:1: warning: "PPTP_FACILITY" redefined
conftest.c:11:1: warning: this is the location of the previous definition
configure:2843: $? = 0
configure:2866: result: o
configure:2870: checking whether we are using the GNU C compiler
configure:2899: gcc -c   conftest.c >&5
conftest.c:14:1: warning: "PPTP_FACILITY" redefined
conftest.c:11:1: warning: this is the location of the previous definition
configure:2905: $? = 0
configure:2922: result: yes
configure:2927: checking whether gcc accepts -g
configure:2957: gcc -c -g  conftest.c >&5
conftest.c:14:1: warning: "PPTP_FACILITY" redefined
conftest.c:11:1: warning: this is the location of the previous definition
configure:2963: $? = 0
configure: failed program was:
| /* confdefs.h.  */
| #define PACKAGE_NAME ""
| #define PACKAGE_TARNAME ""
| #define PACKAGE_VERSION ""
| #define PACKAGE_STRING ""
| #define PACKAGE_BUGREPORT ""
| #define PACKAGE "pptpd"
| #define VERSION "0.7.12"
| #define BCRELAY
| #define PPPD_VERSION
| #define PPTP_FACILITY
| #define PPP_BINARY "/usr/sbin/pppd"
| #define KERNELVERSION
| #define PPTP_FACILITY LOG_DAEMON
| /* end confdefs.h.  */
| 
| int
| main ()
| {
| 
|   ;
|   return 0;
| }
configure:2995: gcc -c   conftest.c >&5
conftest.c:14:1: warning: "PPTP_FACILITY" redefined
conftest.c:11:1: warning: this is the location of the previous definition
configure:3001: $? = 0
configure: failed program was:
| /* confdefs.h.  */
| #define PACKAGE_NAME ""
| #define PACKAGE_TARNAME ""
| #define PACKAGE_VERSION ""
| #define PACKAGE_STRING ""
| #define PACKAGE_BUGREPORT ""
| #define PACKAGE "pptpd"
| #define VERSION "0.7.12"
| #define BCRELAY
| #define PPPD_VERSION
| #define PPTP_FACILITY
| #define PPP_BINARY "/usr/sbin/pppd"
| #define KERNELVERSION
| #define PPTP_FACILITY LOG_DAEMON
| /* end confdefs.h.  */
| 
| int
| main ()
| {
| 
|   ;
|   return 0;
| }
configure:3034: gcc -c -g  conftest.c >&5
conftest.c:14:1: warning: "PPTP_FACILITY" redefined
conftest.c:11:1: warning: this is the location of the previous definition
configure:3040: $? = 0
configure:3062: result: yes
configure:3079: checking for gcc option to accept ISO C89
configure:3153: gcc  -c -g -O2  conftest.c >&5
conftest.c:14:1: warning: "PPTP_FACILITY" redefined
conftest.c:11:1: warning: this is the location of the previous definition
configure:3159: $? = 0
configure:3182: result: none needed
configure:3211: checking for style of include used by make
configure:3239: result: GNU
configure:3267: checking dependency style of gcc
configure:3357: result: none
configure:3417: checking for ranlib
configure:3433: found /usr/bin/ranlib
configure:3444: result: ranlib
configure:3483: checking for a BSD-compatible install
configure:3539: result: /usr/bin/install -c
configure:3550: checking whether ln -s works
configure:3554: result: yes
configure:3561: checking whether make sets $(MAKE)
configure:3582: result: yes
configure:3593: checking for an ANSI C-conforming const
configure:3668: gcc -c -g -O2  conftest.c >&5
conftest.c:14:1: warning: "PPTP_FACILITY" redefined
conftest.c:11:1: warning: this is the location of the previous definition
configure:3674: $? = 0
configure:3689: result: yes
configure:3699: checking for inline
configure:3725: gcc -c -g -O2  conftest.c >&5
conftest.c:14:1: warning: "PPTP_FACILITY" redefined
conftest.c:11:1: warning: this is the location of the previous definition
configure:3731: $? = 0
configure:3749: result: inline
configure:3771: checking whether #! works in shell scripts
configure:3788: result: yes
configure:3805: checking for setsid
configure:3861: gcc -o conftest -g -O2   conftest.c  >&5
conftest.c:14:1: warning: "PPTP_FACILITY" redefined
conftest.c:11:1: warning: this is the location of the previous definition
configure:3867: $? = 0
configure:3885: result: yes
configure:3805: checking for daemon
configure:3861: gcc -o conftest -g -O2   conftest.c  >&5
conftest.c:14:1: warning: "PPTP_FACILITY" redefined
conftest.c:11:1: warning: this is the location of the previous definition
configure:3867: $? = 0
configure:3885: result: yes
configure:3805: checking for setproctitle
configure:3861: gcc -o conftest -g -O2   conftest.c  >&5
conftest.c:14:1: warning: "PPTP_FACILITY" redefined
conftest.c:11:1: warning: this is the location of the previous definition
/tmp/ccasd9FQ.o(.text+0xd): In function `main':
/home/AthSDK/apps/accel-pptp-0.7.12/pptpd-1.3.3/conftest.c:52: undefined reference to `setproctitle'
collect2: ld returned 1 exit status
configure:3867: $? = 1
configure: failed program was:
| /* confdefs.h.  */
| #define PACKAGE_NAME ""
| #define PACKAGE_TARNAME ""
| #define PACKAGE_VERSION ""
| #define PACKAGE_STRING ""
| #define PACKAGE_BUGREPORT ""
| #define PACKAGE "pptpd"
| #define VERSION "0.7.12"
| #define BCRELAY
| #define PPPD_VERSION
| #define PPTP_FACILITY
| #define PPP_BINARY "/usr/sbin/pppd"
| #define KERNELVERSION
| #define PPTP_FACILITY LOG_DAEMON
| #define HAVE_SETSID 1
| #define HAVE_DAEMON 1
| /* end confdefs.h.  */
| /* Define setproctitle to an innocuous variant, in case <limits.h> declares setproctitle.
|    For example, HP-UX 11i <limits.h> declares gettimeofday.  */
| #define setproctitle innocuous_setproctitle
| 
| /* System header to define __stub macros and hopefully few prototypes,
|     which can conflict with char setproctitle (); below.
|     Prefer <limits.h> to <assert.h> if __STDC__ is defined, since
|     <limits.h> exists even on freestanding compilers.  */
| 
| #ifdef __STDC__
| # include <limits.h>
| #else
| # include <assert.h>
| #endif
| 
| #undef setproctitle
| 
| /* Override any GCC internal prototype to avoid an error.
|    Use char because int might match the return type of a GCC
|    builtin and then its argument prototype would still apply.  */
| #ifdef __cplusplus
| extern "C"
| #endif
| char setproctitle ();
| /* The GNU C library defines this for functions which it implements
|     to always fail with ENOSYS.  Some functions are actually named
|     something starting with __ and the normal name is an alias.  */
| #if defined __stub_setproctitle || defined __stub___setproctitle
| choke me
| #endif
| 
| int
| main ()
| {
| return setproctitle ();
|   ;
|   return 0;
| }
configure:3885: result: no
configure:3805: checking for getservbyname
configure:3861: gcc -o conftest -g -O2   conftest.c  >&5
conftest.c:14:1: warning: "PPTP_FACILITY" redefined
conftest.c:11:1: warning: this is the location of the previous definition
configure:3867: $? = 0
configure:3885: result: yes
configure:3805: checking for strlcpy
configure:3861: gcc -o conftest -g -O2   conftest.c  >&5
conftest.c:14:1: warning: "PPTP_FACILITY" redefined
conftest.c:11:1: warning: this is the location of the previous definition
/tmp/ccOqfIgq.o(.text+0xd): In function `main':
/home/AthSDK/apps/accel-pptp-0.7.12/pptpd-1.3.3/conftest.c:53: undefined reference to `strlcpy'
collect2: ld returned 1 exit status
configure:3867: $? = 1
configure: failed program was:
| /* confdefs.h.  */
| #define PACKAGE_NAME ""
| #define PACKAGE_TARNAME ""
| #define PACKAGE_VERSION ""
| #define PACKAGE_STRING ""
| #define PACKAGE_BUGREPORT ""
| #define PACKAGE "pptpd"
| #define VERSION "0.7.12"
| #define BCRELAY
| #define PPPD_VERSION
| #define PPTP_FACILITY
| #define PPP_BINARY "/usr/sbin/pppd"
| #define KERNELVERSION
| #define PPTP_FACILITY LOG_DAEMON
| #define HAVE_SETSID 1
| #define HAVE_DAEMON 1
| #define HAVE_GETSERVBYNAME 1
| /* end confdefs.h.  */
| /* Define strlcpy to an innocuous variant, in case <limits.h> declares strlcpy.
|    For example, HP-UX 11i <limits.h> declares gettimeofday.  */
| #define strlcpy innocuous_strlcpy
| 
| /* System header to define __stub macros and hopefully few prototypes,
|     which can conflict with char strlcpy (); below.
|     Prefer <limits.h> to <assert.h> if __STDC__ is defined, since
|     <limits.h> exists even on freestanding compilers.  */
| 
| #ifdef __STDC__
| # include <limits.h>
| #else
| # include <assert.h>
| #endif
| 
| #undef strlcpy
| 
| /* Override any GCC internal prototype to avoid an error.
|    Use char because int might match the return type of a GCC
|    builtin and then its argument prototype would still apply.  */
| #ifdef __cplusplus
| extern "C"
| #endif
| char strlcpy ();
| /* The GNU C library defines this for functions which it implements
|     to always fail with ENOSYS.  Some functions are actually named
|     something starting with __ and the normal name is an alias.  */
| #if defined __stub_strlcpy || defined __stub___strlcpy
| choke me
| #endif
| 
| int
| main ()
| {
| return strlcpy ();
|   ;
|   return 0;
| }
configure:3885: result: no
configure:3805: checking for fork
configure:3861: gcc -o conftest -g -O2   conftest.c  >&5
conftest.c:14:1: warning: "PPTP_FACILITY" redefined
conftest.c:11:1: warning: this is the location of the previous definition
configure:3867: $? = 0
configure:3885: result: yes
configure:3805: checking for memmove
configure:3861: gcc -o conftest -g -O2   conftest.c  >&5
conftest.c:14:1: warning: "PPTP_FACILITY" redefined
conftest.c:11:1: warning: this is the location of the previous definition
conftest.c:43: warning: conflicting types for built-in function 'memmove'
configure:3867: $? = 0
configure:3885: result: yes
configure:3805: checking for strerror
configure:3861: gcc -o conftest -g -O2   conftest.c  >&5
conftest.c:14:1: warning: "PPTP_FACILITY" redefined
conftest.c:11:1: warning: this is the location of the previous definition
configure:3867: $? = 0
configure:3885: result: yes
configure:3805: checking for writev
configure:3861: gcc -o conftest -g -O2   conftest.c  >&5
conftest.c:14:1: warning: "PPTP_FACILITY" redefined
conftest.c:11:1: warning: this is the location of the previous definition
configure:3867: $? = 0
configure:3885: result: yes
configure:3901: checking how to run the C preprocessor
configure:3941: gcc -E  conftest.c
conftest.c:14:1: warning: "PPTP_FACILITY" redefined
conftest.c:11:1: warning: this is the location of the previous definition
configure:3947: $? = 0
configure:3978: gcc -E  conftest.c
conftest.c:14:1: warning: "PPTP_FACILITY" redefined
conftest.c:11:1: warning: this is the location of the previous definition
conftest.c:23:28: ac_nonexistent.h: No such file or directory
configure:3984: $? = 1
configure: failed program was:
| /* confdefs.h.  */
| #define PACKAGE_NAME ""
| #define PACKAGE_TARNAME ""
| #define PACKAGE_VERSION ""
| #define PACKAGE_STRING ""
| #define PACKAGE_BUGREPORT ""
| #define PACKAGE "pptpd"
| #define VERSION "0.7.12"
| #define BCRELAY
| #define PPPD_VERSION
| #define PPTP_FACILITY
| #define PPP_BINARY "/usr/sbin/pppd"
| #define KERNELVERSION
| #define PPTP_FACILITY LOG_DAEMON
| #define HAVE_SETSID 1
| #define HAVE_DAEMON 1
| #define HAVE_GETSERVBYNAME 1
| #define HAVE_FORK 1
| #define HAVE_MEMMOVE 1
| #define HAVE_STRERROR 1
| #define HAVE_WRITEV 1
| /* end confdefs.h.  */
| #include <ac_nonexistent.h>
configure:4017: result: gcc -E
configure:4046: gcc -E  conftest.c
conftest.c:14:1: warning: "PPTP_FACILITY" redefined
conftest.c:11:1: warning: this is the location of the previous definition
configure:4052: $? = 0
configure:4083: gcc -E  conftest.c
conftest.c:14:1: warning: "PPTP_FACILITY" redefined
conftest.c:11:1: warning: this is the location of the previous definition
conftest.c:23:28: ac_nonexistent.h: No such file or directory
configure:4089: $? = 1
configure: failed program was:
| /* confdefs.h.  */
| #define PACKAGE_NAME ""
| #define PACKAGE_TARNAME ""
| #define PACKAGE_VERSION ""
| #define PACKAGE_STRING ""
| #define PACKAGE_BUGREPORT ""
| #define PACKAGE "pptpd"
| #define VERSION "0.7.12"
| #define BCRELAY
| #define PPPD_VERSION
| #define PPTP_FACILITY
| #define PPP_BINARY "/usr/sbin/pppd"
| #define KERNELVERSION
| #define PPTP_FACILITY LOG_DAEMON
| #define HAVE_SETSID 1
| #define HAVE_DAEMON 1
| #define HAVE_GETSERVBYNAME 1
| #define HAVE_FORK 1
| #define HAVE_MEMMOVE 1
| #define HAVE_STRERROR 1
| #define HAVE_WRITEV 1
| /* end confdefs.h.  */
| #include <ac_nonexistent.h>
configure:4127: checking for grep that handles long lines and -e
configure:4201: result: /bin/grep
configure:4206: checking for egrep
configure:4284: result: /bin/grep -E
configure:4289: checking for ANSI C header files
configure:4319: gcc -c -g -O2  conftest.c >&5
conftest.c:14:1: warning: "PPTP_FACILITY" redefined
conftest.c:11:1: warning: this is the location of the previous definition
configure:4325: $? = 0
conftest.c:14:1: warning: "PPTP_FACILITY" redefined
conftest.c:11:1: warning: this is the location of the previous definition
conftest.c:14:1: warning: "PPTP_FACILITY" redefined
conftest.c:11:1: warning: this is the location of the previous definition
configure:4424: gcc -o conftest -g -O2   conftest.c  >&5
conftest.c:14:1: warning: "PPTP_FACILITY" redefined
conftest.c:11:1: warning: this is the location of the previous definition
configure:4427: $? = 0
configure:4433: ./conftest
configure:4436: $? = 0
configure:4453: result: yes
configure:4477: checking for sys/types.h
configure:4498: gcc -c -g -O2  conftest.c >&5
conftest.c:14:1: warning: "PPTP_FACILITY" redefined
conftest.c:11:1: warning: this is the location of the previous definition
configure:4504: $? = 0
configure:4520: result: yes
configure:4477: checking for sys/stat.h
configure:4498: gcc -c -g -O2  conftest.c >&5
conftest.c:14:1: warning: "PPTP_FACILITY" redefined
conftest.c:11:1: warning: this is the location of the previous definition
configure:4504: $? = 0
configure:4520: result: yes
configure:4477: checking for stdlib.h
configure:4498: gcc -c -g -O2  conftest.c >&5
conftest.c:14:1: warning: "PPTP_FACILITY" redefined
conftest.c:11:1: warning: this is the location of the previous definition
configure:4504: $? = 0
configure:4520: result: yes
configure:4477: checking for string.h
configure:4498: gcc -c -g -O2  conftest.c >&5
conftest.c:14:1: warning: "PPTP_FACILITY" redefined
conftest.c:11:1: warning: this is the location of the previous definition
configure:4504: $? = 0
configure:4520: result: yes
configure:4477: checking for memory.h
configure:4498: gcc -c -g -O2  conftest.c >&5
conftest.c:14:1: warning: "PPTP_FACILITY" redefined
conftest.c:11:1: warning: this is the location of the previous definition
configure:4504: $? = 0
configure:4520: result: yes
configure:4477: checking for strings.h
configure:4498: gcc -c -g -O2  conftest.c >&5
conftest.c:14:1: warning: "PPTP_FACILITY" redefined
conftest.c:11:1: warning: this is the location of the previous definition
configure:4504: $? = 0
configure:4520: result: yes
configure:4477: checking for inttypes.h
configure:4498: gcc -c -g -O2  conftest.c >&5
conftest.c:14:1: warning: "PPTP_FACILITY" redefined
conftest.c:11:1: warning: this is the location of the previous definition
configure:4504: $? = 0
configure:4520: result: yes
configure:4477: checking for stdint.h
configure:4498: gcc -c -g -O2  conftest.c >&5
conftest.c:14:1: warning: "PPTP_FACILITY" redefined
conftest.c:11:1: warning: this is the location of the previous definition
configure:4504: $? = 0
configure:4520: result: yes
configure:4477: checking for unistd.h
configure:4498: gcc -c -g -O2  conftest.c >&5
conftest.c:14:1: warning: "PPTP_FACILITY" redefined
conftest.c:11:1: warning: this is the location of the previous definition
configure:4504: $? = 0
configure:4520: result: yes
configure:4537: checking for string.h
configure:4543: result: yes
configure:4687: checking syslog.h usability
configure:4704: gcc -c -g -O2  conftest.c >&5
conftest.c:14:1: warning: "PPTP_FACILITY" redefined
conftest.c:11:1: warning: this is the location of the previous definition
configure:4710: $? = 0
configure:4724: result: yes
configure:4728: checking syslog.h presence
configure:4743: gcc -E  conftest.c
conftest.c:14:1: warning: "PPTP_FACILITY" redefined
conftest.c:11:1: warning: this is the location of the previous definition
configure:4749: $? = 0
configure:4763: result: yes
configure:4791: checking for syslog.h
configure:4799: result: yes
configure:4827: checking libintl.h usability
configure:4844: gcc -c -g -O2  conftest.c >&5
conftest.c:14:1: warning: "PPTP_FACILITY" redefined
conftest.c:11:1: warning: this is the location of the previous definition
configure:4850: $? = 0
configure:4864: result: yes
configure:4868: checking libintl.h presence
configure:4883: gcc -E  conftest.c
conftest.c:14:1: warning: "PPTP_FACILITY" redefined
conftest.c:11:1: warning: this is the location of the previous definition
configure:4889: $? = 0
configure:4903: result: yes
configure:4931: checking for libintl.h
configure:4939: result: yes
configure:4967: checking libutil.h usability
configure:4984: gcc -c -g -O2  conftest.c >&5
conftest.c:14:1: warning: "PPTP_FACILITY" redefined
conftest.c:11:1: warning: this is the location of the previous definition
conftest.c:69:21: libutil.h: No such file or directory
configure:4990: $? = 1
configure: failed program was:
| /* confdefs.h.  */
| #define PACKAGE_NAME ""
| #define PACKAGE_TARNAME ""
| #define PACKAGE_VERSION ""
| #define PACKAGE_STRING ""
| #define PACKAGE_BUGREPORT ""
| #define PACKAGE "pptpd"
| #define VERSION "0.7.12"
| #define BCRELAY
| #define PPPD_VERSION
| #define PPTP_FACILITY
| #define PPP_BINARY "/usr/sbin/pppd"
| #define KERNELVERSION
| #define PPTP_FACILITY LOG_DAEMON
| #define HAVE_SETSID 1
| #define HAVE_DAEMON 1
| #define HAVE_GETSERVBYNAME 1
| #define HAVE_FORK 1
| #define HAVE_MEMMOVE 1
| #define HAVE_STRERROR 1
| #define HAVE_WRITEV 1
| #define STDC_HEADERS 1
| #define HAVE_SYS_TYPES_H 1
| #define HAVE_SYS_STAT_H 1
| #define HAVE_STDLIB_H 1
| #define HAVE_STRING_H 1
| #define HAVE_MEMORY_H 1
| #define HAVE_STRINGS_H 1
| #define HAVE_INTTYPES_H 1
| #define HAVE_STDINT_H 1
| #define HAVE_UNISTD_H 1
| #define HAVE_STRING_H 1
| #define HAVE_SYSLOG_H 1
| #define HAVE_LIBINTL_H 1
| /* end confdefs.h.  */
| #include <stdio.h>
| #ifdef HAVE_SYS_TYPES_H
| # include <sys/types.h>
| #endif
| #ifdef HAVE_SYS_STAT_H
| # include <sys/stat.h>
| #endif
| #ifdef STDC_HEADERS
| # include <stdlib.h>
| # include <stddef.h>
| #else
| # ifdef HAVE_STDLIB_H
| #  include <stdlib.h>
| # endif
| #endif
| #ifdef HAVE_STRING_H
| # if !defined STDC_HEADERS && defined HAVE_MEMORY_H
| #  include <memory.h>
| # endif
| # include <string.h>
| #endif
| #ifdef HAVE_STRINGS_H
| # include <strings.h>
| #endif
| #ifdef HAVE_INTTYPES_H
| # include <inttypes.h>
| #endif
| #ifdef HAVE_STDINT_H
| # include <stdint.h>
| #endif
| #ifdef HAVE_UNISTD_H
| # include <unistd.h>
| #endif
| #include <libutil.h>
configure:5004: result: no
configure:5008: checking libutil.h presence
configure:5023: gcc -E  conftest.c
conftest.c:14:1: warning: "PPTP_FACILITY" redefined
conftest.c:11:1: warning: this is the location of the previous definition
conftest.c:36:21: libutil.h: No such file or directory
configure:5029: $? = 1
configure: failed program was:
| /* confdefs.h.  */
| #define PACKAGE_NAME ""
| #define PACKAGE_TARNAME ""
| #define PACKAGE_VERSION ""
| #define PACKAGE_STRING ""
| #define PACKAGE_BUGREPORT ""
| #define PACKAGE "pptpd"
| #define VERSION "0.7.12"
| #define BCRELAY
| #define PPPD_VERSION
| #define PPTP_FACILITY
| #define PPP_BINARY "/usr/sbin/pppd"
| #define KERNELVERSION
| #define PPTP_FACILITY LOG_DAEMON
| #define HAVE_SETSID 1
| #define HAVE_DAEMON 1
| #define HAVE_GETSERVBYNAME 1
| #define HAVE_FORK 1
| #define HAVE_MEMMOVE 1
| #define HAVE_STRERROR 1
| #define HAVE_WRITEV 1
| #define STDC_HEADERS 1
| #define HAVE_SYS_TYPES_H 1
| #define HAVE_SYS_STAT_H 1
| #define HAVE_STDLIB_H 1
| #define HAVE_STRING_H 1
| #define HAVE_MEMORY_H 1
| #define HAVE_STRINGS_H 1
| #define HAVE_INTTYPES_H 1
| #define HAVE_STDINT_H 1
| #define HAVE_UNISTD_H 1
| #define HAVE_STRING_H 1
| #define HAVE_SYSLOG_H 1
| #define HAVE_LIBINTL_H 1
| /* end confdefs.h.  */
| #include <libutil.h>
configure:5043: result: no
configure:5071: checking for libutil.h
configure:5079: result: no
configure:5107: checking sys/uio.h usability
configure:5124: gcc -c -g -O2  conftest.c >&5
conftest.c:14:1: warning: "PPTP_FACILITY" redefined
conftest.c:11:1: warning: this is the location of the previous definition
configure:5130: $? = 0
configure:5144: result: yes
configure:5148: checking sys/uio.h presence
configure:5163: gcc -E  conftest.c
conftest.c:14:1: warning: "PPTP_FACILITY" redefined
conftest.c:11:1: warning: this is the location of the previous definition
configure:5169: $? = 0
configure:5183: result: yes
configure:5211: checking for sys/uio.h
configure:5219: result: yes
configure:5233: checking for size_t
configure:5263: gcc -c -g -O2  conftest.c >&5
conftest.c:14:1: warning: "PPTP_FACILITY" redefined
conftest.c:11:1: warning: this is the location of the previous definition
configure:5269: $? = 0
configure:5284: result: yes
configure:5296: checking for ssize_t
configure:5326: gcc -c -g -O2  conftest.c >&5
conftest.c:14:1: warning: "PPTP_FACILITY" redefined
conftest.c:11:1: warning: this is the location of the previous definition
configure:5332: $? = 0
configure:5347: result: yes
configure:5359: checking for u_int8_t
configure:5389: gcc -c -g -O2  conftest.c >&5
conftest.c:14:1: warning: "PPTP_FACILITY" redefined
conftest.c:11:1: warning: this is the location of the previous definition
configure:5395: $? = 0
configure:5410: result: yes
configure:5422: checking for u_int16_t
configure:5452: gcc -c -g -O2  conftest.c >&5
conftest.c:14:1: warning: "PPTP_FACILITY" redefined
conftest.c:11:1: warning: this is the location of the previous definition
configure:5458: $? = 0
configure:5473: result: yes
configure:5485: checking for u_int32_t
configure:5515: gcc -c -g -O2  conftest.c >&5
conftest.c:14:1: warning: "PPTP_FACILITY" redefined
conftest.c:11:1: warning: this is the location of the previous definition
configure:5521: $? = 0
configure:5536: result: yes
configure:5549: checking for socklen_t
conftest.c:14:1: warning: "PPTP_FACILITY" redefined
conftest.c:11:1: warning: this is the location of the previous definition
configure:5578: result: yes
configure:5712: checking for accept in -lc
configure:5747: gcc -o conftest -g -O2   conftest.c -lc   >&5
conftest.c:14:1: warning: "PPTP_FACILITY" redefined
conftest.c:11:1: warning: this is the location of the previous definition
configure:5753: $? = 0
configure:5771: result: yes
configure:5783: checking for gethostbyname in -lc
configure:5818: gcc -o conftest -g -O2   conftest.c -lc  -lc  >&5
conftest.c:14:1: warning: "PPTP_FACILITY" redefined
conftest.c:11:1: warning: this is the location of the previous definition
configure:5824: $? = 0
configure:5842: result: yes
configure:5854: checking for gettext in -lc
configure:5889: gcc -o conftest -g -O2   conftest.c -lc  -lc -lc  >&5
conftest.c:14:1: warning: "PPTP_FACILITY" redefined
conftest.c:11:1: warning: this is the location of the previous definition
conftest.c:46: warning: conflicting types for built-in function 'gettext'
configure:5895: $? = 0
configure:5913: result: yes
configure:5925: checking for accept in -lsocket
configure:5960: gcc -o conftest -g -O2   conftest.c -lsocket  -lc -lc -lc  >&5
conftest.c:14:1: warning: "PPTP_FACILITY" redefined
conftest.c:11:1: warning: this is the location of the previous definition
/usr/bin/ld: cannot find -lsocket
collect2: ld returned 1 exit status
configure:5966: $? = 1
configure: failed program was:
| /* confdefs.h.  */
| #define PACKAGE_NAME ""
| #define PACKAGE_TARNAME ""
| #define PACKAGE_VERSION ""
| #define PACKAGE_STRING ""
| #define PACKAGE_BUGREPORT ""
| #define PACKAGE "pptpd"
| #define VERSION "0.7.12"
| #define BCRELAY
| #define PPPD_VERSION
| #define PPTP_FACILITY
| #define PPP_BINARY "/usr/sbin/pppd"
| #define KERNELVERSION
| #define PPTP_FACILITY LOG_DAEMON
| #define HAVE_SETSID 1
| #define HAVE_DAEMON 1
| #define HAVE_GETSERVBYNAME 1
| #define HAVE_FORK 1
| #define HAVE_MEMMOVE 1
| #define HAVE_STRERROR 1
| #define HAVE_WRITEV 1
| #define STDC_HEADERS 1
| #define HAVE_SYS_TYPES_H 1
| #define HAVE_SYS_STAT_H 1
| #define HAVE_STDLIB_H 1
| #define HAVE_STRING_H 1
| #define HAVE_MEMORY_H 1
| #define HAVE_STRINGS_H 1
| #define HAVE_INTTYPES_H 1
| #define HAVE_STDINT_H 1
| #define HAVE_UNISTD_H 1
| #define HAVE_STRING_H 1
| #define HAVE_SYSLOG_H 1
| #define HAVE_LIBINTL_H 1
| #define HAVE_SYS_UIO_H 1
| #define HAVE_LIBC 1
| #define HAVE_LIBC 1
| #define HAVE_LIBC 1
| /* end confdefs.h.  */
| 
| /* Override any GCC internal prototype to avoid an error.
|    Use char because int might match the return type of a GCC
|    builtin and then its argument prototype would still apply.  */
| #ifdef __cplusplus
| extern "C"
| #endif
| char accept ();
| int
| main ()
| {
| return accept ();
|   ;
|   return 0;
| }
configure:5984: result: no
configure:5996: checking for gethostbyname in -lnsl
configure:6031: gcc -o conftest -g -O2   conftest.c -lnsl  -lc -lc -lc  >&5
conftest.c:14:1: warning: "PPTP_FACILITY" redefined
conftest.c:11:1: warning: this is the location of the previous definition
configure:6037: $? = 0
configure:6055: result: yes
configure:6067: checking for gettext in -lintl
configure:6102: gcc -o conftest -g -O2   conftest.c -lintl  -lnsl -lc -lc -lc  >&5
conftest.c:14:1: warning: "PPTP_FACILITY" redefined
conftest.c:11:1: warning: this is the location of the previous definition
conftest.c:48: warning: conflicting types for built-in function 'gettext'
/usr/bin/ld: cannot find -lintl
collect2: ld returned 1 exit status
configure:6108: $? = 1
configure: failed program was:
| /* confdefs.h.  */
| #define PACKAGE_NAME ""
| #define PACKAGE_TARNAME ""
| #define PACKAGE_VERSION ""
| #define PACKAGE_STRING ""
| #define PACKAGE_BUGREPORT ""
| #define PACKAGE "pptpd"
| #define VERSION "0.7.12"
| #define BCRELAY
| #define PPPD_VERSION
| #define PPTP_FACILITY
| #define PPP_BINARY "/usr/sbin/pppd"
| #define KERNELVERSION
| #define PPTP_FACILITY LOG_DAEMON
| #define HAVE_SETSID 1
| #define HAVE_DAEMON 1
| #define HAVE_GETSERVBYNAME 1
| #define HAVE_FORK 1
| #define HAVE_MEMMOVE 1
| #define HAVE_STRERROR 1
| #define HAVE_WRITEV 1
| #define STDC_HEADERS 1
| #define HAVE_SYS_TYPES_H 1
| #define HAVE_SYS_STAT_H 1
| #define HAVE_STDLIB_H 1
| #define HAVE_STRING_H 1
| #define HAVE_MEMORY_H 1
| #define HAVE_STRINGS_H 1
| #define HAVE_INTTYPES_H 1
| #define HAVE_STDINT_H 1
| #define HAVE_UNISTD_H 1
| #define HAVE_STRING_H 1
| #define HAVE_SYSLOG_H 1
| #define HAVE_LIBINTL_H 1
| #define HAVE_SYS_UIO_H 1
| #define HAVE_LIBC 1
| #define HAVE_LIBC 1
| #define HAVE_LIBC 1
| #define HAVE_LIBNSL 1
| /* end confdefs.h.  */
| 
| /* Override any GCC internal prototype to avoid an error.
|    Use char because int might match the return type of a GCC
|    builtin and then its argument prototype would still apply.  */
| #ifdef __cplusplus
| extern "C"
| #endif
| char gettext ();
| int
| main ()
| {
| return gettext ();
|   ;
|   return 0;
| }
configure:6126: result: no
configure:6182: checking for linux kernel herders
configure:6219: result: found (2.6.15 at /home/AthSDK/platform/AR9100/kernels/mips-linux-2.6.15/)
configure:6225: checking for pppd
configure:6246: result: /usr/sbin/pppd (2.4.2)
configure:6465: creating ./config.status

## ---------------------- ##
## Running config.status. ##
## ---------------------- ##

This file was extended by config.status, which was
generated by GNU Autoconf 2.61.  Invocation command line was

  CONFIG_FILES    = 
  CONFIG_HEADERS  = 
  CONFIG_LINKS    = 
  CONFIG_COMMANDS = 
  $ ./config.status 

on localhost.localdomain

config.status:639: creating Makefile
config.status:639: creating config.h
config.status:926: executing depfiles commands

## ---------------- ##
## Cache variables. ##
## ---------------- ##

ac_cv_c_compiler_gnu=yes
ac_cv_c_const=yes
ac_cv_c_inline=inline
ac_cv_env_CC_set=
ac_cv_env_CC_value=
ac_cv_env_CFLAGS_set=
ac_cv_env_CFLAGS_value=
ac_cv_env_CPPFLAGS_set=
ac_cv_env_CPPFLAGS_value=
ac_cv_env_CPP_set=
ac_cv_env_CPP_value=
ac_cv_env_LDFLAGS_set=
ac_cv_env_LDFLAGS_value=
ac_cv_env_LIBS_set=
ac_cv_env_LIBS_value=
ac_cv_env_build_alias_set=
ac_cv_env_build_alias_value=
ac_cv_env_host_alias_set=
ac_cv_env_host_alias_value=
ac_cv_env_target_alias_set=
ac_cv_env_target_alias_value=
ac_cv_func_daemon=yes
ac_cv_func_fork=yes
ac_cv_func_getservbyname=yes
ac_cv_func_memmove=yes
ac_cv_func_setproctitle=no
ac_cv_func_setsid=yes
ac_cv_func_strerror=yes
ac_cv_func_strlcpy=no
ac_cv_func_writev=yes
ac_cv_header_inttypes_h=yes
ac_cv_header_libintl_h=yes
ac_cv_header_libutil_h=no
ac_cv_header_memory_h=yes
ac_cv_header_stdc=yes
ac_cv_header_stdint_h=yes
ac_cv_header_stdlib_h=yes
ac_cv_header_string_h=yes
ac_cv_header_strings_h=yes
ac_cv_header_sys_stat_h=yes
ac_cv_header_sys_types_h=yes
ac_cv_header_sys_uio_h=yes
ac_cv_header_syslog_h=yes
ac_cv_header_unistd_h=yes
ac_cv_lib_c_accept=yes
ac_cv_lib_c_gethostbyname=yes
ac_cv_lib_c_gettext=yes
ac_cv_lib_intl_gettext=no
ac_cv_lib_nsl_gethostbyname=yes
ac_cv_lib_socket_accept=no
ac_cv_objext=o
ac_cv_path_EGREP='/bin/grep -E'
ac_cv_path_GREP=/bin/grep
ac_cv_path_install='/usr/bin/install -c'
ac_cv_prog_AWK=gawk
ac_cv_prog_CPP='gcc -E'
ac_cv_prog_ac_ct_CC=gcc
ac_cv_prog_ac_ct_RANLIB=ranlib
ac_cv_prog_cc_c89=
ac_cv_prog_cc_g=yes
ac_cv_prog_make_make_set=yes
ac_cv_sys_interpreter=yes
ac_cv_type_size_t=yes
ac_cv_type_socklen_t=yes
ac_cv_type_ssize_t=yes
ac_cv_type_u_int16_t=yes
ac_cv_type_u_int32_t=yes
ac_cv_type_u_int8_t=yes
am_cv_CC_dependencies_compiler_type=none

## ----------------- ##
## Output variables. ##
## ----------------- ##

ACLOCAL='${SHELL} /home/AthSDK/apps/accel-pptp-0.7.12/pptpd-1.3.3/missing --run aclocal-1.9'
AMDEPBACKSLASH='\'
AMDEP_FALSE='#'
AMDEP_TRUE=''
AMTAR='${SHELL} /home/AthSDK/apps/accel-pptp-0.7.12/pptpd-1.3.3/missing --run tar'
AUTOCONF='${SHELL} /home/AthSDK/apps/accel-pptp-0.7.12/pptpd-1.3.3/missing --run autoconf'
AUTOHEADER='${SHELL} /home/AthSDK/apps/accel-pptp-0.7.12/pptpd-1.3.3/missing --run autoheader'
AUTOMAKE='${SHELL} /home/AthSDK/apps/accel-pptp-0.7.12/pptpd-1.3.3/missing --run automake-1.9'
AWK='gawk'
CC='gcc'
CCDEPMODE='depmode=none'
CFLAGS='-g -O2 -I. -I/home/AthSDK/platform/AR9100/kernels/mips-linux-2.6.15/include'
CPP='gcc -E'
CPPFLAGS=''
CYGPATH_W='echo'
DEFS='-DHAVE_CONFIG_H'
DEPDIR='.deps'
ECHO_C=''
ECHO_N='-n'
ECHO_T=''
EGREP='/bin/grep -E'
EXEEXT=''
GREP='/bin/grep'
INSTALL_DATA='${INSTALL} -m 644'
INSTALL_PROGRAM='${INSTALL}'
INSTALL_SCRIPT='${INSTALL}'
INSTALL_STRIP_PROGRAM='${SHELL} $(install_sh) -c -s'
LDFLAGS=''
LIBOBJS=''
LIBS=''
LN_S='ln -s'
LTLIBOBJS=''
MAKEINFO='${SHELL} /home/AthSDK/apps/accel-pptp-0.7.12/pptpd-1.3.3/missing --run makeinfo'
OBJEXT='o'
PACKAGE='pptpd'
PACKAGE_BUGREPORT=''
PACKAGE_NAME=''
PACKAGE_STRING=''
PACKAGE_TARNAME=''
PACKAGE_VERSION=''
PATH_SEPARATOR=':'
RANLIB='ranlib'
SET_MAKE=''
SHELL='/bin/sh'
STRIP=''
VERSION='2'
XTRALIBS_CTRL=''
XTRALIBS_MGR=''
XTRA_PROG=''
ac_ct_CC='gcc'
am__fastdepCC_FALSE=''
am__fastdepCC_TRUE='#'
am__include='include'
am__leading_dot='.'
am__quote=''
am__tar='${AMTAR} chof - "$$tardir"'
am__untar='${AMTAR} xf -'
bindir='${exec_prefix}/bin'
build_alias=''
datadir='${datarootdir}'
datarootdir='${prefix}/share'
docdir='${datarootdir}/doc/${PACKAGE}'
dvidir='${docdir}'
exec_prefix='${prefix}'
host_alias=''
htmldir='${docdir}'
includedir='${prefix}/include'
infodir='${datarootdir}/info'
install_sh='/home/AthSDK/apps/accel-pptp-0.7.12/pptpd-1.3.3/install-sh'
kernel_headers='/home/AthSDK/platform/AR9100/kernels/mips-linux-2.6.15/include'
libdir='${exec_prefix}/lib'
libexecdir='${exec_prefix}/libexec'
localedir='${datarootdir}/locale'
localstatedir='${prefix}/var'
mandir='${datarootdir}/man'
mkdir_p='mkdir -p --'
oldincludedir='/usr/include'
pdfdir='${docdir}'
prefix='/usr/local'
program_transform_name='s,x,x,'
psdir='${docdir}'
sbindir='${exec_prefix}/sbin'
sharedstatedir='${prefix}/com'
sysconfdir='${prefix}/etc'
target_alias=''

## ----------- ##
## confdefs.h. ##
## ----------- ##

#define PACKAGE_NAME ""
#define PACKAGE_TARNAME ""
#define PACKAGE_VERSION ""
#define PACKAGE_STRING ""
#define PACKAGE_BUGREPORT ""
#define PACKAGE "pptpd"
#define VERSION "0.7.12"
#define BCRELAY
#define PPPD_VERSION
#define PPTP_FACILITY
#define PPP_BINARY "/usr/sbin/pppd"
#define KERNELVERSION
#define PPTP_FACILITY LOG_DAEMON
#define HAVE_SETSID 1
#define HAVE_DAEMON 1
#define HAVE_GETSERVBYNAME 1
#define HAVE_FORK 1
#define HAVE_MEMMOVE 1
#define HAVE_STRERROR 1
#define HAVE_WRITEV 1
#define STDC_HEADERS 1
#define HAVE_SYS_TYPES_H 1
#define HAVE_SYS_STAT_H 1
#define HAVE_STDLIB_H 1
#define HAVE_STRING_H 1
#define HAVE_MEMORY_H 1
#define HAVE_STRINGS_H 1
#define HAVE_INTTYPES_H 1
#define HAVE_STDINT_H 1
#define HAVE_UNISTD_H 1
#define HAVE_STRING_H 1
#define HAVE_SYSLOG_H 1
#define HAVE_LIBINTL_H 1
#define HAVE_SYS_UIO_H 1
#define HAVE_LIBC 1
#define HAVE_LIBC 1
#define HAVE_LIBC 1
#define HAVE_LIBNSL 1
#define KERNELVERSION "2.6.15"
#define PPPD_VERSION "2.4.2"

configure: exit 0
