This file contains any messages produced by compilers while
running configure, to aid debugging if configure makes a mistake.

It was created by flex configure 2.5.31, which was
generated by GNU Autoconf 2.59.  Invocation command line was

  $ ./configure --disable-nls

## --------- ##
## Platform. ##
## --------- ##

hostname = localhost.localdomain
uname -m = i686
uname -r = 2.6.9-55.0.9.ELsmp
uname -s = Linux
uname -v = #1 SMP Thu Sep 27 18:27:41 EDT 2007

/usr/bin/uname -p = unknown
/bin/uname -X     = unknown

/bin/arch              = i686
/usr/bin/arch -k       = unknown
/usr/convex/getsysinfo = unknown
hostinfo               = unknown
/bin/machine           = unknown
/usr/bin/oslevel       = unknown
/bin/universe          = unknown

PATH: /usr/kerberos/sbin
PATH: /usr/kerberos/bin
PATH: /usr/local/sbin
PATH: /usr/local/bin
PATH: /sbin
PATH: /bin
PATH: /usr/sbin
PATH: /usr/bin
PATH: /usr/X11R6/bin
PATH: /root/bin


## ----------- ##
## Core tests. ##
## ----------- ##

configure:1378: checking for a BSD-compatible install
configure:1433: result: /usr/bin/install -c
configure:1444: checking whether build environment is sane
configure:1487: result: yes
configure:1520: checking for gawk
configure:1536: found /bin/gawk
configure:1546: result: gawk
configure:1556: checking whether make sets $(MAKE)
configure:1576: result: yes
configure:1759: checking for msgfmt
configure:1787: result: /usr/bin/msgfmt
configure:1796: checking for gmsgfmt
configure:1827: result: /usr/bin/msgfmt
configure:1837: checking for xgettext
configure:1865: result: /usr/bin/xgettext
configure:1876: checking for msgmerge
configure:1903: result: /usr/bin/msgmerge
configure:1966: checking for style of include used by make
configure:1994: result: GNU
configure:2065: checking for gcc
configure:2081: found /usr/bin/gcc
configure:2091: result: gcc
configure:2335: checking for C compiler version
configure:2338: gcc --version </dev/null >&5
gcc (GCC) 3.4.6 20060404 (Red Hat 3.4.6-8)
Copyright (C) 2006 Free Software Foundation, Inc.
This is free software; see the source for copying conditions.  There is NO
warranty; not even for MERCHANTABILITY or FITNESS FOR A PARTICULAR PURPOSE.

configure:2341: $? = 0
configure:2343: gcc -v </dev/null >&5
Reading specs from /usr/lib/gcc/i386-redhat-linux/3.4.6/specs
Configured with: ../configure --prefix=/usr --mandir=/usr/share/man --infodir=/usr/share/info --enable-shared --enable-threads=posix --disable-checking --with-system-zlib --enable-__cxa_atexit --disable-libunwind-exceptions --enable-java-awt=gtk --host=i386-redhat-linux
Thread model: posix
gcc version 3.4.6 20060404 (Red Hat 3.4.6-8)
configure:2346: $? = 0
configure:2348: gcc -V </dev/null >&5
gcc: `-V' option must have argument
configure:2351: $? = 1
configure:2374: checking for C compiler default output file name
configure:2377: gcc    conftest.c  >&5
configure:2380: $? = 0
configure:2426: result: a.out
configure:2431: checking whether the C compiler works
configure:2437: ./a.out
configure:2440: $? = 0
configure:2457: result: yes
configure:2464: checking whether we are cross compiling
configure:2466: result: no
configure:2469: checking for suffix of executables
configure:2471: gcc -o conftest    conftest.c  >&5
configure:2474: $? = 0
configure:2499: result: 
configure:2505: checking for suffix of object files
configure:2526: gcc -c   conftest.c >&5
configure:2529: $? = 0
configure:2551: result: o
configure:2555: checking whether we are using the GNU C compiler
configure:2579: gcc -c   conftest.c >&5
configure:2585: $? = 0
configure:2589: test -z 
			 || test ! -s conftest.err
configure:2592: $? = 0
configure:2595: test -s conftest.o
configure:2598: $? = 0
configure:2611: result: yes
configure:2617: checking whether gcc accepts -g
configure:2638: gcc -c -g  conftest.c >&5
configure:2644: $? = 0
configure:2648: test -z 
			 || test ! -s conftest.err
configure:2651: $? = 0
configure:2654: test -s conftest.o
configure:2657: $? = 0
configure:2668: result: yes
configure:2685: checking for gcc option to accept ANSI C
configure:2755: gcc  -c -g -O2  conftest.c >&5
configure:2761: $? = 0
configure:2765: test -z 
			 || test ! -s conftest.err
configure:2768: $? = 0
configure:2771: test -s conftest.o
configure:2774: $? = 0
configure:2792: result: none needed
configure:2810: gcc -c -g -O2  conftest.c >&5
conftest.c:2: error: syntax error before "me"
configure:2816: $? = 1
configure: failed program was:
| #ifndef __cplusplus
|   choke me
| #endif
configure:2951: checking dependency style of gcc
configure:3034: result: gcc3
configure:3057: checking build system type
configure:3075: result: i686-pc-linux-gnu
configure:3083: checking host system type
configure:3097: result: i686-pc-linux-gnu
configure:3116: checking for ld used by GCC
configure:3179: result: /usr/bin/ld
configure:3188: checking if the linker (/usr/bin/ld) is GNU ld
GNU ld version 2.15.92.0.2 20040927
configure:3200: result: yes
configure:3206: checking for shared library run path origin
configure:3219: result: done
configure:3637: checking whether NLS is requested
configure:3646: result: no
configure:4479: checking for bison
configure:4495: found /usr/bin/bison
configure:4505: result: bison -y
configure:4520: checking for flex
configure:4536: found /usr/bin/flex
configure:4546: result: flex
configure:4559: checking for yywrap in -lfl
configure:4589: gcc -o conftest -g -O2   conftest.c -lfl   >&5
configure:4595: $? = 0
configure:4599: test -z 
			 || test ! -s conftest.err
configure:4602: $? = 0
configure:4605: test -s conftest
configure:4608: $? = 0
configure:4621: result: yes
configure:4699: checking lex output file root
configure:4710: flex conftest.l
configure:4713: $? = 0
configure:4725: result: lex.yy
configure:4730: checking whether yytext is a pointer
configure:4746: gcc -o conftest -g -O2   conftest.c  -lfl >&5
configure:4752: $? = 0
configure:4756: test -z 
			 || test ! -s conftest.err
configure:4759: $? = 0
configure:4762: test -s conftest
configure:4765: $? = 0
configure:4779: result: yes
configure:4839: checking for gcc
configure:4865: result: gcc
configure:5109: checking for C compiler version
configure:5112: gcc --version </dev/null >&5
gcc (GCC) 3.4.6 20060404 (Red Hat 3.4.6-8)
Copyright (C) 2006 Free Software Foundation, Inc.
This is free software; see the source for copying conditions.  There is NO
warranty; not even for MERCHANTABILITY or FITNESS FOR A PARTICULAR PURPOSE.

configure:5115: $? = 0
configure:5117: gcc -v </dev/null >&5
Reading specs from /usr/lib/gcc/i386-redhat-linux/3.4.6/specs
Configured with: ../configure --prefix=/usr --mandir=/usr/share/man --infodir=/usr/share/info --enable-shared --enable-threads=posix --disable-checking --with-system-zlib --enable-__cxa_atexit --disable-libunwind-exceptions --enable-java-awt=gtk --host=i386-redhat-linux
Thread model: posix
gcc version 3.4.6 20060404 (Red Hat 3.4.6-8)
configure:5120: $? = 0
configure:5122: gcc -V </dev/null >&5
gcc: `-V' option must have argument
configure:5125: $? = 1
configure:5128: checking whether we are using the GNU C compiler
configure:5184: result: yes
configure:5190: checking whether gcc accepts -g
configure:5241: result: yes
configure:5258: checking for gcc option to accept ANSI C
configure:5365: result: none needed
configure:5383: gcc -c -g -O2  conftest.c >&5
conftest.c:2: error: syntax error before "me"
configure:5389: $? = 1
configure: failed program was:
| #ifndef __cplusplus
|   choke me
| #endif
configure:5524: checking dependency style of gcc
configure:5607: result: gcc3
configure:5676: checking for g++
configure:5692: found /usr/bin/g++
configure:5702: result: g++
configure:5718: checking for C++ compiler version
configure:5721: g++ --version </dev/null >&5
g++ (GCC) 3.4.6 20060404 (Red Hat 3.4.6-8)
Copyright (C) 2006 Free Software Foundation, Inc.
This is free software; see the source for copying conditions.  There is NO
warranty; not even for MERCHANTABILITY or FITNESS FOR A PARTICULAR PURPOSE.

configure:5724: $? = 0
configure:5726: g++ -v </dev/null >&5
Reading specs from /usr/lib/gcc/i386-redhat-linux/3.4.6/specs
Configured with: ../configure --prefix=/usr --mandir=/usr/share/man --infodir=/usr/share/info --enable-shared --enable-threads=posix --disable-checking --with-system-zlib --enable-__cxa_atexit --disable-libunwind-exceptions --enable-java-awt=gtk --host=i386-redhat-linux
Thread model: posix
gcc version 3.4.6 20060404 (Red Hat 3.4.6-8)
configure:5729: $? = 0
configure:5731: g++ -V </dev/null >&5
g++: `-V' option must have argument
configure:5734: $? = 1
configure:5737: checking whether we are using the GNU C++ compiler
configure:5761: g++ -c   conftest.cc >&5
configure:5767: $? = 0
configure:5771: test -z 
			 || test ! -s conftest.err
configure:5774: $? = 0
configure:5777: test -s conftest.o
configure:5780: $? = 0
configure:5793: result: yes
configure:5799: checking whether g++ accepts -g
configure:5820: g++ -c -g  conftest.cc >&5
configure:5826: $? = 0
configure:5830: test -z 
			 || test ! -s conftest.err
configure:5833: $? = 0
configure:5836: test -s conftest.o
configure:5839: $? = 0
configure:5850: result: yes
configure:5892: g++ -c -g -O2  conftest.cc >&5
configure:5898: $? = 0
configure:5902: test -z 
			 || test ! -s conftest.err
configure:5905: $? = 0
configure:5908: test -s conftest.o
configure:5911: $? = 0
configure:5937: g++ -c -g -O2  conftest.cc >&5
conftest.cc: In function `int main()':
conftest.cc:16: error: `exit' was not declared in this scope
configure:5943: $? = 1
configure: failed program was:
| /* confdefs.h.  */
| 
| #define PACKAGE_NAME "flex"
| #define PACKAGE_TARNAME "flex"
| #define PACKAGE_VERSION "2.5.31"
| #define PACKAGE_STRING "flex 2.5.31"
| #define PACKAGE_BUGREPORT "lex-help@lists.sourceforge.net"
| #define PACKAGE "flex"
| #define VERSION "2.5.31"
| #define YYTEXT_POINTER 1
| /* end confdefs.h.  */
| 
| int
| main ()
| {
| exit (42);
|   ;
|   return 0;
| }
configure:5892: g++ -c -g -O2  conftest.cc >&5
configure:5898: $? = 0
configure:5902: test -z 
			 || test ! -s conftest.err
configure:5905: $? = 0
configure:5908: test -s conftest.o
configure:5911: $? = 0
configure:5937: g++ -c -g -O2  conftest.cc >&5
configure:5943: $? = 0
configure:5947: test -z 
			 || test ! -s conftest.err
configure:5950: $? = 0
configure:5953: test -s conftest.o
configure:5956: $? = 0
configure:5981: checking dependency style of g++
configure:6064: result: gcc3
configure:6081: checking whether ln -s works
configure:6085: result: yes
configure:6133: checking for ranlib
configure:6149: found /usr/bin/ranlib
configure:6160: result: ranlib
configure:6175: checking for bison
configure:6193: found /usr/bin/bison
configure:6206: result: /usr/bin/bison
configure:6215: checking for help2man
configure:6246: result: help2man
configure:6257: checking for gnum4
configure:6290: result: no
configure:6257: checking for gm4
configure:6290: result: no
configure:6257: checking for m4
configure:6275: found /usr/bin/m4
configure:6287: result: /usr/bin/m4
configure:6300: checking for indent
configure:6318: found /usr/bin/indent
configure:6331: result: /usr/bin/indent
configure:6339: checking if /usr/bin/indent is GNU indent
configure:6342: result: yes
configure:6356: checking for log in -lm
configure:6386: gcc -o conftest -g -O2   conftest.c -lm   >&5
conftest.c:22: warning: conflicting types for built-in function 'log'
configure:6392: $? = 0
configure:6396: test -z 
			 || test ! -s conftest.err
configure:6399: $? = 0
configure:6402: test -s conftest
configure:6405: $? = 0
configure:6418: result: yes
configure:6436: checking how to run the C preprocessor
configure:6471: gcc -E  conftest.c
configure:6477: $? = 0
configure:6509: gcc -E  conftest.c
conftest.c:16:28: ac_nonexistent.h: No such file or directory
configure:6515: $? = 1
configure: failed program was:
| /* confdefs.h.  */
| 
| #define PACKAGE_NAME "flex"
| #define PACKAGE_TARNAME "flex"
| #define PACKAGE_VERSION "2.5.31"
| #define PACKAGE_STRING "flex 2.5.31"
| #define PACKAGE_BUGREPORT "lex-help@lists.sourceforge.net"
| #define PACKAGE "flex"
| #define VERSION "2.5.31"
| #define YYTEXT_POINTER 1
| #ifdef __cplusplus
| extern "C" void std::exit (int) throw (); using std::exit;
| #endif
| #define HAVE_LIBM 1
| /* end confdefs.h.  */
| #include <ac_nonexistent.h>
configure:6554: result: gcc -E
configure:6578: gcc -E  conftest.c
configure:6584: $? = 0
configure:6616: gcc -E  conftest.c
conftest.c:16:28: ac_nonexistent.h: No such file or directory
configure:6622: $? = 1
configure: failed program was:
| /* confdefs.h.  */
| 
| #define PACKAGE_NAME "flex"
| #define PACKAGE_TARNAME "flex"
| #define PACKAGE_VERSION "2.5.31"
| #define PACKAGE_STRING "flex 2.5.31"
| #define PACKAGE_BUGREPORT "lex-help@lists.sourceforge.net"
| #define PACKAGE "flex"
| #define VERSION "2.5.31"
| #define YYTEXT_POINTER 1
| #ifdef __cplusplus
| extern "C" void std::exit (int) throw (); using std::exit;
| #endif
| #define HAVE_LIBM 1
| /* end confdefs.h.  */
| #include <ac_nonexistent.h>
configure:6666: checking for egrep
configure:6676: result: grep -E
configure:6681: checking for ANSI C header files
configure:6706: gcc -c -g -O2  conftest.c >&5
configure:6712: $? = 0
configure:6716: test -z 
			 || test ! -s conftest.err
configure:6719: $? = 0
configure:6722: test -s conftest.o
configure:6725: $? = 0
configure:6814: gcc -o conftest -g -O2   conftest.c -lm  >&5
configure:6817: $? = 0
configure:6819: ./conftest
configure:6822: $? = 0
configure:6837: result: yes
configure:6861: checking for sys/types.h
configure:6877: gcc -c -g -O2  conftest.c >&5
configure:6883: $? = 0
configure:6887: test -z 
			 || test ! -s conftest.err
configure:6890: $? = 0
configure:6893: test -s conftest.o
configure:6896: $? = 0
configure:6907: result: yes
configure:6861: checking for sys/stat.h
configure:6877: gcc -c -g -O2  conftest.c >&5
configure:6883: $? = 0
configure:6887: test -z 
			 || test ! -s conftest.err
configure:6890: $? = 0
configure:6893: test -s conftest.o
configure:6896: $? = 0
configure:6907: result: yes
configure:6861: checking for stdlib.h
configure:6877: gcc -c -g -O2  conftest.c >&5
configure:6883: $? = 0
configure:6887: test -z 
			 || test ! -s conftest.err
configure:6890: $? = 0
configure:6893: test -s conftest.o
configure:6896: $? = 0
configure:6907: result: yes
configure:6861: checking for string.h
configure:6877: gcc -c -g -O2  conftest.c >&5
configure:6883: $? = 0
configure:6887: test -z 
			 || test ! -s conftest.err
configure:6890: $? = 0
configure:6893: test -s conftest.o
configure:6896: $? = 0
configure:6907: result: yes
configure:6861: checking for memory.h
configure:6877: gcc -c -g -O2  conftest.c >&5
configure:6883: $? = 0
configure:6887: test -z 
			 || test ! -s conftest.err
configure:6890: $? = 0
configure:6893: test -s conftest.o
configure:6896: $? = 0
configure:6907: result: yes
configure:6861: checking for strings.h
configure:6877: gcc -c -g -O2  conftest.c >&5
configure:6883: $? = 0
configure:6887: test -z 
			 || test ! -s conftest.err
configure:6890: $? = 0
configure:6893: test -s conftest.o
configure:6896: $? = 0
configure:6907: result: yes
configure:6861: checking for inttypes.h
configure:6877: gcc -c -g -O2  conftest.c >&5
configure:6883: $? = 0
configure:6887: test -z 
			 || test ! -s conftest.err
configure:6890: $? = 0
configure:6893: test -s conftest.o
configure:6896: $? = 0
configure:6907: result: yes
configure:6861: checking for stdint.h
configure:6877: gcc -c -g -O2  conftest.c >&5
configure:6883: $? = 0
configure:6887: test -z 
			 || test ! -s conftest.err
configure:6890: $? = 0
configure:6893: test -s conftest.o
configure:6896: $? = 0
configure:6907: result: yes
configure:6861: checking for unistd.h
configure:6877: gcc -c -g -O2  conftest.c >&5
configure:6883: $? = 0
configure:6887: test -z 
			 || test ! -s conftest.err
configure:6890: $? = 0
configure:6893: test -s conftest.o
configure:6896: $? = 0
configure:6907: result: yes
configure:6927: checking for unistd.h
configure:6932: result: yes
configure:6936: checking stdbool.h usability
configure:6948: gcc -c -g -O2  conftest.c >&5
configure:6954: $? = 0
configure:6958: test -z 
			 || test ! -s conftest.err
configure:6961: $? = 0
configure:6964: test -s conftest.o
configure:6967: $? = 0
configure:6977: result: yes
configure:6981: checking stdbool.h presence
configure:6991: gcc -E  conftest.c
configure:6997: $? = 0
configure:7017: result: yes
configure:7052: checking for stdbool.h
configure:7059: result: yes
configure:6936: checking netinet/in.h usability
configure:6948: gcc -c -g -O2  conftest.c >&5
configure:6954: $? = 0
configure:6958: test -z 
			 || test ! -s conftest.err
configure:6961: $? = 0
configure:6964: test -s conftest.o
configure:6967: $? = 0
configure:6977: result: yes
configure:6981: checking netinet/in.h presence
configure:6991: gcc -E  conftest.c
configure:6997: $? = 0
configure:7017: result: yes
configure:7052: checking for netinet/in.h
configure:7059: result: yes
configure:6936: checking limits.h usability
configure:6948: gcc -c -g -O2  conftest.c >&5
configure:6954: $? = 0
configure:6958: test -z 
			 || test ! -s conftest.err
configure:6961: $? = 0
configure:6964: test -s conftest.o
configure:6967: $? = 0
configure:6977: result: yes
configure:6981: checking limits.h presence
configure:6991: gcc -E  conftest.c
configure:6997: $? = 0
configure:7017: result: yes
configure:7052: checking for limits.h
configure:7059: result: yes
configure:7087: checking sys/wait.h usability
configure:7099: gcc -c -g -O2  conftest.c >&5
configure:7105: $? = 0
configure:7109: test -z 
			 || test ! -s conftest.err
configure:7112: $? = 0
configure:7115: test -s conftest.o
configure:7118: $? = 0
configure:7128: result: yes
configure:7132: checking sys/wait.h presence
configure:7142: gcc -E  conftest.c
configure:7148: $? = 0
configure:7168: result: yes
configure:7203: checking for sys/wait.h
configure:7210: result: yes
configure:7087: checking sys/params.h usability
configure:7099: gcc -c -g -O2  conftest.c >&5
conftest.c:65:24: sys/params.h: No such file or directory
configure:7105: $? = 1
configure: failed program was:
| /* confdefs.h.  */
| 
| #define PACKAGE_NAME "flex"
| #define PACKAGE_TARNAME "flex"
| #define PACKAGE_VERSION "2.5.31"
| #define PACKAGE_STRING "flex 2.5.31"
| #define PACKAGE_BUGREPORT "lex-help@lists.sourceforge.net"
| #define PACKAGE "flex"
| #define VERSION "2.5.31"
| #define YYTEXT_POINTER 1
| #ifdef __cplusplus
| extern "C" void std::exit (int) throw (); using std::exit;
| #endif
| #define HAVE_LIBM 1
| #define STDC_HEADERS 1
| #define HAVE_SYS_TYPES_H 1
| #define HAVE_SYS_STAT_H 1
| #define HAVE_STDLIB_H 1
| #define HAVE_STRING_H 1
| #define HAVE_MEMORY_H 1
| #define HAVE_STRINGS_H 1
| #define HAVE_INTTYPES_H 1
| #define HAVE_STDINT_H 1
| #define HAVE_UNISTD_H 1
| #define HAVE_UNISTD_H 1
| #define HAVE_STDBOOL_H 1
| #define HAVE_NETINET_IN_H 1
| #define HAVE_LIMITS_H 1
| #define HAVE_SYS_WAIT_H 1
| /* end confdefs.h.  */
| #include <stdio.h>
| #if HAVE_SYS_TYPES_H
| # include <sys/types.h>
| #endif
| #if HAVE_SYS_STAT_H
| # include <sys/stat.h>
| #endif
| #if STDC_HEADERS
| # include <stdlib.h>
| # include <stddef.h>
| #else
| # if HAVE_STDLIB_H
| #  include <stdlib.h>
| # endif
| #endif
| #if HAVE_STRING_H
| # if !STDC_HEADERS && HAVE_MEMORY_H
| #  include <memory.h>
| # endif
| # include <string.h>
| #endif
| #if HAVE_STRINGS_H
| # include <strings.h>
| #endif
| #if HAVE_INTTYPES_H
| # include <inttypes.h>
| #else
| # if HAVE_STDINT_H
| #  include <stdint.h>
| # endif
| #endif
| #if HAVE_UNISTD_H
| # include <unistd.h>
| #endif
| #include <sys/params.h>
configure:7128: result: no
configure:7132: checking sys/params.h presence
configure:7142: gcc -E  conftest.c
conftest.c:31:24: sys/params.h: No such file or directory
configure:7148: $? = 1
configure: failed program was:
| /* confdefs.h.  */
| 
| #define PACKAGE_NAME "flex"
| #define PACKAGE_TARNAME "flex"
| #define PACKAGE_VERSION "2.5.31"
| #define PACKAGE_STRING "flex 2.5.31"
| #define PACKAGE_BUGREPORT "lex-help@lists.sourceforge.net"
| #define PACKAGE "flex"
| #define VERSION "2.5.31"
| #define YYTEXT_POINTER 1
| #ifdef __cplusplus
| extern "C" void std::exit (int) throw (); using std::exit;
| #endif
| #define HAVE_LIBM 1
| #define STDC_HEADERS 1
| #define HAVE_SYS_TYPES_H 1
| #define HAVE_SYS_STAT_H 1
| #define HAVE_STDLIB_H 1
| #define HAVE_STRING_H 1
| #define HAVE_MEMORY_H 1
| #define HAVE_STRINGS_H 1
| #define HAVE_INTTYPES_H 1
| #define HAVE_STDINT_H 1
| #define HAVE_UNISTD_H 1
| #define HAVE_UNISTD_H 1
| #define HAVE_STDBOOL_H 1
| #define HAVE_NETINET_IN_H 1
| #define HAVE_LIMITS_H 1
| #define HAVE_SYS_WAIT_H 1
| /* end confdefs.h.  */
| #include <sys/params.h>
configure:7168: result: no
configure:7203: checking for sys/params.h
configure:7210: result: no
configure:7237: checking cunistd usability
configure:7249: gcc -c -g -O2  conftest.c >&5
conftest.c:65:19: cunistd: No such file or directory
configure:7255: $? = 1
configure: failed program was:
| /* confdefs.h.  */
| 
| #define PACKAGE_NAME "flex"
| #define PACKAGE_TARNAME "flex"
| #define PACKAGE_VERSION "2.5.31"
| #define PACKAGE_STRING "flex 2.5.31"
| #define PACKAGE_BUGREPORT "lex-help@lists.sourceforge.net"
| #define PACKAGE "flex"
| #define VERSION "2.5.31"
| #define YYTEXT_POINTER 1
| #ifdef __cplusplus
| extern "C" void std::exit (int) throw (); using std::exit;
| #endif
| #define HAVE_LIBM 1
| #define STDC_HEADERS 1
| #define HAVE_SYS_TYPES_H 1
| #define HAVE_SYS_STAT_H 1
| #define HAVE_STDLIB_H 1
| #define HAVE_STRING_H 1
| #define HAVE_MEMORY_H 1
| #define HAVE_STRINGS_H 1
| #define HAVE_INTTYPES_H 1
| #define HAVE_STDINT_H 1
| #define HAVE_UNISTD_H 1
| #define HAVE_UNISTD_H 1
| #define HAVE_STDBOOL_H 1
| #define HAVE_NETINET_IN_H 1
| #define HAVE_LIMITS_H 1
| #define HAVE_SYS_WAIT_H 1
| /* end confdefs.h.  */
| #include <stdio.h>
| #if HAVE_SYS_TYPES_H
| # include <sys/types.h>
| #endif
| #if HAVE_SYS_STAT_H
| # include <sys/stat.h>
| #endif
| #if STDC_HEADERS
| # include <stdlib.h>
| # include <stddef.h>
| #else
| # if HAVE_STDLIB_H
| #  include <stdlib.h>
| # endif
| #endif
| #if HAVE_STRING_H
| # if !STDC_HEADERS && HAVE_MEMORY_H
| #  include <memory.h>
| # endif
| # include <string.h>
| #endif
| #if HAVE_STRINGS_H
| # include <strings.h>
| #endif
| #if HAVE_INTTYPES_H
| # include <inttypes.h>
| #else
| # if HAVE_STDINT_H
| #  include <stdint.h>
| # endif
| #endif
| #if HAVE_UNISTD_H
| # include <unistd.h>
| #endif
| #include <cunistd>
configure:7278: result: no
configure:7282: checking cunistd presence
configure:7292: gcc -E  conftest.c
conftest.c:31:19: cunistd: No such file or directory
configure:7298: $? = 1
configure: failed program was:
| /* confdefs.h.  */
| 
| #define PACKAGE_NAME "flex"
| #define PACKAGE_TARNAME "flex"
| #define PACKAGE_VERSION "2.5.31"
| #define PACKAGE_STRING "flex 2.5.31"
| #define PACKAGE_BUGREPORT "lex-help@lists.sourceforge.net"
| #define PACKAGE "flex"
| #define VERSION "2.5.31"
| #define YYTEXT_POINTER 1
| #ifdef __cplusplus
| extern "C" void std::exit (int) throw (); using std::exit;
| #endif
| #define HAVE_LIBM 1
| #define STDC_HEADERS 1
| #define HAVE_SYS_TYPES_H 1
| #define HAVE_SYS_STAT_H 1
| #define HAVE_STDLIB_H 1
| #define HAVE_STRING_H 1
| #define HAVE_MEMORY_H 1
| #define HAVE_STRINGS_H 1
| #define HAVE_INTTYPES_H 1
| #define HAVE_STDINT_H 1
| #define HAVE_UNISTD_H 1
| #define HAVE_UNISTD_H 1
| #define HAVE_STDBOOL_H 1
| #define HAVE_NETINET_IN_H 1
| #define HAVE_LIMITS_H 1
| #define HAVE_SYS_WAIT_H 1
| /* end confdefs.h.  */
| #include <cunistd>
configure:7318: result: no
configure:7353: checking for cunistd
configure:7360: result: no
configure:7375: checking for size_t
configure:7399: gcc -c -g -O2  conftest.c >&5
configure:7405: $? = 0
configure:7409: test -z 
			 || test ! -s conftest.err
configure:7412: $? = 0
configure:7415: test -s conftest.o
configure:7418: $? = 0
configure:7429: result: yes
configure:7443: checking whether __func__ is declared
configure:7467: gcc -c -g -O2  conftest.c >&5
configure:7473: $? = 0
configure:7477: test -z 
			 || test ! -s conftest.err
configure:7480: $? = 0
configure:7483: test -s conftest.o
configure:7486: $? = 0
configure:7497: result: yes
configure:7642: creating ./config.status

## ---------------------- ##
## Running config.status. ##
## ---------------------- ##

This file was extended by flex config.status 2.5.31, which was
generated by GNU Autoconf 2.59.  Invocation command line was

  CONFIG_FILES    = 
  CONFIG_HEADERS  = 
  CONFIG_LINKS    = 
  CONFIG_COMMANDS = 
  $ ./config.status 

on localhost.localdomain

config.status:779: creating flex.spec
config.status:779: creating Makefile
config.status:779: creating doc/Makefile
config.status:779: creating examples/Makefile
config.status:779: creating examples/fastwc/Makefile
config.status:779: creating examples/manual/Makefile
config.status:779: creating m4/Makefile
config.status:779: creating po/Makefile.in
config.status:779: creating tools/Makefile
config.status:779: creating tests/Makefile
config.status:779: creating tests/TEMPLATE/Makefile
config.status:779: creating tests/test-array-nr/Makefile
config.status:779: creating tests/test-array-r/Makefile
config.status:779: creating tests/test-basic-nr/Makefile
config.status:779: creating tests/test-basic-r/Makefile
config.status:779: creating tests/test-bison-yylloc/Makefile
config.status:779: creating tests/test-bison-yylval/Makefile
config.status:779: creating tests/test-c-cpp-nr/Makefile
config.status:779: creating tests/test-c-cpp-r/Makefile
config.status:779: creating tests/test-header-nr/Makefile
config.status:779: creating tests/test-header-r/Makefile
config.status:779: creating tests/test-include-by-buffer/Makefile
config.status:779: creating tests/test-include-by-push/Makefile
config.status:779: creating tests/test-include-by-reentrant/Makefile
config.status:779: creating tests/test-multiple-scanners-nr/Makefile
config.status:779: creating tests/test-multiple-scanners-r/Makefile
config.status:779: creating tests/test-noansi-nr/Makefile
config.status:779: creating tests/test-noansi-r/Makefile
config.status:779: creating tests/test-prefix-nr/Makefile
config.status:779: creating tests/test-prefix-r/Makefile
config.status:779: creating tests/test-pthread/Makefile
config.status:779: creating tests/test-string-nr/Makefile
config.status:779: creating tests/test-string-r/Makefile
config.status:779: creating tests/test-yyextra/Makefile
config.status:779: creating tests/test-lineno-nr/Makefile
config.status:779: creating tests/test-lineno-r/Makefile
config.status:779: creating tests/test-linedir-r/Makefile
config.status:779: creating tests/test-debug-r/Makefile
config.status:779: creating tests/test-debug-nr/Makefile
config.status:779: creating tests/test-mem-nr/Makefile
config.status:779: creating tests/test-mem-r/Makefile
config.status:779: creating tests/test-posix/Makefile
config.status:779: creating tests/test-posixly-correct/Makefile
config.status:779: creating tests/test-table-opts/Makefile
config.status:779: creating tests/test-c++-basic/Makefile
config.status:779: creating tests/test-bison-nr/Makefile
config.status:779: creating tests/test-reject/Makefile
config.status:779: creating tests/test-c++-multiple-scanners/Makefile
config.status:779: creating tests/test-top/Makefile
config.status:883: creating config.h
config.status:1183: executing default-1 commands
config.status:1183: executing depfiles commands

## ---------------- ##
## Cache variables. ##
## ---------------- ##

ac_cv_build=i686-pc-linux-gnu
ac_cv_build_alias=i686-pc-linux-gnu
ac_cv_c_compiler_gnu=yes
ac_cv_cxx_compiler_gnu=yes
ac_cv_env_CC_set=
ac_cv_env_CC_value=
ac_cv_env_CFLAGS_set=
ac_cv_env_CFLAGS_value=
ac_cv_env_CPPFLAGS_set=
ac_cv_env_CPPFLAGS_value=
ac_cv_env_CPP_set=
ac_cv_env_CPP_value=
ac_cv_env_CXXFLAGS_set=
ac_cv_env_CXXFLAGS_value=
ac_cv_env_CXX_set=
ac_cv_env_CXX_value=
ac_cv_env_LDFLAGS_set=
ac_cv_env_LDFLAGS_value=
ac_cv_env_build_alias_set=
ac_cv_env_build_alias_value=
ac_cv_env_host_alias_set=
ac_cv_env_host_alias_value=
ac_cv_env_target_alias_set=
ac_cv_env_target_alias_value=
ac_cv_exeext=
ac_cv_have_decl___func__=yes
ac_cv_header_cunistd=no
ac_cv_header_inttypes_h=yes
ac_cv_header_limits_h=yes
ac_cv_header_memory_h=yes
ac_cv_header_netinet_in_h=yes
ac_cv_header_stdbool_h=yes
ac_cv_header_stdc=yes
ac_cv_header_stdint_h=yes
ac_cv_header_stdlib_h=yes
ac_cv_header_string_h=yes
ac_cv_header_strings_h=yes
ac_cv_header_sys_params_h=no
ac_cv_header_sys_stat_h=yes
ac_cv_header_sys_types_h=yes
ac_cv_header_sys_wait_h=yes
ac_cv_header_unistd_h=yes
ac_cv_host=i686-pc-linux-gnu
ac_cv_host_alias=i686-pc-linux-gnu
ac_cv_lib_fl_yywrap=yes
ac_cv_lib_m_log=yes
ac_cv_objext=o
ac_cv_path_BISON=/usr/bin/bison
ac_cv_path_GMSGFMT=/usr/bin/msgfmt
ac_cv_path_HELP2MAN=help2man
ac_cv_path_INDENT=/usr/bin/indent
ac_cv_path_M4=/usr/bin/m4
ac_cv_path_MSGFMT=/usr/bin/msgfmt
ac_cv_path_MSGMERGE=/usr/bin/msgmerge
ac_cv_path_XGETTEXT=/usr/bin/xgettext
ac_cv_path_install='/usr/bin/install -c'
ac_cv_prog_AWK=gawk
ac_cv_prog_CPP='gcc -E'
ac_cv_prog_LEX=flex
ac_cv_prog_YACC='bison -y'
ac_cv_prog_ac_ct_CC=gcc
ac_cv_prog_ac_ct_CXX=g++
ac_cv_prog_ac_ct_RANLIB=ranlib
ac_cv_prog_cc_g=yes
ac_cv_prog_cc_stdc=
ac_cv_prog_cxx_g=yes
ac_cv_prog_egrep='grep -E'
ac_cv_prog_lex_root=lex.yy
ac_cv_prog_lex_yytext_pointer=yes
ac_cv_prog_make_make_set=yes
ac_cv_type_size_t=yes
acl_cv_hardcode_direct=no
acl_cv_hardcode_libdir_flag_spec='${wl}-rpath ${wl}$libdir'
acl_cv_hardcode_libdir_separator=
acl_cv_hardcode_minus_L=no
acl_cv_libext=a
acl_cv_path_LD=/usr/bin/ld
acl_cv_prog_gnu_ld=yes
acl_cv_rpath=done
acl_cv_shlibext=so
acl_cv_sys_lib_dlsearch_path_spec='/lib /usr/lib'
acl_cv_sys_lib_search_path_spec='/lib /usr/lib /usr/local/lib'
acl_cv_wl=-Wl,
am_cv_CC_dependencies_compiler_type=gcc3
am_cv_CXX_dependencies_compiler_type=gcc3

## ----------------- ##
## Output variables. ##
## ----------------- ##

ACLOCAL='${SHELL} /home/AthSDK/apps/flex/missing --run aclocal-1.7'
AMDEPBACKSLASH='\'
AMDEP_FALSE='#'
AMDEP_TRUE=''
AMTAR='${SHELL} /home/AthSDK/apps/flex/missing --run tar'
AUTOCONF='${SHELL} /home/AthSDK/apps/flex/missing --run autoconf'
AUTOHEADER='${SHELL} /home/AthSDK/apps/flex/missing --run autoheader'
AUTOMAKE='${SHELL} /home/AthSDK/apps/flex/missing --run automake-1.7'
AWK='gawk'
BISON='/usr/bin/bison'
CC='gcc'
CCDEPMODE='depmode=gcc3'
CFLAGS='-g -O2'
CPP='gcc -E'
CPPFLAGS=''
CXX='g++'
CXXDEPMODE='depmode=gcc3'
CXXFLAGS='-g -O2'
CYGPATH_W='echo'
DEFS='-DHAVE_CONFIG_H'
DEPDIR='.deps'
ECHO_C=''
ECHO_N='-n'
ECHO_T=''
EGREP='grep -E'
EXEEXT=''
GMSGFMT='/usr/bin/msgfmt'
HELP2MAN='help2man'
INDENT='/usr/bin/indent'
INSTALL_DATA='${INSTALL} -m 644'
INSTALL_PROGRAM='${INSTALL}'
INSTALL_SCRIPT='${INSTALL}'
INSTALL_STRIP_PROGRAM='${SHELL} $(install_sh) -c -s'
INTLLIBS=''
LDFLAGS=''
LEX='flex'
LEXLIB='-lfl'
LEX_OUTPUT_ROOT='lex.yy'
LIBICONV='-liconv'
LIBINTL=''
LIBOBJS=''
LIBS='-lm '
LN_S='ln -s'
LTLIBICONV='-liconv'
LTLIBINTL=''
LTLIBOBJS=''
M4='/usr/bin/m4'
MAKEINFO='${SHELL} /home/AthSDK/apps/flex/missing --run makeinfo'
MKINSTALLDIRS='./mkinstalldirs'
MSGFMT='/usr/bin/msgfmt'
MSGMERGE='/usr/bin/msgmerge'
OBJEXT='o'
PACKAGE='flex'
PACKAGE_BUGREPORT='lex-help@lists.sourceforge.net'
PACKAGE_NAME='flex'
PACKAGE_STRING='flex 2.5.31'
PACKAGE_TARNAME='flex'
PACKAGE_VERSION='2.5.31'
PATH_SEPARATOR=':'
POSUB=''
RANLIB='ranlib'
SET_MAKE=''
SHELL='/bin/sh'
STRIP=''
USE_NLS='no'
VERSION='2.5.31'
XGETTEXT='/usr/bin/xgettext'
YACC='bison -y'
ac_ct_CC='gcc'
ac_ct_CXX='g++'
ac_ct_RANLIB='ranlib'
ac_ct_STRIP=''
am__fastdepCC_FALSE='#'
am__fastdepCC_TRUE=''
am__fastdepCXX_FALSE='#'
am__fastdepCXX_TRUE=''
am__include='include'
am__leading_dot='.'
am__quote=''
bindir='${exec_prefix}/bin'
build='i686-pc-linux-gnu'
build_alias=''
build_cpu='i686'
build_os='linux-gnu'
build_vendor='pc'
datadir='${prefix}/share'
exec_prefix='${prefix}'
host='i686-pc-linux-gnu'
host_alias=''
host_cpu='i686'
host_os='linux-gnu'
host_vendor='pc'
includedir='${prefix}/include'
infodir='${prefix}/info'
install_sh='/home/AthSDK/apps/flex/install-sh'
libdir='${exec_prefix}/lib'
libexecdir='${exec_prefix}/libexec'
localstatedir='${prefix}/var'
mandir='${prefix}/man'
oldincludedir='/usr/include'
prefix='/usr/local'
program_transform_name='s,x,x,'
sbindir='${exec_prefix}/sbin'
sharedstatedir='${prefix}/com'
sysconfdir='${prefix}/etc'
target_alias=''

## ----------- ##
## confdefs.h. ##
## ----------- ##

#define HAVE_DECL___FUNC__ 1
#define HAVE_INTTYPES_H 1
#define HAVE_LIBM 1
#define HAVE_LIMITS_H 1
#define HAVE_MEMORY_H 1
#define HAVE_NETINET_IN_H 1
#define HAVE_STDBOOL_H 1
#define HAVE_STDINT_H 1
#define HAVE_STDLIB_H 1
#define HAVE_STRINGS_H 1
#define HAVE_STRING_H 1
#define HAVE_SYS_STAT_H 1
#define HAVE_SYS_TYPES_H 1
#define HAVE_SYS_WAIT_H 1
#define HAVE_UNISTD_H 1
#define HAVE_UNISTD_H 1
#define PACKAGE "flex"
#define PACKAGE_BUGREPORT "lex-help@lists.sourceforge.net"
#define PACKAGE_NAME "flex"
#define PACKAGE_STRING "flex 2.5.31"
#define PACKAGE_TARNAME "flex"
#define PACKAGE_VERSION "2.5.31"
#define STDC_HEADERS 1
#define VERSION "2.5.31"
#define YYTEXT_POINTER 1
#endif
#ifdef __cplusplus
extern "C" void std::exit (int) throw (); using std::exit;

configure: exit 0

## ---------------------- ##
## Running config.status. ##
## ---------------------- ##

This file was extended by flex config.status 2.5.31, which was
generated by GNU Autoconf 2.59.  Invocation command line was

  CONFIG_FILES    = 
  CONFIG_HEADERS  = 
  CONFIG_LINKS    = 
  CONFIG_COMMANDS = 
  $ ./config.status config.h

on localhost.localdomain

config.status:883: creating config.h
config.status:1003: config.h is unchanged

## ---------------------- ##
## Running config.status. ##
## ---------------------- ##

This file was extended by flex config.status 2.5.31, which was
generated by GNU Autoconf 2.59.  Invocation command line was

  CONFIG_FILES    = po/Makefile.in
  CONFIG_HEADERS  = 
  CONFIG_LINKS    = 
  CONFIG_COMMANDS = 
  $ ./config.status 

on localhost.localdomain

config.status:779: creating po/Makefile.in
config.status:1183: executing default-1 commands
config.status:1183: executing depfiles commands

## ---------------------- ##
## Running config.status. ##
## ---------------------- ##

This file was extended by flex config.status 2.5.31, which was
generated by GNU Autoconf 2.59.  Invocation command line was

  CONFIG_FILES    = 
  CONFIG_HEADERS  = 
  CONFIG_LINKS    = 
  CONFIG_COMMANDS = 
  $ ./config.status config.h

on localhost.localdomain

config.status:883: creating config.h
config.status:1003: config.h is unchanged

## ---------------------- ##
## Running config.status. ##
## ---------------------- ##

This file was extended by flex config.status 2.5.31, which was
generated by GNU Autoconf 2.59.  Invocation command line was

  CONFIG_FILES    = po/Makefile.in
  CONFIG_HEADERS  = 
  CONFIG_LINKS    = 
  CONFIG_COMMANDS = 
  $ ./config.status 

on localhost.localdomain

config.status:779: creating po/Makefile.in
config.status:1183: executing default-1 commands
config.status:1183: executing depfiles commands

## ---------------------- ##
## Running config.status. ##
## ---------------------- ##

This file was extended by flex config.status 2.5.31, which was
generated by GNU Autoconf 2.59.  Invocation command line was

  CONFIG_FILES    = po/Makefile.in
  CONFIG_HEADERS  = 
  CONFIG_LINKS    = 
  CONFIG_COMMANDS = 
  $ ./config.status 

on localhost.localdomain

config.status:779: creating po/Makefile.in
config.status:1183: executing default-1 commands
config.status:1183: executing depfiles commands

## ---------------------- ##
## Running config.status. ##
## ---------------------- ##

This file was extended by flex config.status 2.5.31, which was
generated by GNU Autoconf 2.59.  Invocation command line was

  CONFIG_FILES    = 
  CONFIG_HEADERS  = 
  CONFIG_LINKS    = 
  CONFIG_COMMANDS = 
  $ ./config.status config.h

on localhost.localdomain

config.status:883: creating config.h
config.status:1003: config.h is unchanged

## ---------------------- ##
## Running config.status. ##
## ---------------------- ##

This file was extended by flex config.status 2.5.31, which was
generated by GNU Autoconf 2.59.  Invocation command line was

  CONFIG_FILES    = po/Makefile.in
  CONFIG_HEADERS  = 
  CONFIG_LINKS    = 
  CONFIG_COMMANDS = 
  $ ./config.status 

on localhost.localdomain

config.status:779: creating po/Makefile.in
config.status:1183: executing default-1 commands
config.status:1183: executing depfiles commands

## ---------------------- ##
## Running config.status. ##
## ---------------------- ##

This file was extended by flex config.status 2.5.31, which was
generated by GNU Autoconf 2.59.  Invocation command line was

  CONFIG_FILES    = 
  CONFIG_HEADERS  = 
  CONFIG_LINKS    = 
  CONFIG_COMMANDS = 
  $ ./config.status config.h

on localhost.localdomain

config.status:883: creating config.h
config.status:1003: config.h is unchanged

## ---------------------- ##
## Running config.status. ##
## ---------------------- ##

This file was extended by flex config.status 2.5.31, which was
generated by GNU Autoconf 2.59.  Invocation command line was

  CONFIG_FILES    = 
  CONFIG_HEADERS  = 
  CONFIG_LINKS    = 
  CONFIG_COMMANDS = 
  $ ./config.status config.h

on Tina_Tsao

config.status:883: creating config.h
config.status:1003: config.h is unchanged

## ---------------------- ##
## Running config.status. ##
## ---------------------- ##

This file was extended by flex config.status 2.5.31, which was
generated by GNU Autoconf 2.59.  Invocation command line was

  CONFIG_FILES    = po/Makefile.in
  CONFIG_HEADERS  = 
  CONFIG_LINKS    = 
  CONFIG_COMMANDS = 
  $ ./config.status 

on Tina_Tsao

config.status:779: creating po/Makefile.in
config.status:1183: executing default-1 commands
config.status:1183: executing depfiles commands
